      Time   ANCHTEN1   ANCHTEN2   ANCHTEN3   FAIRTEN1   FAIRTEN2   FAIRTEN3
       (s)        (N)        (N)        (N)        (N)        (N)        (N)
    0.0000 0.134762E+07 0.134766E+07 0.134766E+07 0.243587E+07 0.243591E+07 0.243591E+07
    0.0125 0.134768E+07 0.134772E+07 0.134772E+07 0.243353E+07 0.243992E+07 0.243882E+07
    0.0250 0.134776E+07 0.134780E+07 0.134780E+07 0.243367E+07 0.244026E+07 0.243911E+07
    0.0375 0.134784E+07 0.134788E+07 0.134788E+07 0.243339E+07 0.244171E+07 0.244021E+07
    0.0500 0.134794E+07 0.134798E+07 0.134798E+07 0.243384E+07 0.244268E+07 0.244100E+07
    0.0625 0.134804E+07 0.134808E+07 0.134808E+07 0.243514E+07 0.244302E+07 0.244138E+07
    0.0750 0.134815E+07 0.134819E+07 0.134819E+07 0.243748E+07 0.244259E+07 0.244123E+07
    0.0875 0.134826E+07 0.134831E+07 0.134831E+07 0.244094E+07 0.244131E+07 0.244052E+07
    0.1000 0.134839E+07 0.134843E+07 0.134843E+07 0.244556E+07 0.243914E+07 0.243922E+07
    0.1125 0.134852E+07 0.134856E+07 0.134856E+07 0.245134E+07 0.243611E+07 0.243733E+07
    0.1250 0.134866E+07 0.134870E+07 0.134870E+07 0.245820E+07 0.243225E+07 0.243488E+07
    0.1375 0.134881E+07 0.134885E+07 0.134885E+07 0.246603E+07 0.242764E+07 0.243192E+07
    0.1500 0.134896E+07 0.134900E+07 0.134900E+07 0.247466E+07 0.242240E+07 0.242852E+07
    0.1625 0.134912E+07 0.134916E+07 0.134916E+07 0.248391E+07 0.241668E+07 0.242479E+07
    0.1750 0.134929E+07 0.134933E+07 0.134933E+07 0.249354E+07 0.241063E+07 0.242084E+07
    0.1875 0.134946E+07 0.134950E+07 0.134950E+07 0.250330E+07 0.240446E+07 0.241677E+07
    0.2000 0.134963E+07 0.134968E+07 0.134968E+07 0.251293E+07 0.239834E+07 0.241273E+07
    0.2125 0.134982E+07 0.134986E+07 0.134986E+07 0.252217E+07 0.239247E+07 0.240882E+07
    0.2250 0.135000E+07 0.135004E+07 0.135004E+07 0.253076E+07 0.238703E+07 0.240519E+07
    0.2375 0.135019E+07 0.135023E+07 0.135023E+07 0.253847E+07 0.238220E+07 0.240194E+07
    0.2500 0.135038E+07 0.135043E+07 0.135043E+07 0.254510E+07 0.237813E+07 0.239916E+07
    0.2625 0.135057E+07 0.135063E+07 0.135063E+07 0.255046E+07 0.237494E+07 0.239694E+07
    0.2750 0.135075E+07 0.135086E+07 0.135085E+07 0.255442E+07 0.237274E+07 0.239534E+07
    0.2875 0.135093E+07 0.135111E+07 0.135109E+07 0.255692E+07 0.237158E+07 0.239441E+07
    0.3000 0.135108E+07 0.135142E+07 0.135136E+07 0.255790E+07 0.237149E+07 0.239414E+07
    0.3125 0.135120E+07 0.135180E+07 0.135170E+07 0.255739E+07 0.237246E+07 0.239454E+07
    0.3250 0.135128E+07 0.135229E+07 0.135211E+07 0.255544E+07 0.237445E+07 0.239557E+07
    0.3375 0.135133E+07 0.135291E+07 0.135263E+07 0.255216E+07 0.237738E+07 0.239718E+07
    0.3500 0.135137E+07 0.135368E+07 0.135325E+07 0.254772E+07 0.238114E+07 0.239929E+07
    0.3625 0.135145E+07 0.135457E+07 0.135398E+07 0.254229E+07 0.238559E+07 0.240181E+07
    0.3750 0.135165E+07 0.135555E+07 0.135478E+07 0.253609E+07 0.239059E+07 0.240463E+07
    0.3875 0.135210E+07 0.135653E+07 0.135560E+07 0.252935E+07 0.239596E+07 0.240764E+07
    0.4000 0.135293E+07 0.135740E+07 0.135636E+07 0.252231E+07 0.240153E+07 0.241072E+07
    0.4125 0.135433E+07 0.135800E+07 0.135697E+07 0.251522E+07 0.240713E+07 0.241375E+07
    0.4250 0.135646E+07 0.135818E+07 0.135730E+07 0.250831E+07 0.241258E+07 0.241662E+07
    0.4375 0.135951E+07 0.135778E+07 0.135725E+07 0.250179E+07 0.241773E+07 0.241924E+07
    0.4500 0.136363E+07 0.135664E+07 0.135671E+07 0.249585E+07 0.242244E+07 0.242149E+07
    0.4625 0.136893E+07 0.135464E+07 0.135560E+07 0.249063E+07 0.242662E+07 0.242333E+07
    0.4750 0.137548E+07 0.135172E+07 0.135386E+07 0.248625E+07 0.243016E+07 0.242469E+07
    0.4875 0.138329E+07 0.134782E+07 0.135146E+07 0.248278E+07 0.243304E+07 0.242554E+07
    0.5000 0.139230E+07 0.134298E+07 0.134841E+07 0.248023E+07 0.243523E+07 0.242588E+07
    0.5125 0.140240E+07 0.133725E+07 0.134476E+07 0.247858E+07 0.243676E+07 0.242571E+07
    0.5250 0.141340E+07 0.133077E+07 0.134058E+07 0.247777E+07 0.243766E+07 0.242509E+07
    0.5375 0.142508E+07 0.132370E+07 0.133597E+07 0.247769E+07 0.243804E+07 0.242405E+07
    0.5500 0.143716E+07 0.131623E+07 0.133108E+07 0.247820E+07 0.243798E+07 0.242268E+07
    0.5625 0.144933E+07 0.130859E+07 0.132604E+07 0.247912E+07 0.243763E+07 0.242106E+07
    0.5750 0.146126E+07 0.130103E+07 0.132101E+07 0.248028E+07 0.243712E+07 0.241928E+07
    0.5875 0.147262E+07 0.129379E+07 0.131616E+07 0.248147E+07 0.243660E+07 0.241746E+07
    0.6000 0.148308E+07 0.128712E+07 0.131165E+07 0.248249E+07 0.243623E+07 0.241568E+07
    0.6125 0.149234E+07 0.128124E+07 0.130763E+07 0.248315E+07 0.243616E+07 0.241406E+07
    0.6250 0.150013E+07 0.127637E+07 0.130422E+07 0.248328E+07 0.243652E+07 0.241267E+07
    0.6375 0.150623E+07 0.127266E+07 0.130155E+07 0.248271E+07 0.243744E+07 0.241161E+07
    0.6500 0.151046E+07 0.127025E+07 0.129970E+07 0.248132E+07 0.243903E+07 0.241094E+07
    0.6625 0.151271E+07 0.126922E+07 0.129871E+07 0.247903E+07 0.244134E+07 0.241071E+07
    0.6750 0.151295E+07 0.126962E+07 0.129861E+07 0.247580E+07 0.244442E+07 0.241094E+07
    0.6875 0.151119E+07 0.127143E+07 0.129939E+07 0.247162E+07 0.244829E+07 0.241165E+07
    0.7000 0.150753E+07 0.127459E+07 0.130100E+07 0.246656E+07 0.245291E+07 0.241280E+07
    0.7125 0.150212E+07 0.127898E+07 0.130337E+07 0.246071E+07 0.245823E+07 0.241437E+07
    0.7250 0.149518E+07 0.128447E+07 0.130639E+07 0.245423E+07 0.246413E+07 0.241628E+07
    0.7375 0.148695E+07 0.129086E+07 0.130994E+07 0.244730E+07 0.247048E+07 0.241846E+07
    0.7500 0.147773E+07 0.129795E+07 0.131388E+07 0.244016E+07 0.247712E+07 0.242078E+07
    0.7625 0.146784E+07 0.130550E+07 0.131804E+07 0.243306E+07 0.248385E+07 0.242312E+07
    0.7750 0.145761E+07 0.131327E+07 0.132228E+07 0.242629E+07 0.249046E+07 0.242536E+07
    0.7875 0.144737E+07 0.132102E+07 0.132641E+07 0.242012E+07 0.249674E+07 0.242734E+07
    0.8000 0.143745E+07 0.132852E+07 0.133030E+07 0.241483E+07 0.250245E+07 0.242893E+07
    0.8125 0.142812E+07 0.133556E+07 0.133379E+07 0.241069E+07 0.250740E+07 0.242999E+07
    0.8250 0.141964E+07 0.134196E+07 0.133677E+07 0.240791E+07 0.251139E+07 0.243041E+07
    0.8375 0.141221E+07 0.134755E+07 0.133914E+07 0.240667E+07 0.251427E+07 0.243007E+07
    0.8500 0.140599E+07 0.135225E+07 0.134083E+07 0.240708E+07 0.251593E+07 0.242893E+07
    0.8625 0.140105E+07 0.135598E+07 0.134180E+07 0.240920E+07 0.251631E+07 0.242693E+07
    0.8750 0.139742E+07 0.135873E+07 0.134204E+07 0.241301E+07 0.251540E+07 0.242408E+07
    0.8875 0.139507E+07 0.136052E+07 0.134157E+07 0.241841E+07 0.251324E+07 0.242042E+07
    0.9000 0.139389E+07 0.136144E+07 0.134044E+07 0.242523E+07 0.250996E+07 0.241601E+07
    0.9125 0.139373E+07 0.136159E+07 0.133874E+07 0.243323E+07 0.250570E+07 0.241098E+07
    0.9250 0.139438E+07 0.136113E+07 0.133657E+07 0.244211E+07 0.250068E+07 0.240545E+07
    0.9375 0.139560E+07 0.136025E+07 0.133404E+07 0.245153E+07 0.249514E+07 0.239960E+07
    0.9500 0.139712E+07 0.135915E+07 0.133131E+07 0.246110E+07 0.248938E+07 0.239362E+07
    0.9625 0.139866E+07 0.135804E+07 0.132851E+07 0.247042E+07 0.248368E+07 0.238769E+07
    0.9750 0.139991E+07 0.135714E+07 0.132579E+07 0.247908E+07 0.247834E+07 0.238202E+07
    0.9875 0.140062E+07 0.135667E+07 0.132330E+07 0.248668E+07 0.247367E+07 0.237681E+07
    1.0000 0.140050E+07 0.135683E+07 0.132116E+07 0.249286E+07 0.246995E+07 0.237223E+07
    1.0125 0.139935E+07 0.135779E+07 0.131949E+07 0.249729E+07 0.246740E+07 0.236844E+07
    1.0250 0.139698E+07 0.135969E+07 0.131839E+07 0.249973E+07 0.246624E+07 0.236557E+07
    1.0375 0.139326E+07 0.136263E+07 0.131792E+07 0.249997E+07 0.246661E+07 0.236372E+07
    1.0500 0.138812E+07 0.136667E+07 0.131812E+07 0.249790E+07 0.246861E+07 0.236294E+07
    1.0625 0.138157E+07 0.137183E+07 0.131901E+07 0.249349E+07 0.247227E+07 0.236325E+07
    1.0750 0.137366E+07 0.137807E+07 0.132055E+07 0.248680E+07 0.247756E+07 0.236463E+07
    1.0875 0.136450E+07 0.138530E+07 0.132269E+07 0.247796E+07 0.248438E+07 0.236701E+07
    1.1000 0.135429E+07 0.139338E+07 0.132536E+07 0.246719E+07 0.249258E+07 0.237030E+07
    1.1125 0.134326E+07 0.140216E+07 0.132843E+07 0.245478E+07 0.250196E+07 0.237435E+07
    1.1250 0.133169E+07 0.141143E+07 0.133178E+07 0.244107E+07 0.251226E+07 0.237900E+07
    1.1375 0.131988E+07 0.142094E+07 0.133526E+07 0.242644E+07 0.252321E+07 0.238408E+07
    1.1500 0.130818E+07 0.143046E+07 0.133870E+07 0.241133E+07 0.253450E+07 0.238938E+07
    1.1625 0.129692E+07 0.143971E+07 0.134195E+07 0.239616E+07 0.254582E+07 0.239470E+07
    1.1750 0.128643E+07 0.144845E+07 0.134483E+07 0.238135E+07 0.255684E+07 0.239984E+07
    1.1875 0.127701E+07 0.145644E+07 0.134721E+07 0.236731E+07 0.256727E+07 0.240461E+07
    1.2000 0.126894E+07 0.146345E+07 0.134894E+07 0.235442E+07 0.257684E+07 0.240883E+07
    1.2125 0.126245E+07 0.146932E+07 0.134992E+07 0.234300E+07 0.258530E+07 0.241236E+07
    1.2250 0.125769E+07 0.147390E+07 0.135006E+07 0.233330E+07 0.259247E+07 0.241508E+07
    1.2375 0.125476E+07 0.147711E+07 0.134932E+07 0.232551E+07 0.259821E+07 0.241691E+07
    1.2500 0.125367E+07 0.147891E+07 0.134768E+07 0.231975E+07 0.260243E+07 0.241779E+07
    1.2625 0.125439E+07 0.147934E+07 0.134517E+07 0.231603E+07 0.260512E+07 0.241773E+07
    1.2750 0.125676E+07 0.147847E+07 0.134185E+07 0.231430E+07 0.260631E+07 0.241676E+07
    1.2875 0.126059E+07 0.147645E+07 0.133782E+07 0.231445E+07 0.260610E+07 0.241494E+07
    1.3000 0.126563E+07 0.147346E+07 0.133320E+07 0.231627E+07 0.260463E+07 0.241238E+07
    1.3125 0.127153E+07 0.146973E+07 0.132817E+07 0.231950E+07 0.260212E+07 0.240921E+07
    1.3250 0.127796E+07 0.146553E+07 0.132289E+07 0.232383E+07 0.259878E+07 0.240557E+07
    1.3375 0.128451E+07 0.146115E+07 0.131756E+07 0.232893E+07 0.259487E+07 0.240165E+07
    1.3500 0.129080E+07 0.145688E+07 0.131237E+07 0.233443E+07 0.259068E+07 0.239762E+07
    1.3625 0.129644E+07 0.145301E+07 0.130751E+07 0.233997E+07 0.258646E+07 0.239366E+07
    1.3750 0.130105E+07 0.144982E+07 0.130317E+07 0.234520E+07 0.258250E+07 0.238994E+07
    1.3875 0.130431E+07 0.144756E+07 0.129952E+07 0.234980E+07 0.257904E+07 0.238662E+07
    1.4000 0.130595E+07 0.144644E+07 0.129668E+07 0.235348E+07 0.257629E+07 0.238384E+07
    1.4125 0.130575E+07 0.144663E+07 0.129476E+07 0.235602E+07 0.257443E+07 0.238171E+07
    1.4250 0.130357E+07 0.144824E+07 0.129384E+07 0.235727E+07 0.257358E+07 0.238031E+07
    1.4375 0.129937E+07 0.145131E+07 0.129394E+07 0.235712E+07 0.257382E+07 0.237968E+07
    1.4500 0.129317E+07 0.145584E+07 0.129505E+07 0.235556E+07 0.257515E+07 0.237984E+07
    1.4625 0.128508E+07 0.146175E+07 0.129713E+07 0.235266E+07 0.257755E+07 0.238076E+07
    1.4750 0.127530E+07 0.146890E+07 0.130009E+07 0.234856E+07 0.258090E+07 0.238237E+07
    1.4875 0.126408E+07 0.147711E+07 0.130380E+07 0.234344E+07 0.258506E+07 0.238457E+07
    1.5000 0.125176E+07 0.148613E+07 0.130811E+07 0.233759E+07 0.258983E+07 0.238724E+07
    1.5125 0.123870E+07 0.149570E+07 0.131284E+07 0.233130E+07 0.259498E+07 0.239023E+07
    1.5250 0.122531E+07 0.150550E+07 0.131780E+07 0.232492E+07 0.260023E+07 0.239338E+07
    1.5375 0.121203E+07 0.151523E+07 0.132279E+07 0.231881E+07 0.260532E+07 0.239650E+07
    1.5500 0.119927E+07 0.152458E+07 0.132761E+07 0.231334E+07 0.260994E+07 0.239943E+07
    1.5625 0.118745E+07 0.153322E+07 0.133207E+07 0.230885E+07 0.261382E+07 0.240199E+07
    1.5750 0.117694E+07 0.154088E+07 0.133599E+07 0.230568E+07 0.261669E+07 0.240403E+07
    1.5875 0.116809E+07 0.154732E+07 0.133921E+07 0.230409E+07 0.261832E+07 0.240540E+07
    1.6000 0.116115E+07 0.155232E+07 0.134162E+07 0.230430E+07 0.261854E+07 0.240600E+07
    1.6125 0.115634E+07 0.155574E+07 0.134311E+07 0.230646E+07 0.261722E+07 0.240576E+07
    1.6250 0.115378E+07 0.155746E+07 0.134363E+07 0.231065E+07 0.261431E+07 0.240462E+07
    1.6375 0.115351E+07 0.155745E+07 0.134318E+07 0.231685E+07 0.260982E+07 0.240260E+07
    1.6500 0.115550E+07 0.155574E+07 0.134176E+07 0.232497E+07 0.260381E+07 0.239973E+07
    1.6625 0.115962E+07 0.155240E+07 0.133946E+07 0.233485E+07 0.259640E+07 0.239609E+07
    1.6750 0.116568E+07 0.154757E+07 0.133636E+07 0.234624E+07 0.258778E+07 0.239178E+07
    1.6875 0.117344E+07 0.154145E+07 0.133259E+07 0.235883E+07 0.257817E+07 0.238696E+07
    1.7000 0.118257E+07 0.153428E+07 0.132831E+07 0.237226E+07 0.256784E+07 0.238179E+07
    1.7125 0.119272E+07 0.152632E+07 0.132369E+07 0.238613E+07 0.255709E+07 0.237645E+07
    1.7250 0.120352E+07 0.151788E+07 0.131891E+07 0.240002E+07 0.254622E+07 0.237116E+07
    1.7375 0.121457E+07 0.150925E+07 0.131416E+07 0.241349E+07 0.253556E+07 0.236610E+07
    1.7500 0.122551E+07 0.150072E+07 0.130962E+07 0.242615E+07 0.252542E+07 0.236149E+07
    1.7625 0.123597E+07 0.149258E+07 0.130547E+07 0.243759E+07 0.251608E+07 0.235749E+07
    1.7750 0.124564E+07 0.148506E+07 0.130185E+07 0.244749E+07 0.250781E+07 0.235428E+07
    1.7875 0.125425E+07 0.147837E+07 0.129889E+07 0.245555E+07 0.250082E+07 0.235198E+07
    1.8000 0.126158E+07 0.147267E+07 0.129669E+07 0.246157E+07 0.249526E+07 0.235070E+07
    1.8125 0.126752E+07 0.146805E+07 0.129531E+07 0.246542E+07 0.249124E+07 0.235050E+07
    1.8250 0.127200E+07 0.146457E+07 0.129477E+07 0.246706E+07 0.248880E+07 0.235140E+07
    1.8375 0.127504E+07 0.146220E+07 0.129507E+07 0.246654E+07 0.248791E+07 0.235337E+07
    1.8500 0.127672E+07 0.146086E+07 0.129615E+07 0.246398E+07 0.248848E+07 0.235636E+07
    1.8625 0.127723E+07 0.146043E+07 0.129793E+07 0.245960E+07 0.249036E+07 0.236026E+07
    1.8750 0.127678E+07 0.146073E+07 0.130029E+07 0.245370E+07 0.249333E+07 0.236494E+07
    1.8875 0.127566E+07 0.146153E+07 0.130311E+07 0.244661E+07 0.249716E+07 0.237022E+07
    1.9000 0.127419E+07 0.146258E+07 0.130621E+07 0.243873E+07 0.250155E+07 0.237593E+07
    1.9125 0.127272E+07 0.146361E+07 0.130943E+07 0.243051E+07 0.250619E+07 0.238185E+07
    1.9250 0.127161E+07 0.146434E+07 0.131259E+07 0.242237E+07 0.251076E+07 0.238778E+07
    1.9375 0.127119E+07 0.146450E+07 0.131552E+07 0.241476E+07 0.251494E+07 0.239351E+07
    1.9500 0.127181E+07 0.146383E+07 0.131806E+07 0.240810E+07 0.251843E+07 0.239883E+07
    1.9625 0.127376E+07 0.146210E+07 0.132006E+07 0.240277E+07 0.252094E+07 0.240356E+07
    1.9750 0.127726E+07 0.145914E+07 0.132140E+07 0.239909E+07 0.252224E+07 0.240755E+07
    1.9875 0.128251E+07 0.145479E+07 0.132199E+07 0.239732E+07 0.252214E+07 0.241068E+07
    2.0000 0.128960E+07 0.144899E+07 0.132177E+07 0.239766E+07 0.252051E+07 0.241284E+07
    2.0125 0.129857E+07 0.144169E+07 0.132072E+07 0.240020E+07 0.251727E+07 0.241398E+07
    2.0250 0.130936E+07 0.143296E+07 0.131886E+07 0.240496E+07 0.251242E+07 0.241411E+07
    2.0375 0.132185E+07 0.142288E+07 0.131623E+07 0.241187E+07 0.250600E+07 0.241324E+07
    2.0500 0.133584E+07 0.141161E+07 0.131294E+07 0.242078E+07 0.249814E+07 0.241145E+07
    2.0625 0.135106E+07 0.139935E+07 0.130909E+07 0.243146E+07 0.248901E+07 0.240884E+07
    2.0750 0.136719E+07 0.138636E+07 0.130484E+07 0.244362E+07 0.247882E+07 0.240556E+07
    2.0875 0.138386E+07 0.137291E+07 0.130035E+07 0.245692E+07 0.246785E+07 0.240175E+07
    2.1000 0.140068E+07 0.135931E+07 0.129580E+07 0.247097E+07 0.245637E+07 0.239760E+07
    2.1125 0.141724E+07 0.134587E+07 0.129139E+07 0.248537E+07 0.244469E+07 0.239331E+07
    2.1250 0.143314E+07 0.133289E+07 0.128730E+07 0.249971E+07 0.243313E+07 0.238906E+07
    2.1375 0.144800E+07 0.132066E+07 0.128371E+07 0.251359E+07 0.242198E+07 0.238504E+07
    2.1500 0.146148E+07 0.130945E+07 0.128077E+07 0.252665E+07 0.241152E+07 0.238143E+07
    2.1625 0.147327E+07 0.129948E+07 0.127862E+07 0.253855E+07 0.240198E+07 0.237837E+07
    2.1750 0.148315E+07 0.129093E+07 0.127738E+07 0.254903E+07 0.239358E+07 0.237601E+07
    2.1875 0.149096E+07 0.128392E+07 0.127710E+07 0.255787E+07 0.238646E+07 0.237443E+07
    2.2000 0.149662E+07 0.127851E+07 0.127783E+07 0.256496E+07 0.238071E+07 0.237368E+07
    2.2125 0.150012E+07 0.127471E+07 0.127956E+07 0.257023E+07 0.237636E+07 0.237380E+07
    2.2250 0.150155E+07 0.127245E+07 0.128226E+07 0.257371E+07 0.237340E+07 0.237477E+07
    2.2375 0.150107E+07 0.127161E+07 0.128583E+07 0.257551E+07 0.237173E+07 0.237652E+07
    2.2500 0.149892E+07 0.127202E+07 0.129018E+07 0.257581E+07 0.237121E+07 0.237898E+07
    2.2625 0.149538E+07 0.127347E+07 0.129514E+07 0.257484E+07 0.237167E+07 0.238203E+07
    2.2750 0.149081E+07 0.127569E+07 0.130057E+07 0.257289E+07 0.237287E+07 0.238552E+07
    2.2875 0.148558E+07 0.127840E+07 0.130626E+07 0.257028E+07 0.237457E+07 0.238928E+07
    2.3000 0.148009E+07 0.128131E+07 0.131204E+07 0.256737E+07 0.237650E+07 0.239315E+07
    2.3125 0.147476E+07 0.128413E+07 0.131769E+07 0.256451E+07 0.237839E+07 0.239694E+07
    2.3250 0.146996E+07 0.128655E+07 0.132304E+07 0.256204E+07 0.237997E+07 0.240049E+07
    2.3375 0.146606E+07 0.128832E+07 0.132791E+07 0.256029E+07 0.238101E+07 0.240364E+07
    2.3500 0.146338E+07 0.128920E+07 0.133213E+07 0.255952E+07 0.238130E+07 0.240623E+07
    2.3625 0.146218E+07 0.128902E+07 0.133559E+07 0.255997E+07 0.238066E+07 0.240816E+07
    2.3750 0.146264E+07 0.128763E+07 0.133818E+07 0.256180E+07 0.237898E+07 0.240934E+07
    2.3875 0.146489E+07 0.128495E+07 0.133985E+07 0.256509E+07 0.237619E+07 0.240972E+07
    2.4000 0.146897E+07 0.128096E+07 0.134056E+07 0.256987E+07 0.237229E+07 0.240928E+07
    2.4125 0.147483E+07 0.127571E+07 0.134035E+07 0.257606E+07 0.236731E+07 0.240804E+07
    2.4250 0.148235E+07 0.126929E+07 0.133925E+07 0.258353E+07 0.236139E+07 0.240606E+07
    2.4375 0.149133E+07 0.126186E+07 0.133736E+07 0.259208E+07 0.235466E+07 0.240344E+07
    2.4500 0.150152E+07 0.125361E+07 0.133479E+07 0.260144E+07 0.234734E+07 0.240030E+07
    2.4625 0.151260E+07 0.124479E+07 0.133169E+07 0.261128E+07 0.233967E+07 0.239679E+07
    2.4750 0.152422E+07 0.123567E+07 0.132823E+07 0.262126E+07 0.233192E+07 0.239307E+07
    2.4875 0.153600E+07 0.122653E+07 0.132458E+07 0.263099E+07 0.232437E+07 0.238933E+07
    2.5000 0.154756E+07 0.121766E+07 0.132092E+07 0.264010E+07 0.231732E+07 0.238575E+07
    2.5125 0.155851E+07 0.120936E+07 0.131743E+07 0.264822E+07 0.231104E+07 0.238250E+07
    2.5250 0.156849E+07 0.120189E+07 0.131429E+07 0.265499E+07 0.230581E+07 0.237976E+07
    2.5375 0.157719E+07 0.119550E+07 0.131164E+07 0.266011E+07 0.230183E+07 0.237767E+07
    2.5500 0.158432E+07 0.119037E+07 0.130961E+07 0.266334E+07 0.229931E+07 0.237636E+07
    2.5625 0.158968E+07 0.118666E+07 0.130831E+07 0.266447E+07 0.229839E+07 0.237592E+07
    2.5750 0.159311E+07 0.118449E+07 0.130780E+07 0.266341E+07 0.229914E+07 0.237641E+07
    2.5875 0.159456E+07 0.118388E+07 0.130811E+07 0.266011E+07 0.230159E+07 0.237785E+07
    2.6000 0.159402E+07 0.118483E+07 0.130925E+07 0.265463E+07 0.230571E+07 0.238022E+07
    2.6125 0.159158E+07 0.118728E+07 0.131117E+07 0.264708E+07 0.231140E+07 0.238347E+07
    2.6250 0.158737E+07 0.119108E+07 0.131380E+07 0.263768E+07 0.231852E+07 0.238750E+07
    2.6375 0.158162E+07 0.119609E+07 0.131704E+07 0.262667E+07 0.232685E+07 0.239218E+07
    2.6500 0.157459E+07 0.120208E+07 0.132075E+07 0.261439E+07 0.233618E+07 0.239737E+07
    2.6625 0.156659E+07 0.120882E+07 0.132479E+07 0.260119E+07 0.234621E+07 0.240290E+07
    2.6750 0.155794E+07 0.121605E+07 0.132900E+07 0.258746E+07 0.235666E+07 0.240857E+07
    2.6875 0.154900E+07 0.122350E+07 0.133320E+07 0.257363E+07 0.236723E+07 0.241418E+07
    2.7000 0.154012E+07 0.123091E+07 0.133723E+07 0.256007E+07 0.237762E+07 0.241955E+07
    2.7125 0.153161E+07 0.123804E+07 0.134092E+07 0.254719E+07 0.238754E+07 0.242449E+07
    2.7250 0.152376E+07 0.124465E+07 0.134413E+07 0.253534E+07 0.239673E+07 0.242884E+07
    2.7375 0.151683E+07 0.125056E+07 0.134674E+07 0.252481E+07 0.240499E+07 0.243243E+07
    2.7500 0.151101E+07 0.125563E+07 0.134865E+07 0.251586E+07 0.241212E+07 0.243517E+07
    2.7625 0.150641E+07 0.125977E+07 0.134979E+07 0.250864E+07 0.241800E+07 0.243696E+07
    2.7750 0.150311E+07 0.126292E+07 0.135012E+07 0.250327E+07 0.242257E+07 0.243777E+07
    2.7875 0.150108E+07 0.126510E+07 0.134966E+07 0.249975E+07 0.242582E+07 0.243757E+07
    2.8000 0.150025E+07 0.126639E+07 0.134844E+07 0.249804E+07 0.242779E+07 0.243640E+07
    2.8125 0.150046E+07 0.126689E+07 0.134652E+07 0.249799E+07 0.242859E+07 0.243433E+07
    2.8250 0.150151E+07 0.126677E+07 0.134401E+07 0.249942E+07 0.242836E+07 0.243146E+07
    2.8375 0.150313E+07 0.126622E+07 0.134103E+07 0.250204E+07 0.242732E+07 0.242791E+07
    2.8500 0.150502E+07 0.126549E+07 0.133774E+07 0.250557E+07 0.242568E+07 0.242384E+07
    2.8625 0.150686E+07 0.126481E+07 0.133428E+07 0.250966E+07 0.242371E+07 0.241941E+07
    2.8750 0.150830E+07 0.126445E+07 0.133083E+07 0.251396E+07 0.242167E+07 0.241482E+07
    2.8875 0.150901E+07 0.126465E+07 0.132755E+07 0.251808E+07 0.241983E+07 0.241024E+07
    2.9000 0.150868E+07 0.126566E+07 0.132461E+07 0.252170E+07 0.241845E+07 0.240585E+07
    2.9125 0.150702E+07 0.126769E+07 0.132215E+07 0.252447E+07 0.241778E+07 0.240182E+07
    2.9250 0.150378E+07 0.127091E+07 0.132029E+07 0.252612E+07 0.241802E+07 0.239829E+07
    2.9375 0.149880E+07 0.127548E+07 0.131914E+07 0.252640E+07 0.241934E+07 0.239538E+07
    2.9500 0.149195E+07 0.128146E+07 0.131876E+07 0.252514E+07 0.242186E+07 0.239319E+07
    2.9625 0.148318E+07 0.128890E+07 0.131918E+07 0.252223E+07 0.242566E+07 0.239177E+07
    2.9750 0.147252E+07 0.129777E+07 0.132041E+07 0.251764E+07 0.243076E+07 0.239115E+07
    2.9875 0.146007E+07 0.130800E+07 0.132242E+07 0.251140E+07 0.243711E+07 0.239131E+07
    3.0000 0.144599E+07 0.131947E+07 0.132512E+07 0.250361E+07 0.244463E+07 0.239221E+07
    3.0125 0.143053E+07 0.133198E+07 0.132843E+07 0.249445E+07 0.245317E+07 0.239377E+07
    3.0250 0.141396E+07 0.134534E+07 0.133222E+07 0.248414E+07 0.246257E+07 0.239588E+07
    3.0375 0.139662E+07 0.135929E+07 0.133633E+07 0.247295E+07 0.247261E+07 0.239840E+07
    3.0500 0.137886E+07 0.137355E+07 0.134061E+07 0.246118E+07 0.248304E+07 0.240121E+07
    3.0625 0.136106E+07 0.138786E+07 0.134488E+07 0.244917E+07 0.249362E+07 0.240412E+07
    3.0750 0.134360E+07 0.140192E+07 0.134896E+07 0.243725E+07 0.250409E+07 0.240698E+07
    3.0875 0.132683E+07 0.141546E+07 0.135269E+07 0.242573E+07 0.251420E+07 0.240963E+07
    3.1000 0.131110E+07 0.142824E+07 0.135591E+07 0.241493E+07 0.252371E+07 0.241193E+07
    3.1125 0.129669E+07 0.144003E+07 0.135849E+07 0.240510E+07 0.253243E+07 0.241373E+07
    3.1250 0.128386E+07 0.145065E+07 0.136030E+07 0.239648E+07 0.254015E+07 0.241494E+07
    3.1375 0.127277E+07 0.145998E+07 0.136127E+07 0.238922E+07 0.254666E+07 0.241546E+07
    3.1500 0.126355E+07 0.146792E+07 0.136134E+07 0.238342E+07 0.255173E+07 0.241526E+07
    3.1625 0.125623E+07 0.147444E+07 0.136049E+07 0.237912E+07 0.255516E+07 0.241430E+07
    3.1750 0.125079E+07 0.147957E+07 0.135876E+07 0.237630E+07 0.255690E+07 0.241261E+07
    3.1875 0.124712E+07 0.148336E+07 0.135617E+07 0.237485E+07 0.255716E+07 0.241023E+07
    3.2000 0.124507E+07 0.148590E+07 0.135283E+07 0.237461E+07 0.255636E+07 0.240724E+07
    3.2125 0.124441E+07 0.148730E+07 0.134884E+07 0.237539E+07 0.255498E+07 0.240376E+07
    3.2250 0.124488E+07 0.148767E+07 0.134434E+07 0.237691E+07 0.255348E+07 0.239990E+07
    3.2375 0.124617E+07 0.148716E+07 0.133947E+07 0.237890E+07 0.255217E+07 0.239581E+07
    3.2500 0.124796E+07 0.148596E+07 0.133442E+07 0.238104E+07 0.255125E+07 0.239165E+07
    3.2625 0.124992E+07 0.148437E+07 0.132933E+07 0.238304E+07 0.255086E+07 0.238758E+07
    3.2750 0.125172E+07 0.148272E+07 0.132439E+07 0.238458E+07 0.255108E+07 0.238376E+07
    3.2875 0.125307E+07 0.148140E+07 0.131975E+07 0.238538E+07 0.255201E+07 0.238033E+07
    3.3000 0.125368E+07 0.148080E+07 0.131554E+07 0.238519E+07 0.255370E+07 0.237743E+07
    3.3125 0.125332E+07 0.148121E+07 0.131189E+07 0.238382E+07 0.255622E+07 0.237515E+07
    3.3250 0.125184E+07 0.148285E+07 0.130889E+07 0.238112E+07 0.255962E+07 0.237359E+07
    3.3375 0.124910E+07 0.148583E+07 0.130661E+07 0.237700E+07 0.256393E+07 0.237279E+07
    3.3500 0.124507E+07 0.149013E+07 0.130508E+07 0.237145E+07 0.256918E+07 0.237277E+07
    3.3625 0.123977E+07 0.149568E+07 0.130430E+07 0.236451E+07 0.257534E+07 0.237352E+07
    3.3750 0.123326E+07 0.150231E+07 0.130422E+07 0.235629E+07 0.258235E+07 0.237498E+07
    3.3875 0.122571E+07 0.150981E+07 0.130480E+07 0.234699E+07 0.259011E+07 0.237709E+07
    3.4000 0.121731E+07 0.151796E+07 0.130594E+07 0.233683E+07 0.259846E+07 0.237973E+07
    3.4125 0.120829E+07 0.152650E+07 0.130753E+07 0.232609E+07 0.260721E+07 0.238277E+07
    3.4250 0.119895E+07 0.153518E+07 0.130942E+07 0.231508E+07 0.261615E+07 0.238608E+07
    3.4375 0.118958E+07 0.154373E+07 0.131149E+07 0.230414E+07 0.262501E+07 0.238948E+07
    3.4500 0.118049E+07 0.155191E+07 0.131358E+07 0.229361E+07 0.263356E+07 0.239282E+07
    3.4625 0.117199E+07 0.155948E+07 0.131554E+07 0.228383E+07 0.264152E+07 0.239594E+07
    3.4750 0.116437E+07 0.156621E+07 0.131722E+07 0.227512E+07 0.264867E+07 0.239868E+07
    3.4875 0.115789E+07 0.157190E+07 0.131852E+07 0.226777E+07 0.265479E+07 0.240091E+07
    3.5000 0.115277E+07 0.157638E+07 0.131930E+07 0.226201E+07 0.265968E+07 0.240251E+07
    3.5125 0.114917E+07 0.157952E+07 0.131950E+07 0.225804E+07 0.266321E+07 0.240338E+07
    3.5250 0.114722E+07 0.158124E+07 0.131904E+07 0.225599E+07 0.266525E+07 0.240346E+07
    3.5375 0.114696E+07 0.158151E+07 0.131792E+07 0.225592E+07 0.266575E+07 0.240272E+07
    3.5500 0.114839E+07 0.158036E+07 0.131611E+07 0.225782E+07 0.266471E+07 0.240117E+07
    3.5625 0.115143E+07 0.157788E+07 0.131367E+07 0.226163E+07 0.266217E+07 0.239883E+07
    3.5750 0.115596E+07 0.157421E+07 0.131066E+07 0.226719E+07 0.265820E+07 0.239578E+07
    3.5875 0.116178E+07 0.156954E+07 0.130715E+07 0.227432E+07 0.265296E+07 0.239210E+07
    3.6000 0.116868E+07 0.156409E+07 0.130327E+07 0.228278E+07 0.264661E+07 0.238792E+07
    3.6125 0.117638E+07 0.155809E+07 0.129914E+07 0.229226E+07 0.263938E+07 0.238336E+07
    3.6250 0.118461E+07 0.155180E+07 0.129490E+07 0.230247E+07 0.263151E+07 0.237859E+07
    3.6375 0.119306E+07 0.154546E+07 0.129070E+07 0.231307E+07 0.262326E+07 0.237376E+07
    3.6500 0.120144E+07 0.153929E+07 0.128668E+07 0.232373E+07 0.261492E+07 0.236903E+07
    3.6625 0.120947E+07 0.153349E+07 0.128298E+07 0.233412E+07 0.260675E+07 0.236455E+07
    3.6750 0.121689E+07 0.152824E+07 0.127973E+07 0.234396E+07 0.259903E+07 0.236048E+07
    3.6875 0.122350E+07 0.152368E+07 0.127703E+07 0.235298E+07 0.259197E+07 0.235693E+07
    3.7000 0.122911E+07 0.151990E+07 0.127496E+07 0.236096E+07 0.258578E+07 0.235400E+07
    3.7125 0.123363E+07 0.151697E+07 0.127360E+07 0.236775E+07 0.258061E+07 0.235179E+07
    3.7250 0.123698E+07 0.151490E+07 0.127296E+07 0.237324E+07 0.257652E+07 0.235032E+07
    3.7375 0.123917E+07 0.151367E+07 0.127305E+07 0.237739E+07 0.257358E+07 0.234963E+07
    3.7500 0.124028E+07 0.151324E+07 0.127383E+07 0.238023E+07 0.257173E+07 0.234970E+07
    3.7625 0.124042E+07 0.151348E+07 0.127525E+07 0.238184E+07 0.257090E+07 0.235049E+07
    3.7750 0.123976E+07 0.151428E+07 0.127723E+07 0.238235E+07 0.257096E+07 0.235192E+07
    3.7875 0.123854E+07 0.151547E+07 0.127965E+07 0.238197E+07 0.257174E+07 0.235390E+07
    3.8000 0.123699E+07 0.151686E+07 0.128240E+07 0.238090E+07 0.257303E+07 0.235633E+07
    3.8125 0.123541E+07 0.151824E+07 0.128534E+07 0.237942E+07 0.257461E+07 0.235906E+07
    3.8250 0.123409E+07 0.151940E+07 0.128833E+07 0.237780E+07 0.257623E+07 0.236196E+07
    3.8375 0.123330E+07 0.152013E+07 0.129121E+07 0.237630E+07 0.257767E+07 0.236490E+07
    3.8500 0.123334E+07 0.152021E+07 0.129386E+07 0.237522E+07 0.257869E+07 0.236772E+07
    3.8625 0.123445E+07 0.151946E+07 0.129615E+07 0.237478E+07 0.257909E+07 0.237031E+07
    3.8750 0.123686E+07 0.151770E+07 0.129796E+07 0.237518E+07 0.257869E+07 0.237255E+07
    3.8875 0.124072E+07 0.151482E+07 0.129921E+07 0.237647E+07 0.257735E+07 0.237434E+07
    3.9000 0.124616E+07 0.151071E+07 0.129984E+07 0.237844E+07 0.257497E+07 0.237561E+07
    3.9125 0.125323E+07 0.150532E+07 0.129980E+07 0.238076E+07 0.257150E+07 0.237631E+07
    3.9250 0.126194E+07 0.149865E+07 0.129909E+07 0.238312E+07 0.256693E+07 0.237643E+07
    3.9375 0.127218E+07 0.149074E+07 0.129773E+07 0.238559E+07 0.256130E+07 0.237597E+07
    3.9500 0.128377E+07 0.148168E+07 0.129577E+07 0.238857E+07 0.255470E+07 0.237496E+07
    3.9625 0.129642E+07 0.147160E+07 0.129328E+07 0.239265E+07 0.254725E+07 0.237348E+07
    3.9750 0.130969E+07 0.146066E+07 0.129036E+07 0.239828E+07 0.253913E+07 0.237160E+07
    3.9875 0.132313E+07 0.144907E+07 0.128713E+07 0.240562E+07 0.253052E+07 0.236943E+07
    4.0000 0.133626E+07 0.143706E+07 0.128372E+07 0.241450E+07 0.252164E+07 0.236708E+07
    4.0125 0.134877E+07 0.142485E+07 0.128027E+07 0.242450E+07 0.251271E+07 0.236470E+07
    4.0250 0.136048E+07 0.141271E+07 0.127691E+07 0.243511E+07 0.250394E+07 0.236240E+07
    4.0375 0.137141E+07 0.140087E+07 0.127379E+07 0.244583E+07 0.249554E+07 0.236031E+07
    4.0500 0.138163E+07 0.138957E+07 0.127103E+07 0.245620E+07 0.248772E+07 0.235855E+07
    4.0625 0.139126E+07 0.137901E+07 0.126875E+07 0.246585E+07 0.248063E+07 0.235723E+07
    4.0750 0.140035E+07 0.136937E+07 0.126705E+07 0.247450E+07 0.247441E+07 0.235643E+07
    4.0875 0.140885E+07 0.136078E+07 0.126599E+07 0.248197E+07 0.246915E+07 0.235623E+07
    4.1000 0.141668E+07 0.135335E+07 0.126563E+07 0.248813E+07 0.246491E+07 0.235666E+07
    4.1125 0.142371E+07 0.134711E+07 0.126599E+07 0.249295E+07 0.246170E+07 0.235773E+07
    4.1250 0.142981E+07 0.134207E+07 0.126706E+07 0.249646E+07 0.245949E+07 0.235943E+07
    4.1375 0.143493E+07 0.133817E+07 0.126881E+07 0.249872E+07 0.245821E+07 0.236173E+07
    4.1500 0.143903E+07 0.133533E+07 0.127118E+07 0.249988E+07 0.245775E+07 0.236456E+07
    4.1625 0.144219E+07 0.133341E+07 0.127408E+07 0.250014E+07 0.245796E+07 0.236782E+07
    4.1750 0.144450E+07 0.133224E+07 0.127743E+07 0.249970E+07 0.245867E+07 0.237142E+07
    4.1875 0.144613E+07 0.133164E+07 0.128109E+07 0.249882E+07 0.245969E+07 0.237524E+07
    4.2000 0.144728E+07 0.133139E+07 0.128496E+07 0.249777E+07 0.246082E+07 0.237913E+07
    4.2125 0.144814E+07 0.133128E+07 0.128889E+07 0.249682E+07 0.246184E+07 0.238298E+07
    4.2250 0.144892E+07 0.133111E+07 0.129276E+07 0.249624E+07 0.246256E+07 0.238664E+07
    4.2375 0.144981E+07 0.133068E+07 0.129645E+07 0.249626E+07 0.246278E+07 0.239000E+07
    4.2500 0.145098E+07 0.132981E+07 0.129984E+07 0.249712E+07 0.246233E+07 0.239294E+07
    4.2625 0.145256E+07 0.132836E+07 0.130285E+07 0.249898E+07 0.246107E+07 0.239536E+07
    4.2750 0.145466E+07 0.132622E+07 0.130539E+07 0.250195E+07 0.245888E+07 0.239719E+07
    4.2875 0.145737E+07 0.132331E+07 0.130742E+07 0.250611E+07 0.245571E+07 0.239837E+07
    4.3000 0.146076E+07 0.131960E+07 0.130890E+07 0.251146E+07 0.245152E+07 0.239889E+07
    4.3125 0.146486E+07 0.131511E+07 0.130983E+07 0.251794E+07 0.244633E+07 0.239874E+07
    4.3250 0.146968E+07 0.130990E+07 0.131023E+07 0.252544E+07 0.244020E+07 0.239796E+07
    4.3375 0.147522E+07 0.130406E+07 0.131015E+07 0.253377E+07 0.243323E+07 0.239659E+07
    4.3500 0.148141E+07 0.129773E+07 0.130965E+07 0.254273E+07 0.242556E+07 0.239471E+07
    4.3625 0.148818E+07 0.129105E+07 0.130883E+07 0.255207E+07 0.241736E+07 0.239242E+07
    4.3750 0.149538E+07 0.128421E+07 0.130778E+07 0.256152E+07 0.240882E+07 0.238984E+07
    4.3875 0.150285E+07 0.127742E+07 0.130661E+07 0.257083E+07 0.240017E+07 0.238708E+07
    4.4000 0.151038E+07 0.127086E+07 0.130544E+07 0.257974E+07 0.239163E+07 0.238428E+07
    4.4125 0.151773E+07 0.126473E+07 0.130437E+07 0.258805E+07 0.238341E+07 0.238157E+07
    4.4250 0.152467E+07 0.125922E+07 0.130353E+07 0.259555E+07 0.237573E+07 0.237907E+07
    4.4375 0.153093E+07 0.125448E+07 0.130300E+07 0.260211E+07 0.236879E+07 0.237690E+07
    4.4500 0.153630E+07 0.125067E+07 0.130287E+07 0.260761E+07 0.236276E+07 0.237516E+07
    4.4625 0.154058E+07 0.124787E+07 0.130322E+07 0.261195E+07 0.235778E+07 0.237393E+07
    4.4750 0.154362E+07 0.124617E+07 0.130407E+07 0.261508E+07 0.235395E+07 0.237328E+07
    4.4875 0.154533E+07 0.124558E+07 0.130547E+07 0.261699E+07 0.235133E+07 0.237324E+07
    4.5000 0.154568E+07 0.124610E+07 0.130739E+07 0.261766E+07 0.234993E+07 0.237383E+07
    4.5125 0.154470E+07 0.124768E+07 0.130982E+07 0.261715E+07 0.234974E+07 0.237503E+07
    4.5250 0.154246E+07 0.125021E+07 0.131271E+07 0.261552E+07 0.235067E+07 0.237679E+07
    4.5375 0.153913E+07 0.125359E+07 0.131599E+07 0.261287E+07 0.235262E+07 0.237907E+07
    4.5500 0.153487E+07 0.125766E+07 0.131957E+07 0.260934E+07 0.235546E+07 0.238176E+07
    4.5625 0.152990E+07 0.126225E+07 0.132334E+07 0.260508E+07 0.235900E+07 0.238479E+07
    4.5750 0.152446E+07 0.126716E+07 0.132719E+07 0.260027E+07 0.236307E+07 0.238803E+07
    4.5875 0.151881E+07 0.127221E+07 0.133102E+07 0.259511E+07 0.236746E+07 0.239136E+07
    4.6000 0.151319E+07 0.127718E+07 0.133469E+07 0.258980E+07 0.237198E+07 0.239467E+07
    4.6125 0.150782E+07 0.128191E+07 0.133809E+07 0.258454E+07 0.237642E+07 0.239782E+07
    4.6250 0.150294E+07 0.128622E+07 0.134112E+07 0.257953E+07 0.238060E+07 0.240072E+07
    4.6375 0.149870E+07 0.128996E+07 0.134369E+07 0.257493E+07 0.238437E+07 0.240325E+07
    4.6500 0.149525E+07 0.129302E+07 0.134573E+07 0.257091E+07 0.238760E+07 0.240534E+07
    4.6625 0.149268E+07 0.129531E+07 0.134717E+07 0.256757E+07 0.239018E+07 0.240692E+07
    4.6750 0.149103E+07 0.129679E+07 0.134799E+07 0.256501E+07 0.239205E+07 0.240795E+07
    4.6875 0.149030E+07 0.129746E+07 0.134818E+07 0.256327E+07 0.239320E+07 0.240840E+07
    4.7000 0.149042E+07 0.129734E+07 0.134775E+07 0.256237E+07 0.239364E+07 0.240829E+07
    4.7125 0.149129E+07 0.129651E+07 0.134674E+07 0.256227E+07 0.239342E+07 0.240763E+07
    4.7250 0.149276E+07 0.129507E+07 0.134522E+07 0.256291E+07 0.239265E+07 0.240648E+07
    4.7375 0.149467E+07 0.129316E+07 0.134326E+07 0.256417E+07 0.239143E+07 0.240492E+07
    4.7500 0.149680E+07 0.129095E+07 0.134096E+07 0.256592E+07 0.238992E+07 0.240301E+07
    4.7625 0.149895E+07 0.128860E+07 0.133842E+07 0.256799E+07 0.238828E+07 0.240087E+07
    4.7750 0.150090E+07 0.128630E+07 0.133576E+07 0.257019E+07 0.238667E+07 0.239860E+07
    4.7875 0.150243E+07 0.128425E+07 0.133308E+07 0.257232E+07 0.238528E+07 0.239631E+07
    4.8000 0.150335E+07 0.128264E+07 0.133051E+07 0.257417E+07 0.238427E+07 0.239411E+07
    4.8125 0.150350E+07 0.128162E+07 0.132815E+07 0.257555E+07 0.238380E+07 0.239210E+07
    4.8250 0.150271E+07 0.128135E+07 0.132609E+07 0.257628E+07 0.238399E+07 0.239036E+07
    4.8375 0.150089E+07 0.128195E+07 0.132441E+07 0.257620E+07 0.238497E+07 0.238899E+07
    4.8500 0.149795E+07 0.128352E+07 0.132317E+07 0.257518E+07 0.238681E+07 0.238803E+07
    4.8625 0.149387E+07 0.128610E+07 0.132242E+07 0.257315E+07 0.238954E+07 0.238752E+07
    4.8750 0.148865E+07 0.128972E+07 0.132217E+07 0.257006E+07 0.239318E+07 0.238748E+07
    4.8875 0.148235E+07 0.129435E+07 0.132242E+07 0.256592E+07 0.239770E+07 0.238790E+07
    4.9000 0.147503E+07 0.129992E+07 0.132313E+07 0.256078E+07 0.240303E+07 0.238876E+07
    4.9125 0.146683E+07 0.130635E+07 0.132426E+07 0.255475E+07 0.240906E+07 0.239000E+07
    4.9250 0.145789E+07 0.131350E+07 0.132575E+07 0.254797E+07 0.241568E+07 0.239156E+07
    4.9375 0.144839E+07 0.132122E+07 0.132750E+07 0.254061E+07 0.242274E+07 0.239334E+07
    4.9500 0.143851E+07 0.132934E+07 0.132943E+07 0.253288E+07 0.243005E+07 0.239525E+07
    4.9625 0.142846E+07 0.133769E+07 0.133143E+07 0.252497E+07 0.243746E+07 0.239719E+07
    4.9750 0.141845E+07 0.134606E+07 0.133339E+07 0.251712E+07 0.244477E+07 0.239905E+07
    4.9875 0.140869E+07 0.135427E+07 0.133520E+07 0.250954E+07 0.245181E+07 0.240072E+07
    5.0000 0.139935E+07 0.136215E+07 0.133676E+07 0.250244E+07 0.245842E+07 0.240211E+07
    5.0125 0.139062E+07 0.136955E+07 0.133798E+07 0.249599E+07 0.246444E+07 0.240311E+07
    5.0250 0.138265E+07 0.137632E+07 0.133879E+07 0.249034E+07 0.246977E+07 0.240366E+07
    5.0375 0.137555E+07 0.138238E+07 0.133911E+07 0.248560E+07 0.247432E+07 0.240369E+07
    5.0500 0.136941E+07 0.138764E+07 0.133891E+07 0.248183E+07 0.247801E+07 0.240317E+07
    5.0625 0.136428E+07 0.139208E+07 0.133816E+07 0.247906E+07 0.248084E+07 0.240209E+07
    5.0750 0.136015E+07 0.139570E+07 0.133686E+07 0.247727E+07 0.248281E+07 0.240043E+07
    5.0875 0.135700E+07 0.139853E+07 0.133504E+07 0.247638E+07 0.248397E+07 0.239825E+07
    5.1000 0.135476E+07 0.140063E+07 0.133274E+07 0.247630E+07 0.248442E+07 0.239558E+07
    5.1125 0.135333E+07 0.140212E+07 0.133001E+07 0.247687E+07 0.248426E+07 0.239249E+07
    5.1250 0.135255E+07 0.140311E+07 0.132694E+07 0.247793E+07 0.248363E+07 0.238907E+07
    5.1375 0.135229E+07 0.140375E+07 0.132360E+07 0.247929E+07 0.248268E+07 0.238542E+07
    5.1500 0.135235E+07 0.140418E+07 0.132010E+07 0.248073E+07 0.248159E+07 0.238164E+07
    5.1625 0.135256E+07 0.140457E+07 0.131655E+07 0.248207E+07 0.248054E+07 0.237785E+07
    5.1750 0.135272E+07 0.140507E+07 0.131303E+07 0.248309E+07 0.247968E+07 0.237416E+07
    5.1875 0.135266E+07 0.140583E+07 0.130966E+07 0.248361E+07 0.247919E+07 0.237067E+07
    5.2000 0.135222E+07 0.140698E+07 0.130652E+07 0.248346E+07 0.247922E+07 0.236749E+07
    5.2125 0.135124E+07 0.140864E+07 0.130368E+07 0.248252E+07 0.247988E+07 0.236470E+07
    5.2250 0.134962E+07 0.141087E+07 0.130122E+07 0.248067E+07 0.248129E+07 0.236237E+07
    5.2375 0.134728E+07 0.141374E+07 0.129917E+07 0.247785E+07 0.248349E+07 0.236055E+07
    5.2500 0.134419E+07 0.141727E+07 0.129756E+07 0.247405E+07 0.248654E+07 0.235927E+07
    5.2625 0.134033E+07 0.142144E+07 0.129640E+07 0.246927E+07 0.249043E+07 0.235853E+07
    5.2750 0.133576E+07 0.142620E+07 0.129567E+07 0.246358E+07 0.249511E+07 0.235833E+07
    5.2875 0.133055E+07 0.143150E+07 0.129533E+07 0.245707E+07 0.250053E+07 0.235862E+07
    5.3000 0.132481E+07 0.143721E+07 0.129534E+07 0.244988E+07 0.250658E+07 0.235935E+07
    5.3125 0.131870E+07 0.144321E+07 0.129562E+07 0.244215E+07 0.251313E+07 0.236045E+07
    5.3250 0.131238E+07 0.144937E+07 0.129609E+07 0.243408E+07 0.252004E+07 0.236184E+07
    5.3375 0.130604E+07 0.145552E+07 0.129667E+07 0.242585E+07 0.252715E+07 0.236340E+07
    5.3500 0.129987E+07 0.146151E+07 0.129726E+07 0.241767E+07 0.253429E+07 0.236506E+07
    5.3625 0.129406E+07 0.146718E+07 0.129777E+07 0.240974E+07 0.254128E+07 0.236669E+07
    5.3750 0.128879E+07 0.147237E+07 0.129810E+07 0.240226E+07 0.254798E+07 0.236820E+07
    5.3875 0.128423E+07 0.147697E+07 0.129818E+07 0.239540E+07 0.255421E+07 0.236950E+07
    5.4000 0.128052E+07 0.148084E+07 0.129793E+07 0.238931E+07 0.255986E+07 0.237050E+07
    5.4125 0.127775E+07 0.148392E+07 0.129729E+07 0.238413E+07 0.256482E+07 0.237114E+07
    5.4250 0.127601E+07 0.148612E+07 0.129623E+07 0.237995E+07 0.256899E+07 0.237136E+07
    5.4375 0.127532E+07 0.148744E+07 0.129473E+07 0.237682E+07 0.257235E+07 0.237114E+07
    5.4500 0.127568E+07 0.148787E+07 0.129278E+07 0.237476E+07 0.257485E+07 0.237045E+07
    5.4625 0.127703E+07 0.148745E+07 0.129040E+07 0.237375E+07 0.257653E+07 0.236931E+07
    5.4750 0.127929E+07 0.148625E+07 0.128763E+07 0.237373E+07 0.257743E+07 0.236775E+07
    5.4875 0.128235E+07 0.148437E+07 0.128454E+07 0.237461E+07 0.257762E+07 0.236581E+07
    5.5000 0.128604E+07 0.148192E+07 0.128118E+07 0.237626E+07 0.257721E+07 0.236356E+07
    5.5125 0.129019E+07 0.147904E+07 0.127765E+07 0.237854E+07 0.257630E+07 0.236107E+07
    5.5250 0.129463E+07 0.147589E+07 0.127404E+07 0.238126E+07 0.257505E+07 0.235844E+07
    5.5375 0.129916E+07 0.147262E+07 0.127044E+07 0.238425E+07 0.257360E+07 0.235575E+07
    5.5500 0.130358E+07 0.146939E+07 0.126697E+07 0.238734E+07 0.257208E+07 0.235310E+07
    5.5625 0.130771E+07 0.146635E+07 0.126370E+07 0.239032E+07 0.257064E+07 0.235059E+07
    5.5750 0.131138E+07 0.146365E+07 0.126074E+07 0.239305E+07 0.256942E+07 0.234829E+07
    5.5875 0.131446E+07 0.146141E+07 0.125817E+07 0.239536E+07 0.256853E+07 0.234630E+07
    5.6000 0.131683E+07 0.145972E+07 0.125604E+07 0.239714E+07 0.256806E+07 0.234466E+07
    5.6125 0.131840E+07 0.145866E+07 0.125441E+07 0.239829E+07 0.256808E+07 0.234344E+07
    5.6250 0.131915E+07 0.145828E+07 0.125331E+07 0.239874E+07 0.256863E+07 0.234266E+07
    5.6375 0.131906E+07 0.145857E+07 0.125274E+07 0.239849E+07 0.256974E+07 0.234233E+07
    5.6500 0.131817E+07 0.145953E+07 0.125271E+07 0.239754E+07 0.257136E+07 0.234245E+07
    5.6625 0.131654E+07 0.146110E+07 0.125318E+07 0.239595E+07 0.257347E+07 0.234299E+07
    5.6750 0.131429E+07 0.146321E+07 0.125411E+07 0.239380E+07 0.257599E+07 0.234390E+07
    5.6875 0.131154E+07 0.146576E+07 0.125543E+07 0.239122E+07 0.257882E+07 0.234514E+07
    5.7000 0.130844E+07 0.146862E+07 0.125708E+07 0.238833E+07 0.258184E+07 0.234662E+07
    5.7125 0.130517E+07 0.147166E+07 0.125895E+07 0.238530E+07 0.258492E+07 0.234827E+07
    5.7250 0.130191E+07 0.147473E+07 0.126098E+07 0.238231E+07 0.258794E+07 0.234999E+07
    5.7375 0.129884E+07 0.147769E+07 0.126305E+07 0.237951E+07 0.259073E+07 0.235171E+07
    5.7500 0.129613E+07 0.148039E+07 0.126508E+07 0.237709E+07 0.259318E+07 0.235332E+07
    5.7625 0.129395E+07 0.148270E+07 0.126698E+07 0.237520E+07 0.259515E+07 0.235476E+07
    5.7750 0.129243E+07 0.148450E+07 0.126867E+07 0.237397E+07 0.259654E+07 0.235594E+07
    5.7875 0.129171E+07 0.148570E+07 0.127009E+07 0.237352E+07 0.259725E+07 0.235681E+07
    5.8000 0.129185E+07 0.148621E+07 0.127118E+07 0.237392E+07 0.259722E+07 0.235732E+07
    5.8125 0.129291E+07 0.148599E+07 0.127192E+07 0.237522E+07 0.259641E+07 0.235745E+07
    5.8250 0.129492E+07 0.148503E+07 0.127228E+07 0.237744E+07 0.259480E+07 0.235717E+07
    5.8375 0.129784E+07 0.148333E+07 0.127227E+07 0.238054E+07 0.259243E+07 0.235651E+07
    5.8500 0.130163E+07 0.148093E+07 0.127190E+07 0.238446E+07 0.258934E+07 0.235548E+07
    5.8625 0.130619E+07 0.147791E+07 0.127122E+07 0.238910E+07 0.258561E+07 0.235414E+07
    5.8750 0.131142E+07 0.147434E+07 0.127028E+07 0.239433E+07 0.258133E+07 0.235253E+07
    5.8875 0.131716E+07 0.147035E+07 0.126914E+07 0.240001E+07 0.257663E+07 0.235073E+07
    5.9000 0.132325E+07 0.146604E+07 0.126787E+07 0.240597E+07 0.257164E+07 0.234883E+07
    5.9125 0.132953E+07 0.146157E+07 0.126656E+07 0.241202E+07 0.256651E+07 0.234690E+07
    5.9250 0.133582E+07 0.145706E+07 0.126530E+07 0.241800E+07 0.256138E+07 0.234504E+07
    5.9375 0.134194E+07 0.145265E+07 0.126416E+07 0.242371E+07 0.255640E+07 0.234333E+07
    5.9500 0.134773E+07 0.144847E+07 0.126322E+07 0.242900E+07 0.255171E+07 0.234187E+07
    5.9625 0.135305E+07 0.144464E+07 0.126255E+07 0.243371E+07 0.254744E+07 0.234072E+07
    5.9750 0.135777E+07 0.144124E+07 0.126222E+07 0.243773E+07 0.254368E+07 0.233995E+07
    5.9875 0.136180E+07 0.143837E+07 0.126227E+07 0.244097E+07 0.254052E+07 0.233960E+07
    6.0000 0.136507E+07 0.143605E+07 0.126272E+07 0.244336E+07 0.253802E+07 0.233971E+07
    6.0125 0.136754E+07 0.143433E+07 0.126359E+07 0.244489E+07 0.253619E+07 0.234030E+07
    6.0250 0.136923E+07 0.143319E+07 0.126489E+07 0.244556E+07 0.253505E+07 0.234136E+07
    6.0375 0.137017E+07 0.143261E+07 0.126658E+07 0.244543E+07 0.253456E+07 0.234287E+07
    6.0500 0.137043E+07 0.143252E+07 0.126863E+07 0.244458E+07 0.253466E+07 0.234479E+07
    6.0625 0.137012E+07 0.143285E+07 0.127099E+07 0.244312E+07 0.253527E+07 0.234707E+07
    6.0750 0.136935E+07 0.143351E+07 0.127359E+07 0.244118E+07 0.253628E+07 0.234965E+07
    6.0875 0.136826E+07 0.143438E+07 0.127636E+07 0.243892E+07 0.253758E+07 0.235244E+07
    6.1000 0.136702E+07 0.143533E+07 0.127923E+07 0.243652E+07 0.253903E+07 0.235537E+07
    6.1125 0.136578E+07 0.143624E+07 0.128210E+07 0.243413E+07 0.254050E+07 0.235834E+07
    6.1250 0.136469E+07 0.143699E+07 0.128491E+07 0.243195E+07 0.254184E+07 0.236126E+07
    6.1375 0.136392E+07 0.143746E+07 0.128756E+07 0.243012E+07 0.254293E+07 0.236406E+07
    6.1500 0.136358E+07 0.143754E+07 0.129000E+07 0.242879E+07 0.254364E+07 0.236665E+07
    6.1625 0.136378E+07 0.143714E+07 0.129215E+07 0.242810E+07 0.254388E+07 0.236896E+07
    6.1750 0.136463E+07 0.143619E+07 0.129398E+07 0.242813E+07 0.254354E+07 0.237095E+07
    6.1875 0.136616E+07 0.143465E+07 0.129546E+07 0.242896E+07 0.254259E+07 0.237257E+07
    6.2000 0.136841E+07 0.143249E+07 0.129655E+07 0.243062E+07 0.254097E+07 0.237379E+07
    6.2125 0.137135E+07 0.142973E+07 0.129727E+07 0.243311E+07 0.253869E+07 0.237460E+07
    6.2250 0.137495E+07 0.142639E+07 0.129763E+07 0.243640E+07 0.253576E+07 0.237503E+07
    6.2375 0.137913E+07 0.142253E+07 0.129767E+07 0.244042E+07 0.253223E+07 0.237508E+07
    6.2500 0.138379E+07 0.141823E+07 0.129742E+07 0.244508E+07 0.252817E+07 0.237481E+07
    6.2625 0.138879E+07 0.141360E+07 0.129695E+07 0.245025E+07 0.252367E+07 0.237426E+07
    6.2750 0.139400E+07 0.140874E+07 0.129632E+07 0.245580E+07 0.251885E+07 0.237349E+07
    6.2875 0.139925E+07 0.140378E+07 0.129560E+07 0.246157E+07 0.251381E+07 0.237259E+07
    6.3000 0.140439E+07 0.139884E+07 0.129488E+07 0.246740E+07 0.250869E+07 0.237161E+07
    6.3125 0.140925E+07 0.139407E+07 0.129423E+07 0.247312E+07 0.250362E+07 0.237065E+07
    6.3250 0.141368E+07 0.138958E+07 0.129372E+07 0.247857E+07 0.249872E+07 0.236977E+07
    6.3375 0.141755E+07 0.138549E+07 0.129342E+07 0.248362E+07 0.249410E+07 0.236904E+07
    6.3500 0.142074E+07 0.138189E+07 0.129338E+07 0.248813E+07 0.248988E+07 0.236852E+07
    6.3625 0.142316E+07 0.137886E+07 0.129366E+07 0.249200E+07 0.248612E+07 0.236827E+07
    6.3750 0.142475E+07 0.137645E+07 0.129427E+07 0.249516E+07 0.248290E+07 0.236831E+07
    6.3875 0.142548E+07 0.137471E+07 0.129525E+07 0.249757E+07 0.248025E+07 0.236867E+07
    6.4000 0.142536E+07 0.137363E+07 0.129658E+07 0.249920E+07 0.247818E+07 0.236936E+07
    6.4125 0.142442E+07 0.137319E+07 0.129826E+07 0.250009E+07 0.247668E+07 0.237037E+07
    6.4250 0.142273E+07 0.137334E+07 0.130024E+07 0.250028E+07 0.247571E+07 0.237167E+07
    6.4375 0.142039E+07 0.137402E+07 0.130250E+07 0.249985E+07 0.247522E+07 0.237322E+07
    6.4500 0.141752E+07 0.137514E+07 0.130497E+07 0.249891E+07 0.247512E+07 0.237498E+07
    6.4625 0.141426E+07 0.137659E+07 0.130758E+07 0.249758E+07 0.247531E+07 0.237689E+07
    6.4750 0.141077E+07 0.137825E+07 0.131027E+07 0.249601E+07 0.247570E+07 0.237887E+07
    6.4875 0.140719E+07 0.138000E+07 0.131296E+07 0.249433E+07 0.247615E+07 0.238086E+07
    6.5000 0.140370E+07 0.138172E+07 0.131557E+07 0.249270E+07 0.247657E+07 0.238278E+07
    6.5125 0.140045E+07 0.138328E+07 0.131802E+07 0.249127E+07 0.247683E+07 0.238457E+07
    6.5250 0.139758E+07 0.138456E+07 0.132024E+07 0.249016E+07 0.247682E+07 0.238615E+07
    6.5375 0.139521E+07 0.138547E+07 0.132218E+07 0.248949E+07 0.247647E+07 0.238747E+07
    6.5500 0.139345E+07 0.138593E+07 0.132379E+07 0.248936E+07 0.247569E+07 0.238848E+07
    6.5625 0.139236E+07 0.138587E+07 0.132502E+07 0.248984E+07 0.247443E+07 0.238915E+07
    6.5750 0.139200E+07 0.138526E+07 0.132585E+07 0.249097E+07 0.247266E+07 0.238944E+07
    6.5875 0.139237E+07 0.138407E+07 0.132628E+07 0.249275E+07 0.247038E+07 0.238936E+07
    6.6000 0.139345E+07 0.138233E+07 0.132630E+07 0.249516E+07 0.246760E+07 0.238892E+07
    6.6125 0.139520E+07 0.138006E+07 0.132594E+07 0.249816E+07 0.246436E+07 0.238812E+07
    6.6250 0.139753E+07 0.137732E+07 0.132523E+07 0.250166E+07 0.246073E+07 0.238701E+07
    6.6375 0.140034E+07 0.137420E+07 0.132422E+07 0.250556E+07 0.245680E+07 0.238564E+07
    6.6500 0.140352E+07 0.137078E+07 0.132296E+07 0.250974E+07 0.245265E+07 0.238406E+07
    6.6625 0.140692E+07 0.136717E+07 0.132152E+07 0.251406E+07 0.244841E+07 0.238234E+07
    6.6750 0.141041E+07 0.136348E+07 0.131997E+07 0.251838E+07 0.244419E+07 0.238055E+07
    6.6875 0.141383E+07 0.135984E+07 0.131836E+07 0.252256E+07 0.244011E+07 0.237875E+07
    6.7000 0.141704E+07 0.135635E+07 0.131678E+07 0.252644E+07 0.243629E+07 0.237702E+07
    6.7125 0.141991E+07 0.135313E+07 0.131528E+07 0.252990E+07 0.243284E+07 0.237543E+07
    6.7250 0.142231E+07 0.135027E+07 0.131393E+07 0.253282E+07 0.242986E+07 0.237403E+07
    6.7375 0.142417E+07 0.134785E+07 0.131276E+07 0.253511E+07 0.242742E+07 0.237287E+07
    6.7500 0.142539E+07 0.134594E+07 0.131183E+07 0.253670E+07 0.242558E+07 0.237199E+07
    6.7625 0.142595E+07 0.134457E+07 0.131114E+07 0.253755E+07 0.242440E+07 0.237142E+07
    6.7750 0.142581E+07 0.134377E+07 0.131073E+07 0.253764E+07 0.242387E+07 0.237117E+07
    6.7875 0.142500E+07 0.134352E+07 0.131057E+07 0.253700E+07 0.242399E+07 0.237123E+07
    6.8000 0.142356E+07 0.134381E+07 0.131066E+07 0.253567E+07 0.242473E+07 0.237158E+07
    6.8125 0.142157E+07 0.134458E+07 0.131097E+07 0.253373E+07 0.242603E+07 0.237220E+07
    6.8250 0.141910E+07 0.134575E+07 0.131146E+07 0.253128E+07 0.242781E+07 0.237304E+07
    6.8375 0.141628E+07 0.134726E+07 0.131207E+07 0.252844E+07 0.242998E+07 0.237404E+07
    6.8500 0.141324E+07 0.134900E+07 0.131276E+07 0.252535E+07 0.243244E+07 0.237515E+07
    6.8625 0.141011E+07 0.135086E+07 0.131346E+07 0.252215E+07 0.243506E+07 0.237630E+07
    6.8750 0.140704E+07 0.135275E+07 0.131411E+07 0.251899E+07 0.243773E+07 0.237742E+07
    6.8875 0.140415E+07 0.135454E+07 0.131464E+07 0.251602E+07 0.244033E+07 0.237843E+07
    6.9000 0.140159E+07 0.135615E+07 0.131500E+07 0.251336E+07 0.244275E+07 0.237927E+07
    6.9125 0.139946E+07 0.135748E+07 0.131514E+07 0.251115E+07 0.244489E+07 0.237988E+07
    6.9250 0.139787E+07 0.135846E+07 0.131501E+07 0.250949E+07 0.244667E+07 0.238022E+07
    6.9375 0.139687E+07 0.135903E+07 0.131457E+07 0.250846E+07 0.244801E+07 0.238023E+07
    6.9500 0.139654E+07 0.135915E+07 0.131380E+07 0.250810E+07 0.244887E+07 0.237988E+07
    6.9625 0.139687E+07 0.135881E+07 0.131270E+07 0.250845E+07 0.244923E+07 0.237917E+07
    6.9750 0.139786E+07 0.135802E+07 0.131127E+07 0.250950E+07 0.244908E+07 0.237809E+07
    6.9875 0.139948E+07 0.135679E+07 0.130951E+07 0.251121E+07 0.244844E+07 0.237666E+07
    7.0000 0.140166E+07 0.135519E+07 0.130747E+07 0.251352E+07 0.244735E+07 0.237489E+07
    7.0125 0.140432E+07 0.135328E+07 0.130518E+07 0.251634E+07 0.244589E+07 0.237282E+07
    7.0250 0.140735E+07 0.135115E+07 0.130269E+07 0.251957E+07 0.244412E+07 0.237051E+07
    7.0375 0.141063E+07 0.134888E+07 0.130005E+07 0.252308E+07 0.244215E+07 0.236801E+07
    7.0500 0.141403E+07 0.134658E+07 0.129733E+07 0.252674E+07 0.244007E+07 0.236538E+07
    7.0625 0.141741E+07 0.134437E+07 0.129460E+07 0.253040E+07 0.243799E+07 0.236269E+07
    7.0750 0.142065E+07 0.134234E+07 0.129191E+07 0.253393E+07 0.243602E+07 0.236001E+07
    7.0875 0.142362E+07 0.134059E+07 0.128933E+07 0.253719E+07 0.243426E+07 0.235740E+07
    7.1000 0.142620E+07 0.133922E+07 0.128691E+07 0.254006E+07 0.243281E+07 0.235493E+07
    7.1125 0.142830E+07 0.133830E+07 0.128470E+07 0.254244E+07 0.243175E+07 0.235265E+07
    7.1250 0.142984E+07 0.133789E+07 0.128275E+07 0.254423E+07 0.243114E+07 0.235059E+07
    7.1375 0.143079E+07 0.133803E+07 0.128107E+07 0.254538E+07 0.243103E+07 0.234881E+07
    7.1500 0.143111E+07 0.133874E+07 0.127969E+07 0.254585E+07 0.243144E+07 0.234731E+07
    7.1625 0.143081E+07 0.134002E+07 0.127860E+07 0.254565E+07 0.243240E+07 0.234610E+07
    7.1750 0.142993E+07 0.134184E+07 0.127780E+07 0.254478E+07 0.243386E+07 0.234519E+07
    7.1875 0.142851E+07 0.134415E+07 0.127726E+07 0.254330E+07 0.243581E+07 0.234455E+07
    7.2000 0.142664E+07 0.134690E+07 0.127696E+07 0.254128E+07 0.243819E+07 0.234416E+07
    7.2125 0.142443E+07 0.135000E+07 0.127684E+07 0.253881E+07 0.244092E+07 0.234397E+07
    7.2250 0.142197E+07 0.135335E+07 0.127686E+07 0.253600E+07 0.244393E+07 0.234394E+07
    7.2375 0.141941E+07 0.135687E+07 0.127696E+07 0.253297E+07 0.244711E+07 0.234402E+07
    7.2500 0.141687E+07 0.136043E+07 0.127709E+07 0.252985E+07 0.245037E+07 0.234414E+07
    7.2625 0.141447E+07 0.136393E+07 0.127718E+07 0.252676E+07 0.245362E+07 0.234426E+07
    7.2750 0.141235E+07 0.136728E+07 0.127717E+07 0.252383E+07 0.245676E+07 0.234430E+07
    7.2875 0.141061E+07 0.137038E+07 0.127701E+07 0.252117E+07 0.245969E+07 0.234422E+07
    7.3000 0.140935E+07 0.137314E+07 0.127666E+07 0.251887E+07 0.246235E+07 0.234398E+07
    7.3125 0.140864E+07 0.137550E+07 0.127606E+07 0.251703E+07 0.246468E+07 0.234353E+07
    7.3250 0.140854E+07 0.137742E+07 0.127521E+07 0.251569E+07 0.246663E+07 0.234284E+07
    7.3375 0.140906E+07 0.137886E+07 0.127408E+07 0.251488E+07 0.246818E+07 0.234190E+07
    7.3500 0.141022E+07 0.137982E+07 0.127266E+07 0.251462E+07 0.246931E+07 0.234070E+07
    7.3625 0.141198E+07 0.138031E+07 0.127097E+07 0.251488E+07 0.247006E+07 0.233926E+07
    7.3750 0.141429E+07 0.138036E+07 0.126902E+07 0.251562E+07 0.247045E+07 0.233759E+07
    7.3875 0.141708E+07 0.138004E+07 0.126685E+07 0.251677E+07 0.247053E+07 0.233572E+07
    7.4000 0.142024E+07 0.137940E+07 0.126449E+07 0.251825E+07 0.247038E+07 0.233369E+07
    7.4125 0.142367E+07 0.137852E+07 0.126200E+07 0.251995E+07 0.247007E+07 0.233155E+07
    7.4250 0.142725E+07 0.137751E+07 0.125943E+07 0.252175E+07 0.246970E+07 0.232937E+07
    7.4375 0.143084E+07 0.137645E+07 0.125684E+07 0.252354E+07 0.246935E+07 0.232718E+07
    7.4500 0.143431E+07 0.137544E+07 0.125430E+07 0.252520E+07 0.246913E+07 0.232507E+07
    7.4625 0.143754E+07 0.137457E+07 0.125185E+07 0.252660E+07 0.246912E+07 0.232308E+07
    7.4750 0.144042E+07 0.137394E+07 0.124957E+07 0.252764E+07 0.246941E+07 0.232128E+07
    7.4875 0.144283E+07 0.137362E+07 0.124749E+07 0.252823E+07 0.247007E+07 0.231970E+07
    7.5000 0.144470E+07 0.137368E+07 0.124566E+07 0.252828E+07 0.247117E+07 0.231840E+07
    7.5125 0.144596E+07 0.137416E+07 0.124411E+07 0.252775E+07 0.247274E+07 0.231739E+07
    7.5250 0.144657E+07 0.137508E+07 0.124287E+07 0.252660E+07 0.247480E+07 0.231671E+07
    7.5375 0.144653E+07 0.137647E+07 0.124195E+07 0.252482E+07 0.247738E+07 0.231636E+07
    7.5500 0.144583E+07 0.137832E+07 0.124134E+07 0.252243E+07 0.248044E+07 0.231634E+07
    7.5625 0.144453E+07 0.138058E+07 0.124103E+07 0.251948E+07 0.248395E+07 0.231662E+07
    7.5750 0.144267E+07 0.138322E+07 0.124101E+07 0.251603E+07 0.248786E+07 0.231718E+07
    7.5875 0.144033E+07 0.138618E+07 0.124122E+07 0.251217E+07 0.249211E+07 0.231798E+07
    7.6000 0.143762E+07 0.138939E+07 0.124164E+07 0.250799E+07 0.249661E+07 0.231898E+07
    7.6125 0.143464E+07 0.139275E+07 0.124222E+07 0.250362E+07 0.250126E+07 0.232013E+07
    7.6250 0.143150E+07 0.139619E+07 0.124290E+07 0.249917E+07 0.250598E+07 0.232135E+07
    7.6375 0.142832E+07 0.139961E+07 0.124363E+07 0.249477E+07 0.251067E+07 0.232260E+07
    7.6500 0.142521E+07 0.140292E+07 0.124435E+07 0.249054E+07 0.251522E+07 0.232382E+07
    7.6625 0.142229E+07 0.140605E+07 0.124502E+07 0.248658E+07 0.251955E+07 0.232495E+07
    7.6750 0.141965E+07 0.140892E+07 0.124559E+07 0.248301E+07 0.252357E+07 0.232594E+07
    7.6875 0.141736E+07 0.141147E+07 0.124601E+07 0.247989E+07 0.252721E+07 0.232675E+07
    7.7000 0.141549E+07 0.141365E+07 0.124627E+07 0.247729E+07 0.253043E+07 0.232734E+07
    7.7125 0.141408E+07 0.141544E+07 0.124634E+07 0.247525E+07 0.253318E+07 0.232770E+07
    7.7250 0.141314E+07 0.141683E+07 0.124621E+07 0.247379E+07 0.253544E+07 0.232780E+07
    7.7375 0.141265E+07 0.141782E+07 0.124588E+07 0.247290E+07 0.253723E+07 0.232765E+07
    7.7500 0.141260E+07 0.141844E+07 0.124537E+07 0.247253E+07 0.253855E+07 0.232727E+07
    7.7625 0.141292E+07 0.141874E+07 0.124470E+07 0.247265E+07 0.253945E+07 0.232668E+07
    7.7750 0.141354E+07 0.141877E+07 0.124389E+07 0.247316E+07 0.253998E+07 0.232590E+07
    7.7875 0.141438E+07 0.141859E+07 0.124300E+07 0.247398E+07 0.254021E+07 0.232498E+07
    7.8000 0.141533E+07 0.141830E+07 0.124207E+07 0.247500E+07 0.254021E+07 0.232398E+07
    7.8125 0.141630E+07 0.141796E+07 0.124115E+07 0.247610E+07 0.254007E+07 0.232294E+07
    7.8250 0.141716E+07 0.141768E+07 0.124029E+07 0.247717E+07 0.253987E+07 0.232192E+07
    7.8375 0.141781E+07 0.141752E+07 0.123954E+07 0.247810E+07 0.253971E+07 0.232097E+07
    7.8500 0.141815E+07 0.141758E+07 0.123896E+07 0.247877E+07 0.253967E+07 0.232015E+07
    7.8625 0.141809E+07 0.141791E+07 0.123858E+07 0.247908E+07 0.253982E+07 0.231951E+07
    7.8750 0.141756E+07 0.141859E+07 0.123845E+07 0.247895E+07 0.254022E+07 0.231909E+07
    7.8875 0.141650E+07 0.141964E+07 0.123859E+07 0.247831E+07 0.254094E+07 0.231892E+07
    7.9000 0.141488E+07 0.142111E+07 0.123902E+07 0.247712E+07 0.254200E+07 0.231902E+07
    7.9125 0.141268E+07 0.142300E+07 0.123976E+07 0.247536E+07 0.254341E+07 0.231942E+07
    7.9250 0.140991E+07 0.142531E+07 0.124079E+07 0.247303E+07 0.254519E+07 0.232011E+07
    7.9375 0.140662E+07 0.142800E+07 0.124212E+07 0.247016E+07 0.254732E+07 0.232108E+07
    7.9500 0.140284E+07 0.143105E+07 0.124370E+07 0.246678E+07 0.254976E+07 0.232231E+07
    7.9625 0.139865E+07 0.143438E+07 0.124552E+07 0.246298E+07 0.255246E+07 0.232377E+07
    7.9750 0.139415E+07 0.143794E+07 0.124752E+07 0.245884E+07 0.255536E+07 0.232543E+07
    7.9875 0.138943E+07 0.144165E+07 0.124966E+07 0.245445E+07 0.255839E+07 0.232724E+07
    8.0000 0.138461E+07 0.144542E+07 0.125189E+07 0.244992E+07 0.256147E+07 0.232915E+07
    8.0125 0.137979E+07 0.144916E+07 0.125416E+07 0.244536E+07 0.256452E+07 0.233110E+07
    8.0250 0.137509E+07 0.145278E+07 0.125640E+07 0.244089E+07 0.256745E+07 0.233305E+07
    8.0375 0.137061E+07 0.145621E+07 0.125858E+07 0.243662E+07 0.257019E+07 0.233493E+07
    8.0500 0.136645E+07 0.145937E+07 0.126063E+07 0.243264E+07 0.257266E+07 0.233672E+07
    8.0625 0.136268E+07 0.146220E+07 0.126252E+07 0.242905E+07 0.257479E+07 0.233835E+07
    8.0750 0.135938E+07 0.146463E+07 0.126422E+07 0.242590E+07 0.257655E+07 0.233981E+07
    8.0875 0.135659E+07 0.146664E+07 0.126570E+07 0.242325E+07 0.257789E+07 0.234106E+07
    8.1000 0.135433E+07 0.146820E+07 0.126695E+07 0.242114E+07 0.257879E+07 0.234208E+07
    8.1125 0.135260E+07 0.146932E+07 0.126796E+07 0.241957E+07 0.257924E+07 0.234289E+07
    8.1250 0.135137E+07 0.146999E+07 0.126874E+07 0.241852E+07 0.257926E+07 0.234347E+07
    8.1375 0.135062E+07 0.147027E+07 0.126930E+07 0.241796E+07 0.257889E+07 0.234385E+07
    8.1500 0.135027E+07 0.147018E+07 0.126968E+07 0.241785E+07 0.257815E+07 0.234405E+07
    8.1625 0.135026E+07 0.146978E+07 0.126991E+07 0.241810E+07 0.257711E+07 0.234410E+07
    8.1750 0.135048E+07 0.146915E+07 0.127003E+07 0.241864E+07 0.257584E+07 0.234405E+07
    8.1875 0.135085E+07 0.146835E+07 0.127008E+07 0.241937E+07 0.257440E+07 0.234394E+07
    8.2000 0.135125E+07 0.146747E+07 0.127012E+07 0.242020E+07 0.257288E+07 0.234380E+07
    8.2125 0.135160E+07 0.146657E+07 0.127018E+07 0.242102E+07 0.257135E+07 0.234370E+07
    8.2250 0.135177E+07 0.146575E+07 0.127032E+07 0.242175E+07 0.256988E+07 0.234368E+07
    8.2375 0.135170E+07 0.146507E+07 0.127059E+07 0.242230E+07 0.256856E+07 0.234377E+07
    8.2500 0.135130E+07 0.146458E+07 0.127101E+07 0.242259E+07 0.256743E+07 0.234402E+07
    8.2625 0.135051E+07 0.146435E+07 0.127162E+07 0.242256E+07 0.256654E+07 0.234445E+07
    8.2750 0.134928E+07 0.146439E+07 0.127244E+07 0.242218E+07 0.256594E+07 0.234509E+07
    8.2875 0.134760E+07 0.146474E+07 0.127348E+07 0.242142E+07 0.256563E+07 0.234594E+07
    8.3000 0.134546E+07 0.146540E+07 0.127475E+07 0.242028E+07 0.256563E+07 0.234701E+07
    8.3125 0.134287E+07 0.146636E+07 0.127623E+07 0.241878E+07 0.256591E+07 0.234828E+07
    8.3250 0.133990E+07 0.146758E+07 0.127791E+07 0.241695E+07 0.256646E+07 0.234975E+07
    8.3375 0.133658E+07 0.146904E+07 0.127976E+07 0.241486E+07 0.256724E+07 0.235138E+07
    8.3500 0.133299E+07 0.147067E+07 0.128175E+07 0.241258E+07 0.256817E+07 0.235313E+07
    8.3625 0.132923E+07 0.147242E+07 0.128383E+07 0.241019E+07 0.256920E+07 0.235498E+07
    8.3750 0.132539E+07 0.147420E+07 0.128597E+07 0.240780E+07 0.257026E+07 0.235686E+07
    8.3875 0.132157E+07 0.147596E+07 0.128811E+07 0.240549E+07 0.257127E+07 0.235873E+07
    8.4000 0.131788E+07 0.147760E+07 0.129021E+07 0.240338E+07 0.257215E+07 0.236055E+07
    8.4125 0.131443E+07 0.147906E+07 0.129221E+07 0.240156E+07 0.257282E+07 0.236226E+07
    8.4250 0.131129E+07 0.148027E+07 0.129407E+07 0.240011E+07 0.257321E+07 0.236382E+07
    8.4375 0.130856E+07 0.148116E+07 0.129576E+07 0.239913E+07 0.257326E+07 0.236519E+07
    8.4500 0.130631E+07 0.148168E+07 0.129724E+07 0.239866E+07 0.257292E+07 0.236634E+07
    8.4625 0.130459E+07 0.148181E+07 0.129849E+07 0.239876E+07 0.257214E+07 0.236724E+07
    8.4750 0.130343E+07 0.148150E+07 0.129948E+07 0.239946E+07 0.257091E+07 0.236788E+07
    8.4875 0.130285E+07 0.148076E+07 0.130022E+07 0.240076E+07 0.256922E+07 0.236824E+07
    8.5000 0.130284E+07 0.147959E+07 0.130071E+07 0.240265E+07 0.256707E+07 0.236834E+07
    8.5125 0.130337E+07 0.147801E+07 0.130095E+07 0.240510E+07 0.256448E+07 0.236819E+07
    8.5250 0.130441E+07 0.147606E+07 0.130097E+07 0.240804E+07 0.256150E+07 0.236780E+07
    8.5375 0.130588E+07 0.147378E+07 0.130081E+07 0.241142E+07 0.255818E+07 0.236722E+07
    8.5500 0.130773E+07 0.147123E+07 0.130048E+07 0.241515E+07 0.255458E+07 0.236647E+07
    8.5625 0.130987E+07 0.146848E+07 0.130003E+07 0.241913E+07 0.255077E+07 0.236559E+07
    8.5750 0.131220E+07 0.146559E+07 0.129951E+07 0.242327E+07 0.254682E+07 0.236464E+07
    8.5875 0.131464E+07 0.146264E+07 0.129895E+07 0.242746E+07 0.254283E+07 0.236366E+07
    8.6000 0.131710E+07 0.145971E+07 0.129840E+07 0.243161E+07 0.253885E+07 0.236269E+07
    8.6125 0.131949E+07 0.145684E+07 0.129790E+07 0.243562E+07 0.253498E+07 0.236178E+07
    8.6250 0.132174E+07 0.145411E+07 0.129748E+07 0.243941E+07 0.253127E+07 0.236097E+07
    8.6375 0.132380E+07 0.145157E+07 0.129716E+07 0.244290E+07 0.252779E+07 0.236028E+07
    8.6500 0.132561E+07 0.144925E+07 0.129698E+07 0.244605E+07 0.252458E+07 0.235975E+07
    8.6625 0.132714E+07 0.144718E+07 0.129694E+07 0.244880E+07 0.252167E+07 0.235939E+07
    8.6750 0.132839E+07 0.144537E+07 0.129706E+07 0.245115E+07 0.251908E+07 0.235922E+07
    8.6875 0.132936E+07 0.144381E+07 0.129731E+07 0.245310E+07 0.251681E+07 0.235922E+07
    8.7000 0.133009E+07 0.144249E+07 0.129770E+07 0.245466E+07 0.251486E+07 0.235940E+07
    8.7125 0.133060E+07 0.144138E+07 0.129820E+07 0.245587E+07 0.251320E+07 0.235973E+07
    8.7250 0.133096E+07 0.144043E+07 0.129879E+07 0.245680E+07 0.251178E+07 0.236019E+07
    8.7375 0.133125E+07 0.143960E+07 0.129943E+07 0.245750E+07 0.251056E+07 0.236075E+07
    8.7500 0.133154E+07 0.143881E+07 0.130008E+07 0.245806E+07 0.250948E+07 0.236137E+07
    8.7625 0.133191E+07 0.143801E+07 0.130070E+07 0.245857E+07 0.250848E+07 0.236201E+07
    8.7750 0.133246E+07 0.143713E+07 0.130125E+07 0.245911E+07 0.250748E+07 0.236262E+07
    8.7875 0.133328E+07 0.143610E+07 0.130169E+07 0.245978E+07 0.250643E+07 0.236317E+07
    8.8000 0.133443E+07 0.143485E+07 0.130198E+07 0.246065E+07 0.250525E+07 0.236362E+07
    8.8125 0.133599E+07 0.143333E+07 0.130209E+07 0.246182E+07 0.250389E+07 0.236393E+07
    8.8250 0.133803E+07 0.143150E+07 0.130199E+07 0.246333E+07 0.250230E+07 0.236407E+07
    8.8375 0.134058E+07 0.142931E+07 0.130165E+07 0.246525E+07 0.250045E+07 0.236401E+07
    8.8500 0.134366E+07 0.142674E+07 0.130107E+07 0.246761E+07 0.249830E+07 0.236374E+07
    8.8625 0.134730E+07 0.142379E+07 0.130023E+07 0.247042E+07 0.249584E+07 0.236324E+07
    8.8750 0.135148E+07 0.142046E+07 0.129915E+07 0.247368E+07 0.249307E+07 0.236252E+07
    8.8875 0.135616E+07 0.141677E+07 0.129783E+07 0.247738E+07 0.249002E+07 0.236158E+07
    8.9000 0.136131E+07 0.141275E+07 0.129629E+07 0.248147E+07 0.248670E+07 0.236045E+07
    8.9125 0.136686E+07 0.140845E+07 0.129456E+07 0.248591E+07 0.248316E+07 0.235913E+07
    8.9250 0.137273E+07 0.140392E+07 0.129268E+07 0.249062E+07 0.247946E+07 0.235767E+07
    8.9375 0.137884E+07 0.139923E+07 0.129067E+07 0.249554E+07 0.247564E+07 0.235609E+07
    8.9500 0.138510E+07 0.139445E+07 0.128859E+07 0.250058E+07 0.247178E+07 0.235444E+07
    8.9625 0.139141E+07 0.138965E+07 0.128647E+07 0.250564E+07 0.246795E+07 0.235276E+07
    8.9750 0.139768E+07 0.138491E+07 0.128436E+07 0.251064E+07 0.246422E+07 0.235107E+07
    8.9875 0.140381E+07 0.138030E+07 0.128230E+07 0.251550E+07 0.246064E+07 0.234943E+07
    9.0000 0.140972E+07 0.137588E+07 0.128032E+07 0.252014E+07 0.245729E+07 0.234787E+07
    9.0125 0.141534E+07 0.137172E+07 0.127845E+07 0.252449E+07 0.245421E+07 0.234642E+07
    9.0250 0.142061E+07 0.136785E+07 0.127673E+07 0.252850E+07 0.245145E+07 0.234511E+07
    9.0375 0.142549E+07 0.136431E+07 0.127518E+07 0.253212E+07 0.244903E+07 0.234394E+07
    9.0500 0.142995E+07 0.136114E+07 0.127379E+07 0.253534E+07 0.244698E+07 0.234295E+07
    9.0625 0.143397E+07 0.135833E+07 0.127258E+07 0.253815E+07 0.244531E+07 0.234211E+07
    9.0750 0.143758E+07 0.135588E+07 0.127154E+07 0.254056E+07 0.244399E+07 0.234145E+07
    9.0875 0.144080E+07 0.135377E+07 0.127067E+07 0.254260E+07 0.244300E+07 0.234093E+07
    9.1000 0.144366E+07 0.135198E+07 0.126993E+07 0.254431E+07 0.244232E+07 0.234054E+07
    9.1125 0.144622E+07 0.135046E+07 0.126931E+07 0.254575E+07 0.244189E+07 0.234025E+07
    9.1250 0.144855E+07 0.134916E+07 0.126878E+07 0.254698E+07 0.244167E+07 0.234004E+07
    9.1375 0.145073E+07 0.134803E+07 0.126829E+07 0.254808E+07 0.244159E+07 0.233986E+07
    9.1500 0.145281E+07 0.134701E+07 0.126783E+07 0.254912E+07 0.244158E+07 0.233968E+07
    9.1625 0.145490E+07 0.134603E+07 0.126734E+07 0.255019E+07 0.244159E+07 0.233947E+07
    9.1750 0.145705E+07 0.134504E+07 0.126681E+07 0.255135E+07 0.244155E+07 0.233919E+07
    9.1875 0.145934E+07 0.134399E+07 0.126618E+07 0.255267E+07 0.244141E+07 0.233880E+07
    9.2000 0.146182E+07 0.134283E+07 0.126545E+07 0.255422E+07 0.244112E+07 0.233828E+07
    9.2125 0.146455E+07 0.134152E+07 0.126458E+07 0.255604E+07 0.244063E+07 0.233760E+07
    9.2250 0.146755E+07 0.134003E+07 0.126356E+07 0.255816E+07 0.243992E+07 0.233675E+07
    9.2375 0.147084E+07 0.133834E+07 0.126238E+07 0.256059E+07 0.243897E+07 0.233572E+07
    9.2500 0.147442E+07 0.133647E+07 0.126105E+07 0.256334E+07 0.243778E+07 0.233449E+07
    9.2625 0.147828E+07 0.133440E+07 0.125955E+07 0.256638E+07 0.243636E+07 0.233309E+07
    9.2750 0.148238E+07 0.133218E+07 0.125792E+07 0.256969E+07 0.243473E+07 0.233152E+07
    9.2875 0.148668E+07 0.132983E+07 0.125616E+07 0.257321E+07 0.243293E+07 0.232981E+07
    9.3000 0.149112E+07 0.132739E+07 0.125431E+07 0.257689E+07 0.243101E+07 0.232797E+07
    9.3125 0.149563E+07 0.132492E+07 0.125239E+07 0.258065E+07 0.242901E+07 0.232605E+07
    9.3250 0.150013E+07 0.132248E+07 0.125043E+07 0.258441E+07 0.242700E+07 0.232408E+07
    9.3375 0.150454E+07 0.132012E+07 0.124849E+07 0.258809E+07 0.242505E+07 0.232210E+07
    9.3500 0.150877E+07 0.131792E+07 0.124658E+07 0.259161E+07 0.242322E+07 0.232014E+07
    9.3625 0.151276E+07 0.131592E+07 0.124475E+07 0.259487E+07 0.242157E+07 0.231824E+07
    9.3750 0.151642E+07 0.131420E+07 0.124302E+07 0.259781E+07 0.242016E+07 0.231645E+07
    9.3875 0.151969E+07 0.131279E+07 0.124144E+07 0.260036E+07 0.241905E+07 0.231480E+07
    9.4000 0.152251E+07 0.131174E+07 0.124001E+07 0.260245E+07 0.241828E+07 0.231330E+07
    9.4125 0.152485E+07 0.131107E+07 0.123877E+07 0.260405E+07 0.241788E+07 0.231199E+07
    9.4250 0.152668E+07 0.131082E+07 0.123772E+07 0.260514E+07 0.241788E+07 0.231088E+07
    9.4375 0.152798E+07 0.131098E+07 0.123687E+07 0.260569E+07 0.241829E+07 0.230997E+07
    9.4500 0.152878E+07 0.131154E+07 0.123622E+07 0.260572E+07 0.241909E+07 0.230927E+07
    9.4625 0.152907E+07 0.131249E+07 0.123575E+07 0.260525E+07 0.242029E+07 0.230877E+07
    9.4750 0.152892E+07 0.131380E+07 0.123545E+07 0.260432E+07 0.242184E+07 0.230845E+07
    9.4875 0.152835E+07 0.131543E+07 0.123530E+07 0.260297E+07 0.242371E+07 0.230829E+07
    9.5000 0.152744E+07 0.131733E+07 0.123528E+07 0.260127E+07 0.242585E+07 0.230827E+07
    9.5125 0.152624E+07 0.131944E+07 0.123535E+07 0.259929E+07 0.242821E+07 0.230835E+07
    9.5250 0.152484E+07 0.132170E+07 0.123548E+07 0.259711E+07 0.243072E+07 0.230850E+07
    9.5375 0.152330E+07 0.132406E+07 0.123563E+07 0.259480E+07 0.243334E+07 0.230869E+07
    9.5500 0.152170E+07 0.132645E+07 0.123578E+07 0.259245E+07 0.243598E+07 0.230888E+07
    9.5625 0.152011E+07 0.132882E+07 0.123589E+07 0.259013E+07 0.243861E+07 0.230904E+07
    9.5750 0.151858E+07 0.133111E+07 0.123593E+07 0.258790E+07 0.244116E+07 0.230914E+07
    9.5875 0.151717E+07 0.133329E+07 0.123588E+07 0.258582E+07 0.244359E+07 0.230914E+07
    9.6000 0.151591E+07 0.133531E+07 0.123573E+07 0.258395E+07 0.244587E+07 0.230904E+07
    9.6125 0.151484E+07 0.133717E+07 0.123546E+07 0.258230E+07 0.244797E+07 0.230881E+07
    9.6250 0.151396E+07 0.133885E+07 0.123506E+07 0.258090E+07 0.244988E+07 0.230845E+07
    9.6375 0.151326E+07 0.134035E+07 0.123454E+07 0.257975E+07 0.245160E+07 0.230796E+07
    9.6500 0.151273E+07 0.134168E+07 0.123390E+07 0.257883E+07 0.245314E+07 0.230734E+07
    9.6625 0.151233E+07 0.134287E+07 0.123316E+07 0.257812E+07 0.245451E+07 0.230660E+07
    9.6750 0.151202E+07 0.134395E+07 0.123234E+07 0.257757E+07 0.245575E+07 0.230577E+07
    9.6875 0.151174E+07 0.134496E+07 0.123147E+07 0.257714E+07 0.245691E+07 0.230487E+07
    9.7000 0.151144E+07 0.134596E+07 0.123057E+07 0.257677E+07 0.245802E+07 0.230393E+07
    9.7125 0.151103E+07 0.134700E+07 0.122967E+07 0.257638E+07 0.245913E+07 0.230298E+07
    9.7250 0.151046E+07 0.134813E+07 0.122881E+07 0.257592E+07 0.246030E+07 0.230206E+07
    9.7375 0.150965E+07 0.134940E+07 0.122803E+07 0.257531E+07 0.246158E+07 0.230118E+07
    9.7500 0.150855E+07 0.135087E+07 0.122734E+07 0.257449E+07 0.246301E+07 0.230040E+07
    9.7625 0.150709E+07 0.135258E+07 0.122679E+07 0.257340E+07 0.246465E+07 0.229974E+07
    9.7750 0.150523E+07 0.135456E+07 0.122639E+07 0.257199E+07 0.246652E+07 0.229922E+07
    9.7875 0.150293E+07 0.135685E+07 0.122616E+07 0.257022E+07 0.246867E+07 0.229886E+07
    9.8000 0.150017E+07 0.135947E+07 0.122612E+07 0.256807E+07 0.247109E+07 0.229868E+07
    9.8125 0.149695E+07 0.136242E+07 0.122628E+07 0.256553E+07 0.247380E+07 0.229868E+07
    9.8250 0.149326E+07 0.136569E+07 0.122663E+07 0.256259E+07 0.247681E+07 0.229888E+07
    9.8375 0.148915E+07 0.136927E+07 0.122716E+07 0.255928E+07 0.248008E+07 0.229925E+07
    9.8500 0.148463E+07 0.137314E+07 0.122787E+07 0.255563E+07 0.248360E+07 0.229980E+07
    9.8625 0.147976E+07 0.137725E+07 0.122873E+07 0.255167E+07 0.248732E+07 0.230049E+07
    9.8750 0.147460E+07 0.138156E+07 0.122972E+07 0.254747E+07 0.249121E+07 0.230132E+07
    9.8875 0.146922E+07 0.138602E+07 0.123081E+07 0.254308E+07 0.249522E+07 0.230224E+07
    9.9000 0.146369E+07 0.139057E+07 0.123197E+07 0.253858E+07 0.249928E+07 0.230324E+07
    9.9125 0.145808E+07 0.139516E+07 0.123317E+07 0.253403E+07 0.250335E+07 0.230427E+07
    9.9250 0.145249E+07 0.139971E+07 0.123437E+07 0.252950E+07 0.250736E+07 0.230530E+07
    9.9375 0.144697E+07 0.140419E+07 0.123555E+07 0.252506E+07 0.251127E+07 0.230631E+07
    9.9500 0.144160E+07 0.140853E+07 0.123667E+07 0.252078E+07 0.251501E+07 0.230726E+07
    9.9625 0.143643E+07 0.141268E+07 0.123770E+07 0.251671E+07 0.251856E+07 0.230813E+07
    9.9750 0.143152E+07 0.141663E+07 0.123863E+07 0.251289E+07 0.252186E+07 0.230890E+07
    9.9875 0.142691E+07 0.142032E+07 0.123943E+07 0.250936E+07 0.252491E+07 0.230954E+07
   10.0000 0.142261E+07 0.142375E+07 0.124011E+07 0.250613E+07 0.252767E+07 0.231006E+07
   10.0125 0.141864E+07 0.142691E+07 0.124064E+07 0.250320E+07 0.253015E+07 0.231045E+07
   10.0250 0.141499E+07 0.142980E+07 0.124105E+07 0.250058E+07 0.253236E+07 0.231071E+07
   10.0375 0.141165E+07 0.143244E+07 0.124133E+07 0.249823E+07 0.253431E+07 0.231085E+07
   10.0500 0.140858E+07 0.143486E+07 0.124150E+07 0.249612E+07 0.253602E+07 0.231090E+07
   10.0625 0.140575E+07 0.143707E+07 0.124158E+07 0.249420E+07 0.253754E+07 0.231086E+07
   10.0750 0.140311E+07 0.143913E+07 0.124160E+07 0.249243E+07 0.253890E+07 0.231077E+07
   10.0875 0.140060E+07 0.144107E+07 0.124158E+07 0.249074E+07 0.254015E+07 0.231065E+07
   10.1000 0.139816E+07 0.144294E+07 0.124155E+07 0.248907E+07 0.254135E+07 0.231054E+07
