      Time   ANCHTEN1   ANCHTEN2   ANCHTEN3   FAIRTEN1   FAIRTEN2   FAIRTEN3
       (s)        (N)        (N)        (N)        (N)        (N)        (N)
    0.0000 0.134762E+07 0.134766E+07 0.134766E+07 0.243587E+07 0.243591E+07 0.243591E+07
    0.0125 0.134768E+07 0.134772E+07 0.134772E+07 0.243368E+07 0.243885E+07 0.243992E+07
    0.0250 0.134776E+07 0.134780E+07 0.134780E+07 0.243385E+07 0.243913E+07 0.244025E+07
    0.0375 0.134784E+07 0.134788E+07 0.134788E+07 0.243364E+07 0.244025E+07 0.244171E+07
    0.0500 0.134794E+07 0.134798E+07 0.134798E+07 0.243414E+07 0.244106E+07 0.244269E+07
    0.0625 0.134804E+07 0.134808E+07 0.134808E+07 0.243549E+07 0.244146E+07 0.244305E+07
    0.0750 0.134815E+07 0.134819E+07 0.134819E+07 0.243785E+07 0.244135E+07 0.244267E+07
    0.0875 0.134826E+07 0.134831E+07 0.134831E+07 0.244131E+07 0.244069E+07 0.244145E+07
    0.1000 0.134839E+07 0.134843E+07 0.134843E+07 0.244590E+07 0.243945E+07 0.243938E+07
    0.1125 0.134852E+07 0.134856E+07 0.134856E+07 0.245161E+07 0.243763E+07 0.243645E+07
    0.1250 0.134866E+07 0.134870E+07 0.134870E+07 0.245838E+07 0.243527E+07 0.243273E+07
    0.1375 0.134881E+07 0.134885E+07 0.134885E+07 0.246609E+07 0.243242E+07 0.242828E+07
    0.1500 0.134896E+07 0.134900E+07 0.134900E+07 0.247458E+07 0.242915E+07 0.242321E+07
    0.1625 0.134912E+07 0.134916E+07 0.134916E+07 0.248366E+07 0.242555E+07 0.241768E+07
    0.1750 0.134929E+07 0.134933E+07 0.134933E+07 0.249309E+07 0.242174E+07 0.241185E+07
    0.1875 0.134946E+07 0.134950E+07 0.134950E+07 0.250265E+07 0.241783E+07 0.240589E+07
    0.2000 0.134963E+07 0.134968E+07 0.134968E+07 0.251208E+07 0.241394E+07 0.239998E+07
    0.2125 0.134982E+07 0.134986E+07 0.134986E+07 0.252111E+07 0.241020E+07 0.239432E+07
    0.2250 0.135000E+07 0.135004E+07 0.135004E+07 0.252950E+07 0.240672E+07 0.238909E+07
    0.2375 0.135019E+07 0.135023E+07 0.135023E+07 0.253703E+07 0.240361E+07 0.238445E+07
    0.2500 0.135038E+07 0.135043E+07 0.135043E+07 0.254350E+07 0.240097E+07 0.238055E+07
    0.2625 0.135057E+07 0.135063E+07 0.135063E+07 0.254873E+07 0.239887E+07 0.237751E+07
    0.2750 0.135076E+07 0.135085E+07 0.135086E+07 0.255261E+07 0.239737E+07 0.237543E+07
    0.2875 0.135093E+07 0.135109E+07 0.135111E+07 0.255506E+07 0.239651E+07 0.237435E+07
    0.3000 0.135108E+07 0.135136E+07 0.135142E+07 0.255603E+07 0.239630E+07 0.237431E+07
    0.3125 0.135121E+07 0.135170E+07 0.135180E+07 0.255556E+07 0.239674E+07 0.237530E+07
    0.3250 0.135131E+07 0.135212E+07 0.135229E+07 0.255370E+07 0.239777E+07 0.237727E+07
    0.3375 0.135137E+07 0.135264E+07 0.135291E+07 0.255056E+07 0.239936E+07 0.238014E+07
    0.3500 0.135144E+07 0.135327E+07 0.135368E+07 0.254629E+07 0.240143E+07 0.238381E+07
    0.3625 0.135155E+07 0.135400E+07 0.135458E+07 0.254108E+07 0.240388E+07 0.238815E+07
    0.3750 0.135180E+07 0.135482E+07 0.135557E+07 0.253513E+07 0.240662E+07 0.239300E+07
    0.3875 0.135229E+07 0.135566E+07 0.135656E+07 0.252866E+07 0.240953E+07 0.239820E+07
    0.4000 0.135317E+07 0.135644E+07 0.135745E+07 0.252193E+07 0.241250E+07 0.240358E+07
    0.4125 0.135461E+07 0.135707E+07 0.135808E+07 0.251515E+07 0.241542E+07 0.240897E+07
    0.4250 0.135678E+07 0.135745E+07 0.135831E+07 0.250856E+07 0.241817E+07 0.241420E+07
    0.4375 0.135986E+07 0.135745E+07 0.135796E+07 0.250236E+07 0.242066E+07 0.241913E+07
    0.4500 0.136398E+07 0.135697E+07 0.135691E+07 0.249673E+07 0.242281E+07 0.242364E+07
    0.4625 0.136925E+07 0.135594E+07 0.135502E+07 0.249180E+07 0.242454E+07 0.242760E+07
    0.4750 0.137575E+07 0.135429E+07 0.135222E+07 0.248770E+07 0.242581E+07 0.243095E+07
    0.4875 0.138347E+07 0.135201E+07 0.134848E+07 0.248446E+07 0.242658E+07 0.243365E+07
    0.5000 0.139236E+07 0.134909E+07 0.134382E+07 0.248213E+07 0.242686E+07 0.243567E+07
    0.5125 0.140230E+07 0.134558E+07 0.133831E+07 0.248066E+07 0.242665E+07 0.243705E+07
    0.5250 0.141312E+07 0.134156E+07 0.133206E+07 0.247998E+07 0.242600E+07 0.243784E+07
    0.5375 0.142458E+07 0.133713E+07 0.132523E+07 0.248000E+07 0.242495E+07 0.243812E+07
    0.5500 0.143643E+07 0.133242E+07 0.131802E+07 0.248058E+07 0.242359E+07 0.243799E+07
    0.5625 0.144835E+07 0.132757E+07 0.131065E+07 0.248153E+07 0.242199E+07 0.243759E+07
    0.5750 0.146002E+07 0.132274E+07 0.130336E+07 0.248270E+07 0.242025E+07 0.243704E+07
    0.5875 0.147113E+07 0.131809E+07 0.129638E+07 0.248387E+07 0.241847E+07 0.243651E+07
    0.6000 0.148136E+07 0.131376E+07 0.128996E+07 0.248485E+07 0.241675E+07 0.243615E+07
    0.6125 0.149041E+07 0.130992E+07 0.128431E+07 0.248546E+07 0.241518E+07 0.243609E+07
    0.6250 0.149802E+07 0.130667E+07 0.127963E+07 0.248552E+07 0.241386E+07 0.243647E+07
    0.6375 0.150397E+07 0.130414E+07 0.127609E+07 0.248489E+07 0.241285E+07 0.243742E+07
    0.6500 0.150811E+07 0.130239E+07 0.127380E+07 0.248344E+07 0.241223E+07 0.243903E+07
    0.6625 0.151033E+07 0.130149E+07 0.127287E+07 0.248110E+07 0.241204E+07 0.244136E+07
    0.6750 0.151058E+07 0.130144E+07 0.127330E+07 0.247783E+07 0.241231E+07 0.244446E+07
    0.6875 0.150891E+07 0.130224E+07 0.127510E+07 0.247363E+07 0.241304E+07 0.244834E+07
    0.7000 0.150539E+07 0.130384E+07 0.127820E+07 0.246855E+07 0.241422E+07 0.245295E+07
    0.7125 0.150019E+07 0.130617E+07 0.128249E+07 0.246272E+07 0.241581E+07 0.245825E+07
    0.7250 0.149350E+07 0.130912E+07 0.128783E+07 0.245626E+07 0.241773E+07 0.246413E+07
    0.7375 0.148558E+07 0.131257E+07 0.129404E+07 0.244936E+07 0.241992E+07 0.247044E+07
    0.7500 0.147671E+07 0.131638E+07 0.130090E+07 0.244227E+07 0.242226E+07 0.247704E+07
    0.7625 0.146721E+07 0.132040E+07 0.130819E+07 0.243522E+07 0.242463E+07 0.248373E+07
    0.7750 0.145740E+07 0.132448E+07 0.131569E+07 0.242850E+07 0.242691E+07 0.249030E+07
    0.7875 0.144760E+07 0.132845E+07 0.132314E+07 0.242237E+07 0.242894E+07 0.249653E+07
    0.8000 0.143811E+07 0.133216E+07 0.133034E+07 0.241710E+07 0.243061E+07 0.250221E+07
    0.8125 0.142921E+07 0.133549E+07 0.133708E+07 0.241295E+07 0.243176E+07 0.250715E+07
    0.8250 0.142114E+07 0.133832E+07 0.134317E+07 0.241014E+07 0.243230E+07 0.251114E+07
    0.8375 0.141410E+07 0.134054E+07 0.134849E+07 0.240882E+07 0.243212E+07 0.251406E+07
    0.8500 0.140823E+07 0.134211E+07 0.135292E+07 0.240911E+07 0.243115E+07 0.251578E+07
    0.8625 0.140360E+07 0.134297E+07 0.135641E+07 0.241106E+07 0.242936E+07 0.251625E+07
    0.8750 0.140024E+07 0.134313E+07 0.135894E+07 0.241465E+07 0.242675E+07 0.251546E+07
    0.8875 0.139810E+07 0.134260E+07 0.136055E+07 0.241977E+07 0.242335E+07 0.251347E+07
    0.9000 0.139708E+07 0.134144E+07 0.136132E+07 0.242627E+07 0.241924E+07 0.251037E+07
    0.9125 0.139703E+07 0.133973E+07 0.136135E+07 0.243391E+07 0.241451E+07 0.250634E+07
    0.9250 0.139774E+07 0.133757E+07 0.136081E+07 0.244240E+07 0.240931E+07 0.250157E+07
    0.9375 0.139897E+07 0.133508E+07 0.135988E+07 0.245139E+07 0.240380E+07 0.249630E+07
    0.9500 0.140047E+07 0.133240E+07 0.135875E+07 0.246053E+07 0.239814E+07 0.249082E+07
    0.9625 0.140194E+07 0.132967E+07 0.135764E+07 0.246940E+07 0.239255E+07 0.248541E+07
    0.9750 0.140311E+07 0.132702E+07 0.135677E+07 0.247763E+07 0.238719E+07 0.248036E+07
    0.9875 0.140370E+07 0.132461E+07 0.135633E+07 0.248482E+07 0.238227E+07 0.247596E+07
    1.0000 0.140347E+07 0.132255E+07 0.135653E+07 0.249062E+07 0.237796E+07 0.247248E+07
    1.0125 0.140220E+07 0.132095E+07 0.135753E+07 0.249474E+07 0.237441E+07 0.247015E+07
    1.0250 0.139971E+07 0.131992E+07 0.135946E+07 0.249691E+07 0.237174E+07 0.246915E+07
    1.0375 0.139589E+07 0.131951E+07 0.136244E+07 0.249696E+07 0.237004E+07 0.246964E+07
    1.0500 0.139068E+07 0.131976E+07 0.136650E+07 0.249477E+07 0.236938E+07 0.247170E+07
    1.0625 0.138406E+07 0.132068E+07 0.137166E+07 0.249034E+07 0.236976E+07 0.247535E+07
    1.0750 0.137611E+07 0.132224E+07 0.137787E+07 0.248370E+07 0.237116E+07 0.248056E+07
    1.0875 0.136694E+07 0.132440E+07 0.138506E+07 0.247501E+07 0.237353E+07 0.248723E+07
    1.1000 0.135674E+07 0.132707E+07 0.139309E+07 0.246448E+07 0.237676E+07 0.249521E+07
    1.1125 0.134574E+07 0.133014E+07 0.140180E+07 0.245238E+07 0.238072E+07 0.250430E+07
    1.1250 0.133422E+07 0.133348E+07 0.141097E+07 0.243905E+07 0.238525E+07 0.251425E+07
    1.1375 0.132247E+07 0.133696E+07 0.142037E+07 0.242488E+07 0.239018E+07 0.252479E+07
    1.1500 0.131082E+07 0.134041E+07 0.142977E+07 0.241027E+07 0.239532E+07 0.253562E+07
    1.1625 0.129961E+07 0.134368E+07 0.143891E+07 0.239564E+07 0.240046E+07 0.254642E+07
    1.1750 0.128916E+07 0.134661E+07 0.144754E+07 0.238140E+07 0.240542E+07 0.255691E+07
    1.1875 0.127976E+07 0.134904E+07 0.145543E+07 0.236794E+07 0.241001E+07 0.256678E+07
    1.2000 0.127167E+07 0.135086E+07 0.146236E+07 0.235564E+07 0.241406E+07 0.257578E+07
    1.2125 0.126512E+07 0.135196E+07 0.146816E+07 0.234478E+07 0.241743E+07 0.258368E+07
    1.2250 0.126026E+07 0.135224E+07 0.147270E+07 0.233563E+07 0.242000E+07 0.259030E+07
    1.2375 0.125717E+07 0.135168E+07 0.147591E+07 0.232834E+07 0.242171E+07 0.259550E+07
    1.2500 0.125588E+07 0.135025E+07 0.147774E+07 0.232304E+07 0.242249E+07 0.259923E+07
    1.2625 0.125632E+07 0.134797E+07 0.147824E+07 0.231973E+07 0.242236E+07 0.260145E+07
    1.2750 0.125838E+07 0.134492E+07 0.147747E+07 0.231837E+07 0.242133E+07 0.260222E+07
    1.2875 0.126185E+07 0.134117E+07 0.147559E+07 0.231882E+07 0.241947E+07 0.260164E+07
    1.3000 0.126648E+07 0.133686E+07 0.147278E+07 0.232089E+07 0.241689E+07 0.259986E+07
    1.3125 0.127195E+07 0.133214E+07 0.146926E+07 0.232433E+07 0.241372E+07 0.259707E+07
    1.3250 0.127791E+07 0.132717E+07 0.146528E+07 0.232882E+07 0.241010E+07 0.259350E+07
    1.3375 0.128399E+07 0.132215E+07 0.146114E+07 0.233404E+07 0.240619E+07 0.258940E+07
    1.3500 0.128981E+07 0.131726E+07 0.145711E+07 0.233963E+07 0.240218E+07 0.258505E+07
    1.3625 0.129499E+07 0.131268E+07 0.145347E+07 0.234525E+07 0.239824E+07 0.258070E+07
    1.3750 0.129918E+07 0.130860E+07 0.145051E+07 0.235054E+07 0.239454E+07 0.257663E+07
    1.3875 0.130205E+07 0.130517E+07 0.144844E+07 0.235521E+07 0.239123E+07 0.257306E+07
    1.4000 0.130336E+07 0.130252E+07 0.144749E+07 0.235897E+07 0.238845E+07 0.257021E+07
    1.4125 0.130289E+07 0.130076E+07 0.144780E+07 0.236161E+07 0.238631E+07 0.256823E+07
    1.4250 0.130053E+07 0.129994E+07 0.144947E+07 0.236297E+07 0.238488E+07 0.256726E+07
    1.4375 0.129622E+07 0.130011E+07 0.145255E+07 0.236297E+07 0.238422E+07 0.256735E+07
    1.4500 0.129000E+07 0.130126E+07 0.145702E+07 0.236161E+07 0.238433E+07 0.256851E+07
    1.4625 0.128197E+07 0.130332E+07 0.146280E+07 0.235893E+07 0.238518E+07 0.257071E+07
    1.4750 0.127234E+07 0.130623E+07 0.146975E+07 0.235508E+07 0.238672E+07 0.257383E+07
    1.4875 0.126135E+07 0.130986E+07 0.147769E+07 0.235026E+07 0.238886E+07 0.257772E+07
    1.5000 0.124933E+07 0.131405E+07 0.148638E+07 0.234472E+07 0.239146E+07 0.258221E+07
    1.5125 0.123665E+07 0.131865E+07 0.149555E+07 0.233876E+07 0.239438E+07 0.258704E+07
    1.5250 0.122369E+07 0.132346E+07 0.150491E+07 0.233273E+07 0.239747E+07 0.259197E+07
    1.5375 0.121088E+07 0.132830E+07 0.151416E+07 0.232696E+07 0.240055E+07 0.259672E+07
    1.5500 0.119863E+07 0.133296E+07 0.152298E+07 0.232182E+07 0.240344E+07 0.260101E+07
    1.5625 0.118734E+07 0.133726E+07 0.153108E+07 0.231765E+07 0.240599E+07 0.260456E+07
    1.5750 0.117736E+07 0.134102E+07 0.153819E+07 0.231475E+07 0.240804E+07 0.260713E+07
    1.5875 0.116903E+07 0.134410E+07 0.154407E+07 0.231339E+07 0.240945E+07 0.260850E+07
    1.6000 0.116261E+07 0.134638E+07 0.154853E+07 0.231378E+07 0.241012E+07 0.260849E+07
    1.6125 0.115828E+07 0.134777E+07 0.155142E+07 0.231605E+07 0.240996E+07 0.260700E+07
    1.6250 0.115616E+07 0.134820E+07 0.155266E+07 0.232029E+07 0.240895E+07 0.260398E+07
    1.6375 0.115629E+07 0.134768E+07 0.155220E+07 0.232647E+07 0.240707E+07 0.259943E+07
    1.6500 0.115863E+07 0.134622E+07 0.155008E+07 0.233450E+07 0.240436E+07 0.259342E+07
    1.6625 0.116305E+07 0.134389E+07 0.154638E+07 0.234422E+07 0.240090E+07 0.258608E+07
    1.6750 0.116938E+07 0.134077E+07 0.154125E+07 0.235539E+07 0.239679E+07 0.257759E+07
    1.6875 0.117735E+07 0.133700E+07 0.153487E+07 0.236770E+07 0.239216E+07 0.256816E+07
    1.7000 0.118666E+07 0.133272E+07 0.152749E+07 0.238081E+07 0.238720E+07 0.255806E+07
    1.7125 0.119696E+07 0.132811E+07 0.151936E+07 0.239432E+07 0.238206E+07 0.254758E+07
    1.7250 0.120788E+07 0.132333E+07 0.151079E+07 0.240782E+07 0.237696E+07 0.253702E+07
    1.7375 0.121905E+07 0.131858E+07 0.150205E+07 0.242091E+07 0.237208E+07 0.252668E+07
    1.7500 0.123011E+07 0.131403E+07 0.149343E+07 0.243317E+07 0.236762E+07 0.251687E+07
    1.7625 0.124069E+07 0.130985E+07 0.148520E+07 0.244424E+07 0.236376E+07 0.250786E+07
    1.7750 0.125050E+07 0.130619E+07 0.147760E+07 0.245378E+07 0.236065E+07 0.249989E+07
    1.7875 0.125927E+07 0.130318E+07 0.147082E+07 0.246154E+07 0.235842E+07 0.249318E+07
    1.8000 0.126681E+07 0.130090E+07 0.146501E+07 0.246731E+07 0.235718E+07 0.248786E+07
    1.8125 0.127299E+07 0.129943E+07 0.146026E+07 0.247097E+07 0.235699E+07 0.248404E+07
    1.8250 0.127776E+07 0.129878E+07 0.145660E+07 0.247248E+07 0.235786E+07 0.248175E+07
    1.8375 0.128112E+07 0.129895E+07 0.145403E+07 0.247188E+07 0.235977E+07 0.248095E+07
    1.8500 0.128319E+07 0.129989E+07 0.145245E+07 0.246933E+07 0.236266E+07 0.248155E+07
    1.8625 0.128411E+07 0.130153E+07 0.145175E+07 0.246501E+07 0.236644E+07 0.248341E+07
    1.8750 0.128411E+07 0.130374E+07 0.145174E+07 0.245922E+07 0.237098E+07 0.248631E+07
    1.8875 0.128347E+07 0.130640E+07 0.145220E+07 0.245230E+07 0.237610E+07 0.249002E+07
    1.9000 0.128250E+07 0.130935E+07 0.145289E+07 0.244463E+07 0.238163E+07 0.249426E+07
    1.9125 0.128153E+07 0.131243E+07 0.145356E+07 0.243664E+07 0.238737E+07 0.249872E+07
    1.9250 0.128091E+07 0.131546E+07 0.145392E+07 0.242874E+07 0.239311E+07 0.250310E+07
    1.9375 0.128098E+07 0.131828E+07 0.145372E+07 0.242137E+07 0.239865E+07 0.250709E+07
    1.9500 0.128205E+07 0.132072E+07 0.145272E+07 0.241493E+07 0.240379E+07 0.251040E+07
    1.9625 0.128441E+07 0.132264E+07 0.145069E+07 0.240979E+07 0.240836E+07 0.251275E+07
    1.9750 0.128827E+07 0.132393E+07 0.144746E+07 0.240625E+07 0.241220E+07 0.251394E+07
    1.9875 0.129382E+07 0.132449E+07 0.144290E+07 0.240458E+07 0.241519E+07 0.251378E+07
    2.0000 0.130114E+07 0.132426E+07 0.143695E+07 0.240493E+07 0.241724E+07 0.251214E+07
    2.0125 0.131026E+07 0.132323E+07 0.142958E+07 0.240742E+07 0.241830E+07 0.250896E+07
    2.0250 0.132114E+07 0.132140E+07 0.142083E+07 0.241205E+07 0.241836E+07 0.250424E+07
    2.0375 0.133363E+07 0.131883E+07 0.141081E+07 0.241875E+07 0.241745E+07 0.249804E+07
    2.0500 0.134756E+07 0.131560E+07 0.139967E+07 0.242738E+07 0.241565E+07 0.249046E+07
    2.0625 0.136264E+07 0.131183E+07 0.138762E+07 0.243770E+07 0.241304E+07 0.248168E+07
    2.0750 0.137857E+07 0.130766E+07 0.137489E+07 0.244943E+07 0.240978E+07 0.247192E+07
    2.0875 0.139498E+07 0.130326E+07 0.136176E+07 0.246224E+07 0.240600E+07 0.246144E+07
    2.1000 0.141150E+07 0.129880E+07 0.134853E+07 0.247576E+07 0.240191E+07 0.245050E+07
    2.1125 0.142773E+07 0.129447E+07 0.133548E+07 0.248959E+07 0.239767E+07 0.243940E+07
    2.1250 0.144329E+07 0.129044E+07 0.132293E+07 0.250334E+07 0.239347E+07 0.242845E+07
    2.1375 0.145779E+07 0.128690E+07 0.131114E+07 0.251662E+07 0.238951E+07 0.241793E+07
    2.1500 0.147091E+07 0.128399E+07 0.130037E+07 0.252907E+07 0.238595E+07 0.240810E+07
    2.1625 0.148237E+07 0.128186E+07 0.129083E+07 0.254039E+07 0.238295E+07 0.239919E+07
    2.1750 0.149193E+07 0.128060E+07 0.128269E+07 0.255031E+07 0.238062E+07 0.239139E+07
    2.1875 0.149946E+07 0.128029E+07 0.127606E+07 0.255863E+07 0.237906E+07 0.238485E+07
    2.2000 0.150487E+07 0.128097E+07 0.127100E+07 0.256524E+07 0.237832E+07 0.237964E+07
    2.2125 0.150816E+07 0.128263E+07 0.126751E+07 0.257009E+07 0.237844E+07 0.237580E+07
    2.2250 0.150943E+07 0.128523E+07 0.126552E+07 0.257320E+07 0.237938E+07 0.237330E+07
    2.2375 0.150882E+07 0.128870E+07 0.126491E+07 0.257468E+07 0.238110E+07 0.237204E+07
    2.2500 0.150657E+07 0.129292E+07 0.126552E+07 0.257471E+07 0.238351E+07 0.237190E+07
    2.2625 0.150296E+07 0.129776E+07 0.126713E+07 0.257351E+07 0.238650E+07 0.237269E+07
    2.2750 0.149833E+07 0.130304E+07 0.126950E+07 0.257137E+07 0.238991E+07 0.237419E+07
    2.2875 0.149305E+07 0.130860E+07 0.127234E+07 0.256861E+07 0.239360E+07 0.237616E+07
    2.3000 0.148751E+07 0.131424E+07 0.127539E+07 0.256556E+07 0.239739E+07 0.237834E+07
    2.3125 0.148210E+07 0.131977E+07 0.127834E+07 0.256258E+07 0.240111E+07 0.238047E+07
    2.3250 0.147719E+07 0.132501E+07 0.128092E+07 0.255998E+07 0.240459E+07 0.238230E+07
    2.3375 0.147314E+07 0.132977E+07 0.128289E+07 0.255809E+07 0.240767E+07 0.238360E+07
    2.3500 0.147025E+07 0.133392E+07 0.128402E+07 0.255717E+07 0.241021E+07 0.238416E+07
    2.3625 0.146877E+07 0.133732E+07 0.128413E+07 0.255743E+07 0.241209E+07 0.238383E+07
    2.3750 0.146889E+07 0.133988E+07 0.128310E+07 0.255903E+07 0.241324E+07 0.238249E+07
    2.3875 0.147071E+07 0.134154E+07 0.128086E+07 0.256205E+07 0.241359E+07 0.238008E+07
    2.4000 0.147426E+07 0.134227E+07 0.127738E+07 0.256651E+07 0.241314E+07 0.237659E+07
    2.4125 0.147952E+07 0.134210E+07 0.127271E+07 0.257235E+07 0.241191E+07 0.237208E+07
    2.4250 0.148635E+07 0.134107E+07 0.126694E+07 0.257942E+07 0.240995E+07 0.236666E+07
    2.4375 0.149457E+07 0.133927E+07 0.126024E+07 0.258754E+07 0.240736E+07 0.236047E+07
    2.4500 0.150392E+07 0.133681E+07 0.125278E+07 0.259643E+07 0.240424E+07 0.235371E+07
    2.4625 0.151410E+07 0.133384E+07 0.124481E+07 0.260579E+07 0.240076E+07 0.234663E+07
    2.4750 0.152478E+07 0.133052E+07 0.123659E+07 0.261527E+07 0.239707E+07 0.233948E+07
    2.4875 0.153558E+07 0.132702E+07 0.122838E+07 0.262452E+07 0.239335E+07 0.233254E+07
    2.5000 0.154613E+07 0.132351E+07 0.122047E+07 0.263317E+07 0.238977E+07 0.232608E+07
    2.5125 0.155606E+07 0.132018E+07 0.121313E+07 0.264084E+07 0.238651E+07 0.232037E+07
    2.5250 0.156504E+07 0.131719E+07 0.120662E+07 0.264722E+07 0.238373E+07 0.231566E+07
    2.5375 0.157275E+07 0.131468E+07 0.120117E+07 0.265200E+07 0.238158E+07 0.231217E+07
    2.5500 0.157893E+07 0.131279E+07 0.119695E+07 0.265495E+07 0.238018E+07 0.231008E+07
    2.5625 0.158338E+07 0.131160E+07 0.119413E+07 0.265588E+07 0.237962E+07 0.230952E+07
    2.5750 0.158596E+07 0.131120E+07 0.119278E+07 0.265469E+07 0.237996E+07 0.231057E+07
    2.5875 0.158661E+07 0.131160E+07 0.119295E+07 0.265134E+07 0.238121E+07 0.231324E+07
    2.6000 0.158535E+07 0.131280E+07 0.119462E+07 0.264588E+07 0.238336E+07 0.231751E+07
    2.6125 0.158224E+07 0.131477E+07 0.119771E+07 0.263841E+07 0.238636E+07 0.232327E+07
    2.6250 0.157744E+07 0.131743E+07 0.120212E+07 0.262913E+07 0.239011E+07 0.233039E+07
    2.6375 0.157115E+07 0.132068E+07 0.120766E+07 0.261831E+07 0.239449E+07 0.233866E+07
    2.6500 0.156364E+07 0.132439E+07 0.121414E+07 0.260626E+07 0.239936E+07 0.234786E+07
    2.6625 0.155520E+07 0.132842E+07 0.122132E+07 0.259334E+07 0.240454E+07 0.235773E+07
    2.6750 0.154616E+07 0.133260E+07 0.122894E+07 0.257994E+07 0.240986E+07 0.236797E+07
    2.6875 0.153684E+07 0.133676E+07 0.123677E+07 0.256646E+07 0.241513E+07 0.237831E+07
    2.7000 0.152758E+07 0.134075E+07 0.124452E+07 0.255328E+07 0.242015E+07 0.238845E+07
    2.7125 0.151869E+07 0.134440E+07 0.125198E+07 0.254079E+07 0.242476E+07 0.239813E+07
    2.7250 0.151046E+07 0.134757E+07 0.125892E+07 0.252932E+07 0.242878E+07 0.240709E+07
    2.7375 0.150314E+07 0.135014E+07 0.126516E+07 0.251914E+07 0.243208E+07 0.241513E+07
    2.7500 0.149690E+07 0.135202E+07 0.127057E+07 0.251050E+07 0.243455E+07 0.242208E+07
    2.7625 0.149189E+07 0.135314E+07 0.127505E+07 0.250356E+07 0.243610E+07 0.242782E+07
    2.7750 0.148816E+07 0.135346E+07 0.127856E+07 0.249840E+07 0.243670E+07 0.243229E+07
    2.7875 0.148569E+07 0.135299E+07 0.128113E+07 0.249504E+07 0.243632E+07 0.243548E+07
    2.8000 0.148442E+07 0.135177E+07 0.128280E+07 0.249343E+07 0.243502E+07 0.243745E+07
    2.8125 0.148420E+07 0.134986E+07 0.128370E+07 0.249342E+07 0.243284E+07 0.243828E+07
    2.8250 0.148481E+07 0.134736E+07 0.128399E+07 0.249482E+07 0.242989E+07 0.243814E+07
    2.8375 0.148602E+07 0.134439E+07 0.128385E+07 0.249739E+07 0.242630E+07 0.243722E+07
    2.8500 0.148752E+07 0.134110E+07 0.128350E+07 0.250082E+07 0.242221E+07 0.243573E+07
    2.8625 0.148900E+07 0.133764E+07 0.128318E+07 0.250479E+07 0.241778E+07 0.243393E+07
    2.8750 0.149013E+07 0.133417E+07 0.128315E+07 0.250895E+07 0.241321E+07 0.243207E+07
    2.8875 0.149059E+07 0.133086E+07 0.128364E+07 0.251294E+07 0.240865E+07 0.243041E+07
    2.9000 0.149007E+07 0.132787E+07 0.128488E+07 0.251643E+07 0.240428E+07 0.242920E+07
    2.9125 0.148831E+07 0.132533E+07 0.128707E+07 0.251910E+07 0.240027E+07 0.242867E+07
    2.9250 0.148506E+07 0.132337E+07 0.129039E+07 0.252068E+07 0.239676E+07 0.242903E+07
    2.9375 0.148015E+07 0.132207E+07 0.129496E+07 0.252095E+07 0.239386E+07 0.243042E+07
    2.9500 0.147348E+07 0.132152E+07 0.130086E+07 0.251973E+07 0.239166E+07 0.243297E+07
    2.9625 0.146500E+07 0.132174E+07 0.130813E+07 0.251692E+07 0.239021E+07 0.243675E+07
    2.9750 0.145473E+07 0.132273E+07 0.131674E+07 0.251249E+07 0.238955E+07 0.244176E+07
    2.9875 0.144276E+07 0.132445E+07 0.132662E+07 0.250647E+07 0.238965E+07 0.244797E+07
    3.0000 0.142928E+07 0.132685E+07 0.133765E+07 0.249897E+07 0.239047E+07 0.245529E+07
    3.0125 0.141449E+07 0.132983E+07 0.134965E+07 0.249015E+07 0.239193E+07 0.246359E+07
    3.0250 0.139868E+07 0.133326E+07 0.136241E+07 0.248022E+07 0.239394E+07 0.247268E+07
    3.0375 0.138216E+07 0.133700E+07 0.137570E+07 0.246946E+07 0.239635E+07 0.248238E+07
    3.0500 0.136529E+07 0.134089E+07 0.138925E+07 0.245815E+07 0.239904E+07 0.249243E+07
    3.0625 0.134843E+07 0.134476E+07 0.140280E+07 0.244661E+07 0.240183E+07 0.250260E+07
    3.0750 0.133193E+07 0.134845E+07 0.141608E+07 0.243515E+07 0.240459E+07 0.251265E+07
    3.0875 0.131615E+07 0.135179E+07 0.142882E+07 0.242410E+07 0.240714E+07 0.252232E+07
    3.1000 0.130142E+07 0.135464E+07 0.144079E+07 0.241374E+07 0.240935E+07 0.253137E+07
    3.1125 0.128800E+07 0.135685E+07 0.145178E+07 0.240433E+07 0.241110E+07 0.253952E+07
    3.1250 0.127614E+07 0.135833E+07 0.146161E+07 0.239608E+07 0.241226E+07 0.254646E+07
    3.1375 0.126600E+07 0.135900E+07 0.147017E+07 0.238915E+07 0.241277E+07 0.255192E+07
    3.1500 0.125768E+07 0.135879E+07 0.147736E+07 0.238363E+07 0.241258E+07 0.255578E+07
    3.1625 0.125124E+07 0.135771E+07 0.148315E+07 0.237957E+07 0.241166E+07 0.255816E+07
    3.1750 0.124662E+07 0.135576E+07 0.148754E+07 0.237693E+07 0.241004E+07 0.255935E+07
    3.1875 0.124373E+07 0.135301E+07 0.149053E+07 0.237562E+07 0.240775E+07 0.255974E+07
    3.2000 0.124242E+07 0.134952E+07 0.149218E+07 0.237549E+07 0.240488E+07 0.255964E+07
    3.2125 0.124246E+07 0.134542E+07 0.149256E+07 0.237633E+07 0.240152E+07 0.255929E+07
    3.2250 0.124359E+07 0.134083E+07 0.149186E+07 0.237791E+07 0.239781E+07 0.255885E+07
    3.2375 0.124552E+07 0.133591E+07 0.149033E+07 0.237993E+07 0.239388E+07 0.255842E+07
    3.2500 0.124794E+07 0.133080E+07 0.148830E+07 0.238211E+07 0.238987E+07 0.255809E+07
    3.2625 0.125052E+07 0.132568E+07 0.148617E+07 0.238415E+07 0.238596E+07 0.255796E+07
    3.2750 0.125295E+07 0.132070E+07 0.148432E+07 0.238576E+07 0.238228E+07 0.255815E+07
    3.2875 0.125493E+07 0.131603E+07 0.148310E+07 0.238666E+07 0.237898E+07 0.255878E+07
    3.3000 0.125620E+07 0.131179E+07 0.148277E+07 0.238661E+07 0.237618E+07 0.255998E+07
    3.3125 0.125655E+07 0.130809E+07 0.148350E+07 0.238543E+07 0.237399E+07 0.256189E+07
    3.3250 0.125579E+07 0.130504E+07 0.148537E+07 0.238297E+07 0.237249E+07 0.256462E+07
    3.3375 0.125383E+07 0.130269E+07 0.148840E+07 0.237915E+07 0.237172E+07 0.256825E+07
    3.3500 0.125062E+07 0.130108E+07 0.149252E+07 0.237395E+07 0.237171E+07 0.257282E+07
    3.3625 0.124617E+07 0.130019E+07 0.149764E+07 0.236743E+07 0.237244E+07 0.257831E+07
    3.3750 0.124056E+07 0.130001E+07 0.150361E+07 0.235969E+07 0.237386E+07 0.258467E+07
    3.3875 0.123393E+07 0.130047E+07 0.151028E+07 0.235091E+07 0.237591E+07 0.259176E+07
    3.4000 0.122647E+07 0.130148E+07 0.151745E+07 0.234132E+07 0.237848E+07 0.259944E+07
    3.4125 0.121841E+07 0.130294E+07 0.152494E+07 0.233118E+07 0.238145E+07 0.260751E+07
    3.4250 0.121003E+07 0.130471E+07 0.153253E+07 0.232079E+07 0.238468E+07 0.261573E+07
    3.4375 0.120160E+07 0.130666E+07 0.153998E+07 0.231047E+07 0.238801E+07 0.262388E+07
    3.4500 0.119344E+07 0.130864E+07 0.154708E+07 0.230057E+07 0.239129E+07 0.263170E+07
    3.4625 0.118582E+07 0.131052E+07 0.155358E+07 0.229140E+07 0.239437E+07 0.263894E+07
    3.4750 0.117903E+07 0.131215E+07 0.155928E+07 0.228326E+07 0.239710E+07 0.264538E+07
    3.4875 0.117331E+07 0.131341E+07 0.156399E+07 0.227644E+07 0.239934E+07 0.265080E+07
    3.5000 0.116888E+07 0.131420E+07 0.156755E+07 0.227116E+07 0.240098E+07 0.265503E+07
    3.5125 0.116590E+07 0.131443E+07 0.156985E+07 0.226761E+07 0.240193E+07 0.265791E+07
    3.5250 0.116448E+07 0.131406E+07 0.157083E+07 0.226591E+07 0.240213E+07 0.265935E+07
    3.5375 0.116466E+07 0.131305E+07 0.157049E+07 0.226610E+07 0.240156E+07 0.265929E+07
    3.5500 0.116644E+07 0.131141E+07 0.156887E+07 0.226820E+07 0.240020E+07 0.265774E+07
    3.5625 0.116975E+07 0.130917E+07 0.156608E+07 0.227212E+07 0.239810E+07 0.265472E+07
    3.5750 0.117445E+07 0.130638E+07 0.156224E+07 0.227774E+07 0.239531E+07 0.265035E+07
    3.5875 0.118037E+07 0.130313E+07 0.155754E+07 0.228485E+07 0.239193E+07 0.264477E+07
    3.6000 0.118730E+07 0.129954E+07 0.155217E+07 0.229322E+07 0.238806E+07 0.263816E+07
    3.6125 0.119497E+07 0.129571E+07 0.154633E+07 0.230258E+07 0.238384E+07 0.263076E+07
    3.6250 0.120311E+07 0.129179E+07 0.154023E+07 0.231262E+07 0.237941E+07 0.262282E+07
    3.6375 0.121144E+07 0.128791E+07 0.153408E+07 0.232302E+07 0.237492E+07 0.261460E+07
    3.6500 0.121967E+07 0.128422E+07 0.152808E+07 0.233347E+07 0.237054E+07 0.260639E+07
    3.6625 0.122753E+07 0.128084E+07 0.152240E+07 0.234366E+07 0.236640E+07 0.259844E+07
    3.6750 0.123478E+07 0.127790E+07 0.151720E+07 0.235329E+07 0.236265E+07 0.259100E+07
    3.6875 0.124122E+07 0.127550E+07 0.151262E+07 0.236213E+07 0.235941E+07 0.258426E+07
    3.7000 0.124667E+07 0.127372E+07 0.150877E+07 0.236996E+07 0.235677E+07 0.257841E+07
    3.7125 0.125103E+07 0.127262E+07 0.150570E+07 0.237664E+07 0.235481E+07 0.257354E+07
    3.7250 0.125425E+07 0.127223E+07 0.150345E+07 0.238205E+07 0.235358E+07 0.256971E+07
    3.7375 0.125633E+07 0.127254E+07 0.150201E+07 0.238617E+07 0.235310E+07 0.256695E+07
    3.7500 0.125734E+07 0.127354E+07 0.150133E+07 0.238902E+07 0.235336E+07 0.256520E+07
    3.7625 0.125740E+07 0.127516E+07 0.150132E+07 0.239067E+07 0.235431E+07 0.256436E+07
    3.7750 0.125667E+07 0.127733E+07 0.150186E+07 0.239127E+07 0.235589E+07 0.256432E+07
    3.7875 0.125536E+07 0.127994E+07 0.150280E+07 0.239099E+07 0.235800E+07 0.256490E+07
    3.8000 0.125374E+07 0.128288E+07 0.150394E+07 0.239005E+07 0.236054E+07 0.256592E+07
    3.8125 0.125205E+07 0.128601E+07 0.150510E+07 0.238871E+07 0.236339E+07 0.256715E+07
    3.8250 0.125059E+07 0.128920E+07 0.150606E+07 0.238721E+07 0.236640E+07 0.256839E+07
    3.8375 0.124964E+07 0.129231E+07 0.150661E+07 0.238584E+07 0.236945E+07 0.256941E+07
    3.8500 0.124945E+07 0.129521E+07 0.150654E+07 0.238484E+07 0.237240E+07 0.257002E+07
    3.8625 0.125028E+07 0.129777E+07 0.150569E+07 0.238446E+07 0.237512E+07 0.257003E+07
    3.8750 0.125233E+07 0.129988E+07 0.150388E+07 0.238492E+07 0.237750E+07 0.256927E+07
    3.8875 0.125576E+07 0.130147E+07 0.150099E+07 0.238634E+07 0.237946E+07 0.256764E+07
    3.9000 0.126069E+07 0.130246E+07 0.149694E+07 0.238875E+07 0.238091E+07 0.256503E+07
    3.9125 0.126718E+07 0.130281E+07 0.149166E+07 0.239193E+07 0.238181E+07 0.256141E+07
    3.9250 0.127522E+07 0.130253E+07 0.148518E+07 0.239549E+07 0.238214E+07 0.255678E+07
    3.9375 0.128475E+07 0.130162E+07 0.147752E+07 0.239910E+07 0.238190E+07 0.255118E+07
    3.9500 0.129562E+07 0.130013E+07 0.146878E+07 0.240273E+07 0.238114E+07 0.254470E+07
    3.9625 0.130761E+07 0.129814E+07 0.145910E+07 0.240670E+07 0.237990E+07 0.253746E+07
    3.9750 0.132040E+07 0.129572E+07 0.144864E+07 0.241150E+07 0.237827E+07 0.252962E+07
    3.9875 0.133355E+07 0.129300E+07 0.143760E+07 0.241753E+07 0.237635E+07 0.252134E+07
    4.0000 0.134659E+07 0.129010E+07 0.142619E+07 0.242493E+07 0.237425E+07 0.251283E+07
    4.0125 0.135907E+07 0.128714E+07 0.141467E+07 0.243353E+07 0.237210E+07 0.250429E+07
    4.0250 0.137066E+07 0.128427E+07 0.140325E+07 0.244294E+07 0.237001E+07 0.249592E+07
    4.0375 0.138120E+07 0.128162E+07 0.139218E+07 0.245268E+07 0.236811E+07 0.248791E+07
    4.0500 0.139070E+07 0.127930E+07 0.138168E+07 0.246227E+07 0.236653E+07 0.248044E+07
    4.0625 0.139928E+07 0.127743E+07 0.137192E+07 0.247131E+07 0.236535E+07 0.247367E+07
    4.0750 0.140707E+07 0.127610E+07 0.136307E+07 0.247947E+07 0.236467E+07 0.246772E+07
    4.0875 0.141416E+07 0.127538E+07 0.135526E+07 0.248654E+07 0.236454E+07 0.246267E+07
    4.1000 0.142058E+07 0.127533E+07 0.134855E+07 0.249238E+07 0.236502E+07 0.245858E+07
    4.1125 0.142630E+07 0.127595E+07 0.134299E+07 0.249693E+07 0.236612E+07 0.245547E+07
    4.1250 0.143125E+07 0.127725E+07 0.133856E+07 0.250021E+07 0.236782E+07 0.245331E+07
    4.1375 0.143538E+07 0.127919E+07 0.133519E+07 0.250230E+07 0.237009E+07 0.245202E+07
    4.1500 0.143867E+07 0.128172E+07 0.133280E+07 0.250332E+07 0.237287E+07 0.245151E+07
    4.1625 0.144114E+07 0.128477E+07 0.133125E+07 0.250345E+07 0.237607E+07 0.245165E+07
    4.1750 0.144289E+07 0.128822E+07 0.133038E+07 0.250292E+07 0.237959E+07 0.245226E+07
    4.1875 0.144406E+07 0.129198E+07 0.133000E+07 0.250196E+07 0.238332E+07 0.245318E+07
    4.2000 0.144483E+07 0.129592E+07 0.132991E+07 0.250083E+07 0.238714E+07 0.245420E+07
    4.2125 0.144538E+07 0.129991E+07 0.132993E+07 0.249979E+07 0.239090E+07 0.245513E+07
    4.2250 0.144591E+07 0.130384E+07 0.132985E+07 0.249910E+07 0.239450E+07 0.245577E+07
    4.2375 0.144661E+07 0.130758E+07 0.132950E+07 0.249900E+07 0.239779E+07 0.245594E+07
    4.2500 0.144763E+07 0.131103E+07 0.132870E+07 0.249969E+07 0.240069E+07 0.245549E+07
    4.2625 0.144911E+07 0.131409E+07 0.132734E+07 0.250136E+07 0.240308E+07 0.245427E+07
    4.2750 0.145114E+07 0.131669E+07 0.132532E+07 0.250411E+07 0.240490E+07 0.245219E+07
    4.2875 0.145379E+07 0.131877E+07 0.132256E+07 0.250801E+07 0.240610E+07 0.244919E+07
    4.3000 0.145708E+07 0.132031E+07 0.131906E+07 0.251308E+07 0.240665E+07 0.244523E+07
    4.3125 0.146103E+07 0.132129E+07 0.131482E+07 0.251925E+07 0.240655E+07 0.244034E+07
    4.3250 0.146563E+07 0.132175E+07 0.130992E+07 0.252639E+07 0.240583E+07 0.243459E+07
    4.3375 0.147084E+07 0.132172E+07 0.130443E+07 0.253434E+07 0.240454E+07 0.242806E+07
    4.3500 0.147659E+07 0.132127E+07 0.129849E+07 0.254288E+07 0.240274E+07 0.242091E+07
    4.3625 0.148281E+07 0.132047E+07 0.129224E+07 0.255176E+07 0.240055E+07 0.241328E+07
    4.3750 0.148938E+07 0.131943E+07 0.128586E+07 0.256074E+07 0.239805E+07 0.240538E+07
    4.3875 0.149613E+07 0.131825E+07 0.127953E+07 0.256954E+07 0.239537E+07 0.239741E+07
    4.4000 0.150290E+07 0.131704E+07 0.127343E+07 0.257794E+07 0.239264E+07 0.238957E+07
    4.4125 0.150948E+07 0.131591E+07 0.126775E+07 0.258571E+07 0.238999E+07 0.238209E+07
    4.4250 0.151564E+07 0.131497E+07 0.126266E+07 0.259265E+07 0.238752E+07 0.237515E+07
    4.4375 0.152117E+07 0.131431E+07 0.125832E+07 0.259863E+07 0.238536E+07 0.236895E+07
    4.4500 0.152588E+07 0.131402E+07 0.125484E+07 0.260352E+07 0.238361E+07 0.236365E+07
    4.4625 0.152958E+07 0.131416E+07 0.125232E+07 0.260724E+07 0.238234E+07 0.235936E+07
    4.4750 0.153214E+07 0.131478E+07 0.125083E+07 0.260975E+07 0.238162E+07 0.235618E+07
    4.4875 0.153348E+07 0.131590E+07 0.125039E+07 0.261105E+07 0.238148E+07 0.235416E+07
    4.5000 0.153358E+07 0.131753E+07 0.125099E+07 0.261116E+07 0.238193E+07 0.235330E+07
    4.5125 0.153245E+07 0.131963E+07 0.125258E+07 0.261014E+07 0.238296E+07 0.235358E+07
    4.5250 0.153017E+07 0.132217E+07 0.125508E+07 0.260807E+07 0.238454E+07 0.235492E+07
    4.5375 0.152688E+07 0.132507E+07 0.125836E+07 0.260507E+07 0.238660E+07 0.235721E+07
    4.5500 0.152274E+07 0.132826E+07 0.126228E+07 0.260126E+07 0.238906E+07 0.236032E+07
    4.5625 0.151795E+07 0.133163E+07 0.126669E+07 0.259682E+07 0.239183E+07 0.236408E+07
    4.5750 0.151274E+07 0.133508E+07 0.127140E+07 0.259191E+07 0.239480E+07 0.236831E+07
    4.5875 0.150735E+07 0.133850E+07 0.127622E+07 0.258673E+07 0.239786E+07 0.237282E+07
    4.6000 0.150200E+07 0.134177E+07 0.128098E+07 0.258146E+07 0.240088E+07 0.237743E+07
    4.6125 0.149693E+07 0.134478E+07 0.128550E+07 0.257630E+07 0.240375E+07 0.238194E+07
    4.6250 0.149232E+07 0.134743E+07 0.128962E+07 0.257141E+07 0.240637E+07 0.238620E+07
    4.6375 0.148836E+07 0.134963E+07 0.129320E+07 0.256696E+07 0.240863E+07 0.239004E+07
    4.6500 0.148518E+07 0.135130E+07 0.129614E+07 0.256309E+07 0.241045E+07 0.239336E+07
    4.6625 0.148285E+07 0.135241E+07 0.129836E+07 0.255990E+07 0.241177E+07 0.239606E+07
    4.6750 0.148143E+07 0.135291E+07 0.129982E+07 0.255746E+07 0.241255E+07 0.239808E+07
    4.6875 0.148089E+07 0.135279E+07 0.130052E+07 0.255580E+07 0.241277E+07 0.239942E+07
    4.7000 0.148117E+07 0.135208E+07 0.130049E+07 0.255494E+07 0.241243E+07 0.240009E+07
    4.7125 0.148218E+07 0.135080E+07 0.129981E+07 0.255482E+07 0.241155E+07 0.240014E+07
    4.7250 0.148378E+07 0.134902E+07 0.129857E+07 0.255538E+07 0.241020E+07 0.239967E+07
    4.7375 0.148577E+07 0.134680E+07 0.129691E+07 0.255651E+07 0.240843E+07 0.239879E+07
    4.7500 0.148798E+07 0.134425E+07 0.129498E+07 0.255807E+07 0.240632E+07 0.239763E+07
    4.7625 0.149018E+07 0.134147E+07 0.129295E+07 0.255991E+07 0.240398E+07 0.239635E+07
    4.7750 0.149217E+07 0.133856E+07 0.129100E+07 0.256186E+07 0.240151E+07 0.239511E+07
    4.7875 0.149374E+07 0.133563E+07 0.128932E+07 0.256372E+07 0.239900E+07 0.239407E+07
    4.8000 0.149469E+07 0.133280E+07 0.128806E+07 0.256531E+07 0.239657E+07 0.239339E+07
    4.8125 0.149487E+07 0.133016E+07 0.128740E+07 0.256644E+07 0.239432E+07 0.239322E+07
    4.8250 0.149413E+07 0.132782E+07 0.128746E+07 0.256697E+07 0.239234E+07 0.239368E+07
    4.8375 0.149237E+07 0.132584E+07 0.128837E+07 0.256673E+07 0.239069E+07 0.239487E+07
    4.8500 0.148952E+07 0.132430E+07 0.129020E+07 0.256562E+07 0.238944E+07 0.239687E+07
    4.8625 0.148555E+07 0.132321E+07 0.129301E+07 0.256357E+07 0.238863E+07 0.239971E+07
    4.8750 0.148049E+07 0.132262E+07 0.129679E+07 0.256054E+07 0.238826E+07 0.240339E+07
    4.8875 0.147438E+07 0.132251E+07 0.130153E+07 0.255655E+07 0.238835E+07 0.240789E+07
    4.9000 0.146732E+07 0.132285E+07 0.130717E+07 0.255164E+07 0.238885E+07 0.241315E+07
    4.9125 0.145942E+07 0.132361E+07 0.131360E+07 0.254592E+07 0.238973E+07 0.241907E+07
    4.9250 0.145083E+07 0.132471E+07 0.132071E+07 0.253951E+07 0.239091E+07 0.242553E+07
    4.9375 0.144174E+07 0.132607E+07 0.132834E+07 0.253258E+07 0.239232E+07 0.243238E+07
    4.9500 0.143232E+07 0.132761E+07 0.133634E+07 0.252532E+07 0.239386E+07 0.243948E+07
    4.9625 0.142277E+07 0.132923E+07 0.134453E+07 0.251793E+07 0.239544E+07 0.244665E+07
    4.9750 0.141329E+07 0.133081E+07 0.135273E+07 0.251062E+07 0.239694E+07 0.245372E+07
    4.9875 0.140407E+07 0.133226E+07 0.136077E+07 0.250358E+07 0.239828E+07 0.246052E+07
    5.0000 0.139530E+07 0.133348E+07 0.136848E+07 0.249702E+07 0.239934E+07 0.246691E+07
    5.0125 0.138714E+07 0.133438E+07 0.137571E+07 0.249111E+07 0.240005E+07 0.247275E+07
    5.0250 0.137972E+07 0.133488E+07 0.138235E+07 0.248596E+07 0.240032E+07 0.247792E+07
    5.0375 0.137316E+07 0.133492E+07 0.138830E+07 0.248170E+07 0.240012E+07 0.248234E+07
    5.0500 0.136751E+07 0.133447E+07 0.139350E+07 0.247838E+07 0.239939E+07 0.248596E+07
    5.0625 0.136283E+07 0.133349E+07 0.139791E+07 0.247602E+07 0.239812E+07 0.248875E+07
    5.0750 0.135911E+07 0.133200E+07 0.140154E+07 0.247459E+07 0.239632E+07 0.249074E+07
    5.0875 0.135631E+07 0.133000E+07 0.140443E+07 0.247403E+07 0.239401E+07 0.249197E+07
    5.1000 0.135437E+07 0.132755E+07 0.140663E+07 0.247423E+07 0.239124E+07 0.249252E+07
    5.1125 0.135317E+07 0.132469E+07 0.140825E+07 0.247505E+07 0.238809E+07 0.249250E+07
    5.1250 0.135259E+07 0.132150E+07 0.140940E+07 0.247633E+07 0.238462E+07 0.249204E+07
    5.1375 0.135247E+07 0.131807E+07 0.141022E+07 0.247788E+07 0.238093E+07 0.249129E+07
    5.1500 0.135264E+07 0.131449E+07 0.141084E+07 0.247949E+07 0.237714E+07 0.249041E+07
    5.1625 0.135293E+07 0.131086E+07 0.141142E+07 0.248098E+07 0.237333E+07 0.248957E+07
    5.1750 0.135317E+07 0.130728E+07 0.141211E+07 0.248215E+07 0.236963E+07 0.248892E+07
    5.1875 0.135318E+07 0.130384E+07 0.141304E+07 0.248282E+07 0.236613E+07 0.248862E+07
    5.2000 0.135281E+07 0.130063E+07 0.141434E+07 0.248284E+07 0.236294E+07 0.248880E+07
    5.2125 0.135193E+07 0.129773E+07 0.141610E+07 0.248207E+07 0.236012E+07 0.248960E+07
    5.2250 0.135044E+07 0.129519E+07 0.141840E+07 0.248041E+07 0.235775E+07 0.249109E+07
    5.2375 0.134826E+07 0.129307E+07 0.142130E+07 0.247782E+07 0.235588E+07 0.249334E+07
    5.2500 0.134537E+07 0.129137E+07 0.142481E+07 0.247428E+07 0.235453E+07 0.249637E+07
    5.2625 0.134177E+07 0.129012E+07 0.142891E+07 0.246980E+07 0.235371E+07 0.250019E+07
    5.2750 0.133749E+07 0.128930E+07 0.143357E+07 0.246444E+07 0.235342E+07 0.250475E+07
    5.2875 0.133262E+07 0.128887E+07 0.143871E+07 0.245830E+07 0.235360E+07 0.250999E+07
    5.3000 0.132728E+07 0.128878E+07 0.144423E+07 0.245152E+07 0.235422E+07 0.251582E+07
    5.3125 0.132158E+07 0.128896E+07 0.145002E+07 0.244423E+07 0.235520E+07 0.252210E+07
    5.3250 0.131571E+07 0.128935E+07 0.145593E+07 0.243662E+07 0.235646E+07 0.252870E+07
    5.3375 0.130983E+07 0.128986E+07 0.146183E+07 0.242888E+07 0.235791E+07 0.253546E+07
    5.3500 0.130413E+07 0.129038E+07 0.146756E+07 0.242120E+07 0.235946E+07 0.254223E+07
    5.3625 0.129878E+07 0.129085E+07 0.147297E+07 0.241377E+07 0.236099E+07 0.254885E+07
    5.3750 0.129396E+07 0.129116E+07 0.147793E+07 0.240678E+07 0.236242E+07 0.255516E+07
    5.3875 0.128983E+07 0.129123E+07 0.148230E+07 0.240040E+07 0.236366E+07 0.256101E+07
    5.4000 0.128650E+07 0.129101E+07 0.148598E+07 0.239477E+07 0.236462E+07 0.256629E+07
    5.4125 0.128409E+07 0.129043E+07 0.148889E+07 0.239000E+07 0.236525E+07 0.257090E+07
    5.4250 0.128266E+07 0.128946E+07 0.149097E+07 0.238620E+07 0.236549E+07 0.257475E+07
    5.4375 0.128223E+07 0.128807E+07 0.149220E+07 0.238339E+07 0.236531E+07 0.257780E+07
    5.4500 0.128280E+07 0.128627E+07 0.149259E+07 0.238160E+07 0.236471E+07 0.258005E+07
    5.4625 0.128431E+07 0.128407E+07 0.149216E+07 0.238081E+07 0.236368E+07 0.258149E+07
    5.4750 0.128668E+07 0.128151E+07 0.149099E+07 0.238095E+07 0.236225E+07 0.258219E+07
    5.4875 0.128980E+07 0.127864E+07 0.148916E+07 0.238193E+07 0.236048E+07 0.258222E+07
    5.5000 0.129351E+07 0.127553E+07 0.148679E+07 0.238363E+07 0.235842E+07 0.258166E+07
    5.5125 0.129766E+07 0.127227E+07 0.148401E+07 0.238590E+07 0.235614E+07 0.258064E+07
    5.5250 0.130206E+07 0.126894E+07 0.148097E+07 0.238859E+07 0.235372E+07 0.257928E+07
    5.5375 0.130652E+07 0.126563E+07 0.147781E+07 0.239152E+07 0.235126E+07 0.257773E+07
    5.5500 0.131087E+07 0.126244E+07 0.147468E+07 0.239452E+07 0.234884E+07 0.257612E+07
    5.5625 0.131493E+07 0.125946E+07 0.147173E+07 0.239741E+07 0.234656E+07 0.257458E+07
    5.5750 0.131853E+07 0.125679E+07 0.146909E+07 0.240004E+07 0.234449E+07 0.257325E+07
    5.5875 0.132155E+07 0.125448E+07 0.146687E+07 0.240226E+07 0.234272E+07 0.257222E+07
    5.6000 0.132388E+07 0.125261E+07 0.146518E+07 0.240397E+07 0.234129E+07 0.257159E+07
    5.6125 0.132544E+07 0.125122E+07 0.146406E+07 0.240506E+07 0.234027E+07 0.257143E+07
    5.6250 0.132620E+07 0.125034E+07 0.146357E+07 0.240550E+07 0.233967E+07 0.257177E+07
    5.6375 0.132615E+07 0.124998E+07 0.146372E+07 0.240526E+07 0.233952E+07 0.257263E+07
    5.6500 0.132533E+07 0.125013E+07 0.146448E+07 0.240436E+07 0.233980E+07 0.257398E+07
    5.6625 0.132381E+07 0.125077E+07 0.146581E+07 0.240284E+07 0.234049E+07 0.257578E+07
    5.6750 0.132168E+07 0.125185E+07 0.146763E+07 0.240080E+07 0.234155E+07 0.257797E+07
    5.6875 0.131908E+07 0.125332E+07 0.146985E+07 0.239834E+07 0.234292E+07 0.258045E+07
    5.7000 0.131616E+07 0.125510E+07 0.147235E+07 0.239559E+07 0.234454E+07 0.258310E+07
    5.7125 0.131308E+07 0.125710E+07 0.147501E+07 0.239272E+07 0.234634E+07 0.258582E+07
    5.7250 0.131000E+07 0.125925E+07 0.147767E+07 0.238987E+07 0.234821E+07 0.258846E+07
    5.7375 0.130712E+07 0.126146E+07 0.148022E+07 0.238722E+07 0.235009E+07 0.259090E+07
    5.7500 0.130458E+07 0.126363E+07 0.148250E+07 0.238492E+07 0.235189E+07 0.259300E+07
    5.7625 0.130255E+07 0.126568E+07 0.148440E+07 0.238312E+07 0.235353E+07 0.259465E+07
    5.7750 0.130116E+07 0.126755E+07 0.148580E+07 0.238194E+07 0.235493E+07 0.259574E+07
    5.7875 0.130051E+07 0.126916E+07 0.148661E+07 0.238150E+07 0.235605E+07 0.259620E+07
    5.8000 0.130070E+07 0.127046E+07 0.148677E+07 0.238187E+07 0.235684E+07 0.259595E+07
    5.8125 0.130176E+07 0.127143E+07 0.148623E+07 0.238309E+07 0.235726E+07 0.259496E+07
    5.8250 0.130371E+07 0.127205E+07 0.148498E+07 0.238516E+07 0.235732E+07 0.259323E+07
    5.8375 0.130653E+07 0.127231E+07 0.148302E+07 0.238807E+07 0.235700E+07 0.259078E+07
    5.8500 0.131016E+07 0.127225E+07 0.148039E+07 0.239174E+07 0.235635E+07 0.258765E+07
    5.8625 0.131452E+07 0.127188E+07 0.147717E+07 0.239608E+07 0.235539E+07 0.258391E+07
    5.8750 0.131949E+07 0.127126E+07 0.147344E+07 0.240098E+07 0.235418E+07 0.257967E+07
    5.8875 0.132494E+07 0.127046E+07 0.146930E+07 0.240629E+07 0.235279E+07 0.257503E+07
    5.9000 0.133071E+07 0.126953E+07 0.146488E+07 0.241185E+07 0.235129E+07 0.257013E+07
    5.9125 0.133664E+07 0.126857E+07 0.146029E+07 0.241749E+07 0.234977E+07 0.256509E+07
    5.9250 0.134256E+07 0.126764E+07 0.145568E+07 0.242304E+07 0.234830E+07 0.256007E+07
    5.9375 0.134831E+07 0.126683E+07 0.145118E+07 0.242833E+07 0.234698E+07 0.255519E+07
    5.9500 0.135373E+07 0.126621E+07 0.144689E+07 0.243320E+07 0.234588E+07 0.255059E+07
    5.9625 0.135868E+07 0.126584E+07 0.144294E+07 0.243752E+07 0.234508E+07 0.254638E+07
    5.9750 0.136306E+07 0.126579E+07 0.143942E+07 0.244117E+07 0.234462E+07 0.254267E+07
    5.9875 0.136676E+07 0.126610E+07 0.143639E+07 0.244407E+07 0.234456E+07 0.253952E+07
    6.0000 0.136973E+07 0.126679E+07 0.143391E+07 0.244617E+07 0.234493E+07 0.253699E+07
    6.0125 0.137193E+07 0.126788E+07 0.143199E+07 0.244743E+07 0.234575E+07 0.253510E+07
    6.0250 0.137339E+07 0.126937E+07 0.143063E+07 0.244789E+07 0.234701E+07 0.253385E+07
    6.0375 0.137412E+07 0.127123E+07 0.142981E+07 0.244758E+07 0.234870E+07 0.253321E+07
    6.0500 0.137420E+07 0.127343E+07 0.142947E+07 0.244659E+07 0.235077E+07 0.253313E+07
    6.0625 0.137373E+07 0.127593E+07 0.142953E+07 0.244502E+07 0.235318E+07 0.253351E+07
    6.0750 0.137283E+07 0.127866E+07 0.142990E+07 0.244301E+07 0.235587E+07 0.253427E+07
    6.0875 0.137162E+07 0.128156E+07 0.143048E+07 0.244070E+07 0.235876E+07 0.253529E+07
    6.1000 0.137026E+07 0.128455E+07 0.143115E+07 0.243826E+07 0.236177E+07 0.253645E+07
    6.1125 0.136889E+07 0.128755E+07 0.143179E+07 0.243586E+07 0.236482E+07 0.253761E+07
    6.1250 0.136767E+07 0.129048E+07 0.143228E+07 0.243365E+07 0.236783E+07 0.253865E+07
    6.1375 0.136673E+07 0.129328E+07 0.143251E+07 0.243179E+07 0.237072E+07 0.253943E+07
    6.1500 0.136621E+07 0.129587E+07 0.143238E+07 0.243042E+07 0.237340E+07 0.253986E+07
    6.1625 0.136621E+07 0.129819E+07 0.143180E+07 0.242966E+07 0.237582E+07 0.253982E+07
    6.1750 0.136680E+07 0.130020E+07 0.143072E+07 0.242960E+07 0.237792E+07 0.253925E+07
    6.1875 0.136804E+07 0.130187E+07 0.142909E+07 0.243030E+07 0.237967E+07 0.253808E+07
    6.2000 0.136995E+07 0.130318E+07 0.142688E+07 0.243181E+07 0.238103E+07 0.253629E+07
    6.2125 0.137252E+07 0.130414E+07 0.142411E+07 0.243411E+07 0.238200E+07 0.253387E+07
    6.2250 0.137571E+07 0.130474E+07 0.142081E+07 0.243718E+07 0.238259E+07 0.253084E+07
    6.2375 0.137944E+07 0.130502E+07 0.141703E+07 0.244096E+07 0.238281E+07 0.252726E+07
    6.2500 0.138362E+07 0.130503E+07 0.141285E+07 0.244534E+07 0.238271E+07 0.252317E+07
    6.2625 0.138812E+07 0.130481E+07 0.140837E+07 0.245022E+07 0.238233E+07 0.251869E+07
    6.2750 0.139282E+07 0.130444E+07 0.140368E+07 0.245546E+07 0.238174E+07 0.251390E+07
    6.2875 0.139755E+07 0.130396E+07 0.139891E+07 0.246091E+07 0.238100E+07 0.250892E+07
    6.3000 0.140217E+07 0.130347E+07 0.139419E+07 0.246642E+07 0.238018E+07 0.250388E+07
    6.3125 0.140653E+07 0.130303E+07 0.138963E+07 0.247184E+07 0.237935E+07 0.249889E+07
    6.3250 0.141048E+07 0.130270E+07 0.138534E+07 0.247701E+07 0.237858E+07 0.249408E+07
    6.3375 0.141389E+07 0.130256E+07 0.138145E+07 0.248179E+07 0.237795E+07 0.248955E+07
    6.3500 0.141666E+07 0.130266E+07 0.137802E+07 0.248608E+07 0.237751E+07 0.248540E+07
    6.3625 0.141871E+07 0.130303E+07 0.137515E+07 0.248976E+07 0.237730E+07 0.248171E+07
    6.3750 0.141997E+07 0.130371E+07 0.137288E+07 0.249278E+07 0.237736E+07 0.247854E+07
    6.3875 0.142043E+07 0.130472E+07 0.137123E+07 0.249508E+07 0.237772E+07 0.247591E+07
    6.4000 0.142008E+07 0.130606E+07 0.137022E+07 0.249666E+07 0.237837E+07 0.247384E+07
    6.4125 0.141897E+07 0.130771E+07 0.136981E+07 0.249754E+07 0.237932E+07 0.247233E+07
    6.4250 0.141715E+07 0.130965E+07 0.136997E+07 0.249776E+07 0.238055E+07 0.247132E+07
    6.4375 0.141473E+07 0.131184E+07 0.137062E+07 0.249741E+07 0.238201E+07 0.247077E+07
    6.4500 0.141183E+07 0.131422E+07 0.137169E+07 0.249657E+07 0.238366E+07 0.247060E+07
    6.4625 0.140856E+07 0.131673E+07 0.137307E+07 0.249537E+07 0.238544E+07 0.247071E+07
    6.4750 0.140509E+07 0.131930E+07 0.137464E+07 0.249395E+07 0.238730E+07 0.247102E+07
    6.4875 0.140156E+07 0.132187E+07 0.137630E+07 0.249243E+07 0.238916E+07 0.247139E+07
    6.5000 0.139812E+07 0.132435E+07 0.137792E+07 0.249096E+07 0.239095E+07 0.247174E+07
    6.5125 0.139493E+07 0.132668E+07 0.137939E+07 0.248968E+07 0.239261E+07 0.247195E+07
    6.5250 0.139212E+07 0.132879E+07 0.138060E+07 0.248871E+07 0.239407E+07 0.247193E+07
    6.5375 0.138981E+07 0.133062E+07 0.138146E+07 0.248816E+07 0.239528E+07 0.247158E+07
    6.5500 0.138808E+07 0.133212E+07 0.138189E+07 0.248813E+07 0.239620E+07 0.247084E+07
    6.5625 0.138702E+07 0.133326E+07 0.138184E+07 0.248866E+07 0.239677E+07 0.246966E+07
    6.5750 0.138666E+07 0.133402E+07 0.138126E+07 0.248982E+07 0.239699E+07 0.246802E+07
    6.5875 0.138701E+07 0.133437E+07 0.138014E+07 0.249159E+07 0.239684E+07 0.246590E+07
    6.6000 0.138805E+07 0.133433E+07 0.137851E+07 0.249396E+07 0.239633E+07 0.246333E+07
    6.6125 0.138974E+07 0.133391E+07 0.137639E+07 0.249688E+07 0.239548E+07 0.246034E+07
    6.6250 0.139201E+07 0.133314E+07 0.137383E+07 0.250028E+07 0.239433E+07 0.245700E+07
    6.6375 0.139475E+07 0.133208E+07 0.137091E+07 0.250405E+07 0.239291E+07 0.245338E+07
    6.6500 0.139784E+07 0.133076E+07 0.136773E+07 0.250809E+07 0.239128E+07 0.244958E+07
    6.6625 0.140117E+07 0.132925E+07 0.136438E+07 0.251226E+07 0.238950E+07 0.244570E+07
    6.6750 0.140460E+07 0.132762E+07 0.136096E+07 0.251642E+07 0.238763E+07 0.244185E+07
    6.6875 0.140797E+07 0.132592E+07 0.135760E+07 0.252045E+07 0.238575E+07 0.243815E+07
    6.7000 0.141117E+07 0.132423E+07 0.135439E+07 0.252420E+07 0.238393E+07 0.243470E+07
    6.7125 0.141405E+07 0.132260E+07 0.135145E+07 0.252754E+07 0.238222E+07 0.243161E+07
    6.7250 0.141652E+07 0.132109E+07 0.134885E+07 0.253038E+07 0.238068E+07 0.242896E+07
    6.7375 0.141847E+07 0.131975E+07 0.134667E+07 0.253262E+07 0.237936E+07 0.242684E+07
    6.7500 0.141984E+07 0.131862E+07 0.134498E+07 0.253420E+07 0.237829E+07 0.242530E+07
    6.7625 0.142059E+07 0.131772E+07 0.134381E+07 0.253507E+07 0.237751E+07 0.242436E+07
    6.7750 0.142069E+07 0.131706E+07 0.134318E+07 0.253523E+07 0.237702E+07 0.242405E+07
    6.7875 0.142018E+07 0.131664E+07 0.134307E+07 0.253470E+07 0.237682E+07 0.242435E+07
    6.8000 0.141908E+07 0.131645E+07 0.134347E+07 0.253352E+07 0.237690E+07 0.242523E+07
    6.8125 0.141745E+07 0.131647E+07 0.134432E+07 0.253177E+07 0.237723E+07 0.242663E+07
    6.8250 0.141540E+07 0.131665E+07 0.134557E+07 0.252953E+07 0.237776E+07 0.242849E+07
    6.8375 0.141302E+07 0.131695E+07 0.134712E+07 0.252693E+07 0.237845E+07 0.243072E+07
    6.8500 0.141044E+07 0.131732E+07 0.134889E+07 0.252410E+07 0.237924E+07 0.243320E+07
    6.8625 0.140778E+07 0.131771E+07 0.135078E+07 0.252116E+07 0.238006E+07 0.243585E+07
    6.8750 0.140518E+07 0.131804E+07 0.135269E+07 0.251827E+07 0.238085E+07 0.243854E+07
    6.8875 0.140276E+07 0.131827E+07 0.135452E+07 0.251555E+07 0.238154E+07 0.244116E+07
    6.9000 0.140065E+07 0.131833E+07 0.135617E+07 0.251314E+07 0.238208E+07 0.244362E+07
    6.9125 0.139896E+07 0.131818E+07 0.135757E+07 0.251115E+07 0.238239E+07 0.244581E+07
    6.9250 0.139776E+07 0.131777E+07 0.135864E+07 0.250969E+07 0.238244E+07 0.244766E+07
    6.9375 0.139715E+07 0.131707E+07 0.135933E+07 0.250882E+07 0.238218E+07 0.244911E+07
    6.9500 0.139715E+07 0.131606E+07 0.135960E+07 0.250859E+07 0.238159E+07 0.245011E+07
    6.9625 0.139778E+07 0.131472E+07 0.135944E+07 0.250903E+07 0.238064E+07 0.245064E+07
    6.9750 0.139904E+07 0.131307E+07 0.135886E+07 0.251013E+07 0.237934E+07 0.245069E+07
    6.9875 0.140088E+07 0.131110E+07 0.135788E+07 0.251186E+07 0.237770E+07 0.245030E+07
    7.0000 0.140325E+07 0.130886E+07 0.135656E+07 0.251416E+07 0.237574E+07 0.244949E+07
    7.0125 0.140608E+07 0.130638E+07 0.135494E+07 0.251695E+07 0.237350E+07 0.244834E+07
    7.0250 0.140924E+07 0.130370E+07 0.135313E+07 0.252011E+07 0.237102E+07 0.244691E+07
    7.0375 0.141264E+07 0.130088E+07 0.135119E+07 0.252355E+07 0.236835E+07 0.244529E+07
    7.0500 0.141614E+07 0.129798E+07 0.134924E+07 0.252712E+07 0.236557E+07 0.244358E+07
    7.0625 0.141962E+07 0.129505E+07 0.134736E+07 0.253070E+07 0.236272E+07 0.244188E+07
    7.0750 0.142296E+07 0.129217E+07 0.134566E+07 0.253415E+07 0.235989E+07 0.244029E+07
    7.0875 0.142603E+07 0.128938E+07 0.134423E+07 0.253734E+07 0.235712E+07 0.243890E+07
    7.1000 0.142873E+07 0.128675E+07 0.134316E+07 0.254016E+07 0.235448E+07 0.243781E+07
    7.1125 0.143097E+07 0.128432E+07 0.134251E+07 0.254251E+07 0.235201E+07 0.243709E+07
    7.1250 0.143268E+07 0.128212E+07 0.134234E+07 0.254431E+07 0.234978E+07 0.243680E+07
    7.1375 0.143380E+07 0.128020E+07 0.134268E+07 0.254549E+07 0.234779E+07 0.243698E+07
    7.1500 0.143434E+07 0.127855E+07 0.134356E+07 0.254604E+07 0.234609E+07 0.243766E+07
    7.1625 0.143427E+07 0.127719E+07 0.134497E+07 0.254594E+07 0.234467E+07 0.243884E+07
    7.1750 0.143364E+07 0.127611E+07 0.134688E+07 0.254521E+07 0.234353E+07 0.244052E+07
    7.1875 0.143250E+07 0.127529E+07 0.134925E+07 0.254390E+07 0.234266E+07 0.244264E+07
    7.2000 0.143092E+07 0.127469E+07 0.135202E+07 0.254207E+07 0.234203E+07 0.244517E+07
    7.2125 0.142900E+07 0.127429E+07 0.135512E+07 0.253982E+07 0.234160E+07 0.244803E+07
    7.2250 0.142685E+07 0.127402E+07 0.135845E+07 0.253723E+07 0.234134E+07 0.245115E+07
    7.2375 0.142458E+07 0.127384E+07 0.136193E+07 0.253443E+07 0.234118E+07 0.245444E+07
    7.2500 0.142232E+07 0.127370E+07 0.136545E+07 0.253154E+07 0.234107E+07 0.245780E+07
    7.2625 0.142019E+07 0.127353E+07 0.136892E+07 0.252867E+07 0.234097E+07 0.246115E+07
    7.2750 0.141830E+07 0.127327E+07 0.137223E+07 0.252594E+07 0.234081E+07 0.246439E+07
    7.2875 0.141676E+07 0.127289E+07 0.137531E+07 0.252346E+07 0.234054E+07 0.246745E+07
    7.3000 0.141566E+07 0.127233E+07 0.137807E+07 0.252131E+07 0.234012E+07 0.247025E+07
    7.3125 0.141507E+07 0.127155E+07 0.138046E+07 0.251958E+07 0.233951E+07 0.247273E+07
    7.3250 0.141504E+07 0.127054E+07 0.138243E+07 0.251832E+07 0.233869E+07 0.247486E+07
    7.3375 0.141559E+07 0.126926E+07 0.138396E+07 0.251755E+07 0.233764E+07 0.247660E+07
    7.3500 0.141672E+07 0.126773E+07 0.138503E+07 0.251728E+07 0.233635E+07 0.247797E+07
    7.3625 0.141840E+07 0.126594E+07 0.138568E+07 0.251750E+07 0.233483E+07 0.247896E+07
    7.3750 0.142060E+07 0.126392E+07 0.138591E+07 0.251816E+07 0.233310E+07 0.247962E+07
    7.3875 0.142322E+07 0.126170E+07 0.138580E+07 0.251920E+07 0.233119E+07 0.247998E+07
    7.4000 0.142619E+07 0.125930E+07 0.138539E+07 0.252053E+07 0.232913E+07 0.248013E+07
    7.4125 0.142940E+07 0.125679E+07 0.138477E+07 0.252207E+07 0.232699E+07 0.248012E+07
    7.4250 0.143274E+07 0.125421E+07 0.138402E+07 0.252370E+07 0.232479E+07 0.248004E+07
    7.4375 0.143607E+07 0.125163E+07 0.138323E+07 0.252531E+07 0.232261E+07 0.247998E+07
    7.4500 0.143928E+07 0.124909E+07 0.138249E+07 0.252678E+07 0.232050E+07 0.248003E+07
    7.4625 0.144225E+07 0.124665E+07 0.138189E+07 0.252801E+07 0.231851E+07 0.248027E+07
    7.4750 0.144487E+07 0.124438E+07 0.138151E+07 0.252889E+07 0.231670E+07 0.248078E+07
    7.4875 0.144705E+07 0.124231E+07 0.138143E+07 0.252934E+07 0.231512E+07 0.248163E+07
    7.5000 0.144870E+07 0.124049E+07 0.138170E+07 0.252928E+07 0.231380E+07 0.248288E+07
    7.5125 0.144976E+07 0.123895E+07 0.138236E+07 0.252866E+07 0.231277E+07 0.248456E+07
    7.5250 0.145020E+07 0.123771E+07 0.138344E+07 0.252745E+07 0.231206E+07 0.248669E+07
    7.5375 0.145000E+07 0.123678E+07 0.138496E+07 0.252564E+07 0.231166E+07 0.248929E+07
    7.5500 0.144918E+07 0.123617E+07 0.138690E+07 0.252326E+07 0.231158E+07 0.249233E+07
    7.5625 0.144778E+07 0.123585E+07 0.138923E+07 0.252034E+07 0.231180E+07 0.249578E+07
    7.5750 0.144584E+07 0.123581E+07 0.139192E+07 0.251695E+07 0.231230E+07 0.249960E+07
    7.5875 0.144344E+07 0.123601E+07 0.139490E+07 0.251317E+07 0.231304E+07 0.250371E+07
    7.6000 0.144067E+07 0.123642E+07 0.139811E+07 0.250909E+07 0.231397E+07 0.250805E+07
    7.6125 0.143763E+07 0.123699E+07 0.140146E+07 0.250482E+07 0.231504E+07 0.251252E+07
    7.6250 0.143444E+07 0.123767E+07 0.140489E+07 0.250047E+07 0.231621E+07 0.251704E+07
    7.6375 0.143120E+07 0.123841E+07 0.140829E+07 0.249617E+07 0.231741E+07 0.252151E+07
    7.6500 0.142802E+07 0.123915E+07 0.141159E+07 0.249202E+07 0.231859E+07 0.252585E+07
    7.6625 0.142500E+07 0.123986E+07 0.141471E+07 0.248812E+07 0.231970E+07 0.252997E+07
    7.6750 0.142224E+07 0.124048E+07 0.141759E+07 0.248458E+07 0.232069E+07 0.253379E+07
    7.6875 0.141980E+07 0.124098E+07 0.142017E+07 0.248147E+07 0.232152E+07 0.253725E+07
    7.7000 0.141774E+07 0.124133E+07 0.142240E+07 0.247885E+07 0.232215E+07 0.254029E+07
    7.7125 0.141611E+07 0.124150E+07 0.142425E+07 0.247675E+07 0.232257E+07 0.254290E+07
    7.7250 0.141491E+07 0.124150E+07 0.142573E+07 0.247519E+07 0.232277E+07 0.254504E+07
    7.7375 0.141414E+07 0.124132E+07 0.142682E+07 0.247417E+07 0.232273E+07 0.254672E+07
    7.7500 0.141377E+07 0.124097E+07 0.142757E+07 0.247364E+07 0.232249E+07 0.254796E+07
    7.7625 0.141374E+07 0.124048E+07 0.142800E+07 0.247356E+07 0.232205E+07 0.254879E+07
    7.7750 0.141400E+07 0.123987E+07 0.142818E+07 0.247386E+07 0.232145E+07 0.254928E+07
    7.7875 0.141445E+07 0.123918E+07 0.142816E+07 0.247444E+07 0.232073E+07 0.254947E+07
    7.8000 0.141502E+07 0.123846E+07 0.142801E+07 0.247521E+07 0.231993E+07 0.254944E+07
    7.8125 0.141559E+07 0.123776E+07 0.142782E+07 0.247607E+07 0.231910E+07 0.254928E+07
    7.8250 0.141606E+07 0.123711E+07 0.142766E+07 0.247689E+07 0.231830E+07 0.254906E+07
    7.8375 0.141634E+07 0.123658E+07 0.142761E+07 0.247758E+07 0.231757E+07 0.254886E+07
    7.8500 0.141633E+07 0.123621E+07 0.142775E+07 0.247803E+07 0.231697E+07 0.254877E+07
    7.8625 0.141594E+07 0.123604E+07 0.142814E+07 0.247814E+07 0.231655E+07 0.254885E+07
    7.8750 0.141512E+07 0.123610E+07 0.142884E+07 0.247785E+07 0.231634E+07 0.254917E+07
    7.8875 0.141380E+07 0.123643E+07 0.142988E+07 0.247708E+07 0.231637E+07 0.254976E+07
    7.9000 0.141195E+07 0.123703E+07 0.143129E+07 0.247579E+07 0.231666E+07 0.255067E+07
    7.9125 0.140957E+07 0.123793E+07 0.143308E+07 0.247397E+07 0.231724E+07 0.255192E+07
    7.9250 0.140666E+07 0.123911E+07 0.143525E+07 0.247162E+07 0.231810E+07 0.255349E+07
    7.9375 0.140325E+07 0.124057E+07 0.143777E+07 0.246876E+07 0.231923E+07 0.255539E+07
    7.9500 0.139940E+07 0.124228E+07 0.144060E+07 0.246543E+07 0.232061E+07 0.255756E+07
    7.9625 0.139518E+07 0.124421E+07 0.144369E+07 0.246171E+07 0.232221E+07 0.255998E+07
    7.9750 0.139066E+07 0.124632E+07 0.144698E+07 0.245766E+07 0.232401E+07 0.256257E+07
    7.9875 0.138595E+07 0.124856E+07 0.145040E+07 0.245339E+07 0.232594E+07 0.256528E+07
    8.0000 0.138115E+07 0.125090E+07 0.145385E+07 0.244899E+07 0.232798E+07 0.256803E+07
    8.0125 0.137636E+07 0.125327E+07 0.145728E+07 0.244457E+07 0.233007E+07 0.257074E+07
    8.0250 0.137169E+07 0.125563E+07 0.146058E+07 0.244024E+07 0.233216E+07 0.257333E+07
    8.0375 0.136723E+07 0.125792E+07 0.146368E+07 0.243609E+07 0.233420E+07 0.257573E+07
    8.0500 0.136309E+07 0.126010E+07 0.146653E+07 0.243223E+07 0.233614E+07 0.257787E+07
    8.0625 0.135933E+07 0.126213E+07 0.146904E+07 0.242872E+07 0.233795E+07 0.257970E+07
    8.0750 0.135601E+07 0.126399E+07 0.147118E+07 0.242564E+07 0.233959E+07 0.258115E+07
    8.0875 0.135318E+07 0.126564E+07 0.147291E+07 0.242304E+07 0.234105E+07 0.258221E+07
    8.1000 0.135086E+07 0.126707E+07 0.147422E+07 0.242094E+07 0.234230E+07 0.258285E+07
    8.1125 0.134905E+07 0.126828E+07 0.147509E+07 0.241936E+07 0.234333E+07 0.258306E+07
    8.1250 0.134773E+07 0.126928E+07 0.147555E+07 0.241827E+07 0.234416E+07 0.258286E+07
    8.1375 0.134687E+07 0.127007E+07 0.147561E+07 0.241765E+07 0.234480E+07 0.258228E+07
    8.1500 0.134640E+07 0.127069E+07 0.147533E+07 0.241745E+07 0.234527E+07 0.258136E+07
    8.1625 0.134625E+07 0.127117E+07 0.147476E+07 0.241760E+07 0.234560E+07 0.258015E+07
    8.1750 0.134635E+07 0.127154E+07 0.147395E+07 0.241803E+07 0.234582E+07 0.257870E+07
    8.1875 0.134659E+07 0.127185E+07 0.147298E+07 0.241865E+07 0.234599E+07 0.257710E+07
    8.2000 0.134688E+07 0.127214E+07 0.147192E+07 0.241937E+07 0.234613E+07 0.257541E+07
    8.2125 0.134713E+07 0.127246E+07 0.147085E+07 0.242010E+07 0.234629E+07 0.257370E+07
    8.2250 0.134724E+07 0.127284E+07 0.146983E+07 0.242075E+07 0.234652E+07 0.257205E+07
    8.2375 0.134713E+07 0.127333E+07 0.146894E+07 0.242124E+07 0.234686E+07 0.257052E+07
    8.2500 0.134672E+07 0.127397E+07 0.146822E+07 0.242150E+07 0.234733E+07 0.256917E+07
    8.2625 0.134596E+07 0.127478E+07 0.146773E+07 0.242147E+07 0.234797E+07 0.256804E+07
    8.2750 0.134482E+07 0.127579E+07 0.146750E+07 0.242112E+07 0.234879E+07 0.256716E+07
    8.2875 0.134325E+07 0.127699E+07 0.146754E+07 0.242043E+07 0.234981E+07 0.256656E+07
    8.3000 0.134128E+07 0.127841E+07 0.146787E+07 0.241939E+07 0.235103E+07 0.256624E+07
    8.3125 0.133890E+07 0.128002E+07 0.146847E+07 0.241802E+07 0.235243E+07 0.256618E+07
    8.3250 0.133617E+07 0.128181E+07 0.146931E+07 0.241636E+07 0.235401E+07 0.256636E+07
    8.3375 0.133313E+07 0.128376E+07 0.147037E+07 0.241447E+07 0.235573E+07 0.256674E+07
    8.3500 0.132985E+07 0.128584E+07 0.147158E+07 0.241240E+07 0.235758E+07 0.256727E+07
    8.3625 0.132642E+07 0.128800E+07 0.147290E+07 0.241025E+07 0.235949E+07 0.256790E+07
    8.3750 0.132293E+07 0.129021E+07 0.147424E+07 0.240810E+07 0.236144E+07 0.256854E+07
    8.3875 0.131947E+07 0.129241E+07 0.147556E+07 0.240604E+07 0.236338E+07 0.256913E+07
    8.4000 0.131614E+07 0.129457E+07 0.147676E+07 0.240417E+07 0.236527E+07 0.256959E+07
    8.4125 0.131304E+07 0.129664E+07 0.147779E+07 0.240257E+07 0.236705E+07 0.256986E+07
    8.4250 0.131025E+07 0.129858E+07 0.147857E+07 0.240134E+07 0.236868E+07 0.256987E+07
    8.4375 0.130786E+07 0.130035E+07 0.147906E+07 0.240055E+07 0.237013E+07 0.256956E+07
    8.4500 0.130592E+07 0.130191E+07 0.147920E+07 0.240025E+07 0.237137E+07 0.256889E+07
    8.4625 0.130448E+07 0.130326E+07 0.147896E+07 0.240050E+07 0.237237E+07 0.256781E+07
    8.4750 0.130359E+07 0.130436E+07 0.147832E+07 0.240130E+07 0.237312E+07 0.256631E+07
    8.4875 0.130324E+07 0.130522E+07 0.147727E+07 0.240268E+07 0.237361E+07 0.256438E+07
    8.5000 0.130343E+07 0.130583E+07 0.147582E+07 0.240462E+07 0.237385E+07 0.256204E+07
    8.5125 0.130415E+07 0.130621E+07 0.147398E+07 0.240708E+07 0.237384E+07 0.255929E+07
    8.5250 0.130535E+07 0.130638E+07 0.147179E+07 0.241002E+07 0.237360E+07 0.255618E+07
    8.5375 0.130697E+07 0.130635E+07 0.146930E+07 0.241337E+07 0.237317E+07 0.255276E+07
    8.5500 0.130894E+07 0.130617E+07 0.146655E+07 0.241705E+07 0.237257E+07 0.254909E+07
    8.5625 0.131119E+07 0.130586E+07 0.146362E+07 0.242098E+07 0.237185E+07 0.254523E+07
    8.5750 0.131364E+07 0.130547E+07 0.146056E+07 0.242506E+07 0.237104E+07 0.254125E+07
    8.5875 0.131620E+07 0.130504E+07 0.145745E+07 0.242920E+07 0.237019E+07 0.253724E+07
    8.6000 0.131878E+07 0.130460E+07 0.145435E+07 0.243331E+07 0.236935E+07 0.253326E+07
    8.6125 0.132131E+07 0.130419E+07 0.145132E+07 0.243729E+07 0.236854E+07 0.252938E+07
    8.6250 0.132372E+07 0.130384E+07 0.144843E+07 0.244107E+07 0.236782E+07 0.252566E+07
    8.6375 0.132595E+07 0.130359E+07 0.144571E+07 0.244458E+07 0.236720E+07 0.252217E+07
    8.6500 0.132796E+07 0.130344E+07 0.144320E+07 0.244776E+07 0.236672E+07 0.251894E+07
    8.6625 0.132972E+07 0.130342E+07 0.144093E+07 0.245059E+07 0.236638E+07 0.251600E+07
    8.6750 0.133122E+07 0.130353E+07 0.143891E+07 0.245304E+07 0.236621E+07 0.251336E+07
    8.6875 0.133246E+07 0.130377E+07 0.143714E+07 0.245512E+07 0.236620E+07 0.251105E+07
    8.7000 0.133348E+07 0.130412E+07 0.143559E+07 0.245684E+07 0.236635E+07 0.250903E+07
    8.7125 0.133430E+07 0.130456E+07 0.143424E+07 0.245824E+07 0.236663E+07 0.250728E+07
    8.7250 0.133498E+07 0.130508E+07 0.143305E+07 0.245936E+07 0.236702E+07 0.250578E+07
    8.7375 0.133560E+07 0.130564E+07 0.143198E+07 0.246028E+07 0.236750E+07 0.250447E+07
    8.7500 0.133621E+07 0.130620E+07 0.143095E+07 0.246107E+07 0.236804E+07 0.250329E+07
    8.7625 0.133691E+07 0.130673E+07 0.142993E+07 0.246180E+07 0.236858E+07 0.250220E+07
    8.7750 0.133777E+07 0.130719E+07 0.142883E+07 0.246257E+07 0.236910E+07 0.250112E+07
    8.7875 0.133888E+07 0.130754E+07 0.142760E+07 0.246344E+07 0.236956E+07 0.250000E+07
    8.8000 0.134030E+07 0.130775E+07 0.142618E+07 0.246451E+07 0.236991E+07 0.249877E+07
    8.8125 0.134210E+07 0.130778E+07 0.142452E+07 0.246584E+07 0.237013E+07 0.249738E+07
    8.8250 0.134434E+07 0.130761E+07 0.142258E+07 0.246750E+07 0.237018E+07 0.249579E+07
    8.8375 0.134706E+07 0.130721E+07 0.142032E+07 0.246952E+07 0.237004E+07 0.249396E+07
    8.8500 0.135027E+07 0.130658E+07 0.141773E+07 0.247195E+07 0.236969E+07 0.249187E+07
    8.8625 0.135400E+07 0.130571E+07 0.141478E+07 0.247480E+07 0.236913E+07 0.248950E+07
    8.8750 0.135822E+07 0.130459E+07 0.141150E+07 0.247806E+07 0.236835E+07 0.248686E+07
    8.8875 0.136291E+07 0.130325E+07 0.140790E+07 0.248173E+07 0.236736E+07 0.248396E+07
    8.9000 0.136803E+07 0.130170E+07 0.140401E+07 0.248576E+07 0.236617E+07 0.248083E+07
    8.9125 0.137352E+07 0.129996E+07 0.139987E+07 0.249010E+07 0.236481E+07 0.247751E+07
    8.9250 0.137931E+07 0.129806E+07 0.139554E+07 0.249470E+07 0.236330E+07 0.247404E+07
    8.9375 0.138531E+07 0.129604E+07 0.139108E+07 0.249948E+07 0.236167E+07 0.247049E+07
    8.9500 0.139144E+07 0.129394E+07 0.138655E+07 0.250436E+07 0.235996E+07 0.246691E+07
    8.9625 0.139762E+07 0.129180E+07 0.138202E+07 0.250926E+07 0.235821E+07 0.246337E+07
    8.9750 0.140375E+07 0.128965E+07 0.137757E+07 0.251410E+07 0.235645E+07 0.245993E+07
    8.9875 0.140974E+07 0.128754E+07 0.137325E+07 0.251881E+07 0.235472E+07 0.245666E+07
    9.0000 0.141553E+07 0.128549E+07 0.136913E+07 0.252330E+07 0.235305E+07 0.245360E+07
    9.0125 0.142103E+07 0.128355E+07 0.136526E+07 0.252751E+07 0.235148E+07 0.245081E+07
    9.0250 0.142620E+07 0.128173E+07 0.136168E+07 0.253140E+07 0.235003E+07 0.244833E+07
    9.0375 0.143099E+07 0.128006E+07 0.135843E+07 0.253493E+07 0.234871E+07 0.244619E+07
    9.0500 0.143539E+07 0.127854E+07 0.135553E+07 0.253807E+07 0.234754E+07 0.244439E+07
    9.0625 0.143937E+07 0.127718E+07 0.135299E+07 0.254083E+07 0.234653E+07 0.244295E+07
    9.0750 0.144294E+07 0.127598E+07 0.135079E+07 0.254320E+07 0.234566E+07 0.244185E+07
    9.0875 0.144614E+07 0.127493E+07 0.134893E+07 0.254522E+07 0.234492E+07 0.244108E+07
    9.1000 0.144900E+07 0.127401E+07 0.134738E+07 0.254692E+07 0.234430E+07 0.244060E+07
    9.1125 0.145157E+07 0.127319E+07 0.134609E+07 0.254836E+07 0.234378E+07 0.244036E+07
    9.1250 0.145390E+07 0.127246E+07 0.134502E+07 0.254960E+07 0.234333E+07 0.244032E+07
    9.1375 0.145607E+07 0.127177E+07 0.134412E+07 0.255070E+07 0.234291E+07 0.244043E+07
    9.1500 0.145815E+07 0.127110E+07 0.134333E+07 0.255174E+07 0.234249E+07 0.244062E+07
    9.1625 0.146021E+07 0.127042E+07 0.134259E+07 0.255279E+07 0.234204E+07 0.244083E+07
    9.1750 0.146232E+07 0.126968E+07 0.134186E+07 0.255392E+07 0.234152E+07 0.244101E+07
    9.1875 0.146453E+07 0.126887E+07 0.134108E+07 0.255520E+07 0.234090E+07 0.244110E+07
    9.2000 0.146691E+07 0.126795E+07 0.134021E+07 0.255666E+07 0.234016E+07 0.244107E+07
    9.2125 0.146950E+07 0.126691E+07 0.133922E+07 0.255837E+07 0.233927E+07 0.244087E+07
    9.2250 0.147234E+07 0.126573E+07 0.133807E+07 0.256035E+07 0.233822E+07 0.244047E+07
    9.2375 0.147542E+07 0.126440E+07 0.133676E+07 0.256261E+07 0.233699E+07 0.243987E+07
    9.2500 0.147876E+07 0.126292E+07 0.133528E+07 0.256515E+07 0.233559E+07 0.243906E+07
    9.2625 0.148235E+07 0.126129E+07 0.133364E+07 0.256796E+07 0.233402E+07 0.243804E+07
    9.2750 0.148614E+07 0.125953E+07 0.133186E+07 0.257101E+07 0.233230E+07 0.243685E+07
    9.2875 0.149011E+07 0.125765E+07 0.132998E+07 0.257424E+07 0.233043E+07 0.243551E+07
    9.3000 0.149419E+07 0.125567E+07 0.132804E+07 0.257761E+07 0.232845E+07 0.243407E+07
    9.3125 0.149831E+07 0.125364E+07 0.132608E+07 0.258105E+07 0.232639E+07 0.243257E+07
    9.3250 0.150242E+07 0.125157E+07 0.132415E+07 0.258448E+07 0.232428E+07 0.243107E+07
    9.3375 0.150643E+07 0.124950E+07 0.132232E+07 0.258783E+07 0.232216E+07 0.242963E+07
    9.3500 0.151027E+07 0.124746E+07 0.132064E+07 0.259101E+07 0.232006E+07 0.242831E+07
    9.3625 0.151386E+07 0.124550E+07 0.131916E+07 0.259396E+07 0.231802E+07 0.242717E+07
    9.3750 0.151714E+07 0.124363E+07 0.131795E+07 0.259660E+07 0.231607E+07 0.242626E+07
    9.3875 0.152004E+07 0.124189E+07 0.131704E+07 0.259886E+07 0.231425E+07 0.242563E+07
    9.4000 0.152251E+07 0.124031E+07 0.131646E+07 0.260070E+07 0.231259E+07 0.242532E+07
    9.4125 0.152453E+07 0.123889E+07 0.131626E+07 0.260208E+07 0.231109E+07 0.242537E+07
    9.4250 0.152606E+07 0.123766E+07 0.131644E+07 0.260297E+07 0.230979E+07 0.242578E+07
    9.4375 0.152709E+07 0.123662E+07 0.131700E+07 0.260336E+07 0.230868E+07 0.242656E+07
    9.4500 0.152763E+07 0.123576E+07 0.131795E+07 0.260326E+07 0.230777E+07 0.242772E+07
    9.4625 0.152770E+07 0.123508E+07 0.131926E+07 0.260268E+07 0.230705E+07 0.242924E+07
    9.4750 0.152734E+07 0.123456E+07 0.132091E+07 0.260167E+07 0.230650E+07 0.243109E+07
    9.4875 0.152659E+07 0.123419E+07 0.132285E+07 0.260028E+07 0.230611E+07 0.243323E+07
    9.5000 0.152550E+07 0.123395E+07 0.132504E+07 0.259855E+07 0.230586E+07 0.243561E+07
    9.5125 0.152415E+07 0.123379E+07 0.132744E+07 0.259655E+07 0.230570E+07 0.243820E+07
    9.5250 0.152259E+07 0.123370E+07 0.132997E+07 0.259437E+07 0.230563E+07 0.244093E+07
    9.5375 0.152090E+07 0.123364E+07 0.133260E+07 0.259206E+07 0.230559E+07 0.244374E+07
    9.5500 0.151914E+07 0.123358E+07 0.133526E+07 0.258970E+07 0.230556E+07 0.244658E+07
    9.5625 0.151737E+07 0.123349E+07 0.133789E+07 0.258737E+07 0.230551E+07 0.244940E+07
    9.5750 0.151566E+07 0.123335E+07 0.134046E+07 0.258512E+07 0.230540E+07 0.245215E+07
    9.5875 0.151406E+07 0.123313E+07 0.134293E+07 0.258301E+07 0.230522E+07 0.245478E+07
    9.6000 0.151259E+07 0.123282E+07 0.134526E+07 0.258107E+07 0.230495E+07 0.245727E+07
    9.6125 0.151128E+07 0.123240E+07 0.134743E+07 0.257935E+07 0.230456E+07 0.245959E+07
    9.6250 0.151015E+07 0.123186E+07 0.134943E+07 0.257786E+07 0.230406E+07 0.246173E+07
    9.6375 0.150918E+07 0.123122E+07 0.135127E+07 0.257659E+07 0.230344E+07 0.246368E+07
    9.6500 0.150836E+07 0.123047E+07 0.135295E+07 0.257553E+07 0.230270E+07 0.246546E+07
    9.6625 0.150767E+07 0.122964E+07 0.135451E+07 0.257467E+07 0.230187E+07 0.246708E+07
    9.6750 0.150705E+07 0.122873E+07 0.135596E+07 0.257396E+07 0.230096E+07 0.246858E+07
    9.6875 0.150647E+07 0.122777E+07 0.135735E+07 0.257336E+07 0.229998E+07 0.246999E+07
    9.7000 0.150585E+07 0.122680E+07 0.135872E+07 0.257281E+07 0.229897E+07 0.247134E+07
    9.7125 0.150515E+07 0.122583E+07 0.136012E+07 0.257225E+07 0.229796E+07 0.247270E+07
    9.7250 0.150430E+07 0.122491E+07 0.136159E+07 0.257162E+07 0.229698E+07 0.247410E+07
    9.7375 0.150322E+07 0.122406E+07 0.136320E+07 0.257086E+07 0.229606E+07 0.247559E+07
    9.7500 0.150188E+07 0.122330E+07 0.136497E+07 0.256990E+07 0.229522E+07 0.247721E+07
    9.7625 0.150021E+07 0.122268E+07 0.136696E+07 0.256869E+07 0.229450E+07 0.247901E+07
    9.7750 0.149817E+07 0.122221E+07 0.136920E+07 0.256719E+07 0.229393E+07 0.248102E+07
    9.7875 0.149573E+07 0.122190E+07 0.137170E+07 0.256536E+07 0.229351E+07 0.248327E+07
    9.8000 0.149287E+07 0.122178E+07 0.137449E+07 0.256318E+07 0.229327E+07 0.248576E+07
    9.8125 0.148958E+07 0.122184E+07 0.137757E+07 0.256064E+07 0.229321E+07 0.248851E+07
    9.8250 0.148587E+07 0.122209E+07 0.138094E+07 0.255774E+07 0.229333E+07 0.249151E+07
    9.8375 0.148177E+07 0.122253E+07 0.138458E+07 0.255449E+07 0.229364E+07 0.249476E+07
    9.8500 0.147730E+07 0.122313E+07 0.138847E+07 0.255093E+07 0.229410E+07 0.249821E+07
    9.8625 0.147252E+07 0.122389E+07 0.139257E+07 0.254709E+07 0.229472E+07 0.250184E+07
    9.8750 0.146747E+07 0.122478E+07 0.139683E+07 0.254303E+07 0.229547E+07 0.250562E+07
    9.8875 0.146223E+07 0.122577E+07 0.140122E+07 0.253880E+07 0.229632E+07 0.250949E+07
    9.9000 0.145685E+07 0.122683E+07 0.140567E+07 0.253446E+07 0.229725E+07 0.251340E+07
    9.9125 0.145142E+07 0.122794E+07 0.141014E+07 0.253009E+07 0.229822E+07 0.251730E+07
    9.9250 0.144600E+07 0.122906E+07 0.141456E+07 0.252574E+07 0.229920E+07 0.252114E+07
    9.9375 0.144066E+07 0.123017E+07 0.141889E+07 0.252147E+07 0.230017E+07 0.252487E+07
    9.9500 0.143546E+07 0.123123E+07 0.142308E+07 0.251736E+07 0.230110E+07 0.252844E+07
    9.9625 0.143047E+07 0.123222E+07 0.142709E+07 0.251344E+07 0.230196E+07 0.253182E+07
    9.9750 0.142572E+07 0.123311E+07 0.143088E+07 0.250975E+07 0.230273E+07 0.253496E+07
    9.9875 0.142126E+07 0.123390E+07 0.143443E+07 0.250634E+07 0.230341E+07 0.253785E+07
   10.0000 0.141710E+07 0.123458E+07 0.143772E+07 0.250320E+07 0.230397E+07 0.254047E+07
   10.0125 0.141325E+07 0.123514E+07 0.144074E+07 0.250036E+07 0.230442E+07 0.254282E+07
   10.0250 0.140971E+07 0.123558E+07 0.144350E+07 0.249779E+07 0.230476E+07 0.254490E+07
   10.0375 0.140647E+07 0.123591E+07 0.144601E+07 0.249548E+07 0.230500E+07 0.254674E+07
   10.0500 0.140349E+07 0.123615E+07 0.144829E+07 0.249340E+07 0.230516E+07 0.254835E+07
   10.0625 0.140075E+07 0.123631E+07 0.145038E+07 0.249150E+07 0.230525E+07 0.254976E+07
   10.0750 0.139819E+07 0.123641E+07 0.145230E+07 0.248974E+07 0.230529E+07 0.255102E+07
   10.0875 0.139576E+07 0.123649E+07 0.145410E+07 0.248806E+07 0.230532E+07 0.255217E+07
   10.1000 0.139342E+07 0.123656E+07 0.145582E+07 0.248639E+07 0.230537E+07 0.255325E+07
