      Time   ANCHTEN1   ANCHTEN2   ANCHTEN3   FAIRTEN1   FAIRTEN2   FAIRTEN3
       (s)        (N)        (N)        (N)        (N)        (N)        (N)
    0.0000 0.134762E+07 0.134766E+07 0.134766E+07 0.243587E+07 0.243591E+07 0.243591E+07
    0.0125 0.134768E+07 0.134772E+07 0.134772E+07 0.243288E+07 0.244130E+07 0.243776E+07
    0.0250 0.134776E+07 0.134780E+07 0.134780E+07 0.243284E+07 0.244174E+07 0.243807E+07
    0.0375 0.134784E+07 0.134788E+07 0.134788E+07 0.243217E+07 0.244363E+07 0.243893E+07
    0.0500 0.134794E+07 0.134798E+07 0.134798E+07 0.243212E+07 0.244488E+07 0.243975E+07
    0.0625 0.134804E+07 0.134808E+07 0.134808E+07 0.243287E+07 0.244528E+07 0.244043E+07
    0.0750 0.134815E+07 0.134819E+07 0.134819E+07 0.243458E+07 0.244463E+07 0.244093E+07
    0.0875 0.134826E+07 0.134831E+07 0.134831E+07 0.243733E+07 0.244287E+07 0.244123E+07
    0.1000 0.134839E+07 0.134843E+07 0.134843E+07 0.244116E+07 0.243996E+07 0.244128E+07
    0.1125 0.134852E+07 0.134856E+07 0.134856E+07 0.244605E+07 0.243596E+07 0.244106E+07
    0.1250 0.134866E+07 0.134870E+07 0.134870E+07 0.245194E+07 0.243094E+07 0.244056E+07
    0.1375 0.134881E+07 0.134885E+07 0.134885E+07 0.245872E+07 0.242505E+07 0.243975E+07
    0.1500 0.134896E+07 0.134900E+07 0.134900E+07 0.246624E+07 0.241848E+07 0.243864E+07
    0.1625 0.134912E+07 0.134916E+07 0.134916E+07 0.247430E+07 0.241144E+07 0.243724E+07
    0.1750 0.134929E+07 0.134933E+07 0.134933E+07 0.248271E+07 0.240419E+07 0.243555E+07
    0.1875 0.134946E+07 0.134950E+07 0.134950E+07 0.249122E+07 0.239696E+07 0.243362E+07
    0.2000 0.134963E+07 0.134968E+07 0.134968E+07 0.249959E+07 0.239003E+07 0.243148E+07
    0.2125 0.134982E+07 0.134986E+07 0.134986E+07 0.250758E+07 0.238363E+07 0.242919E+07
    0.2250 0.135000E+07 0.135004E+07 0.135004E+07 0.251495E+07 0.237799E+07 0.242680E+07
    0.2375 0.135019E+07 0.135023E+07 0.135023E+07 0.252149E+07 0.237328E+07 0.242439E+07
    0.2500 0.135038E+07 0.135043E+07 0.135043E+07 0.252702E+07 0.236967E+07 0.242204E+07
    0.2625 0.135057E+07 0.135064E+07 0.135063E+07 0.253139E+07 0.236725E+07 0.241983E+07
    0.2750 0.135075E+07 0.135087E+07 0.135084E+07 0.253447E+07 0.236607E+07 0.241784E+07
    0.2875 0.135091E+07 0.135114E+07 0.135106E+07 0.253621E+07 0.236614E+07 0.241614E+07
    0.3000 0.135104E+07 0.135148E+07 0.135132E+07 0.253659E+07 0.236740E+07 0.241481E+07
    0.3125 0.135112E+07 0.135193E+07 0.135161E+07 0.253562E+07 0.236978E+07 0.241392E+07
    0.3250 0.135113E+07 0.135252E+07 0.135196E+07 0.253338E+07 0.237313E+07 0.241350E+07
    0.3375 0.135108E+07 0.135328E+07 0.135239E+07 0.252997E+07 0.237729E+07 0.241359E+07
    0.3500 0.135096E+07 0.135424E+07 0.135292E+07 0.252554E+07 0.238207E+07 0.241420E+07
    0.3625 0.135082E+07 0.135536E+07 0.135354E+07 0.252026E+07 0.238727E+07 0.241532E+07
    0.3750 0.135073E+07 0.135660E+07 0.135426E+07 0.251433E+07 0.239268E+07 0.241693E+07
    0.3875 0.135079E+07 0.135784E+07 0.135506E+07 0.250796E+07 0.239809E+07 0.241896E+07
    0.4000 0.135114E+07 0.135893E+07 0.135590E+07 0.250137E+07 0.240332E+07 0.242135E+07
    0.4125 0.135194E+07 0.135967E+07 0.135675E+07 0.249476E+07 0.240820E+07 0.242401E+07
    0.4250 0.135338E+07 0.135986E+07 0.135755E+07 0.248835E+07 0.241258E+07 0.242684E+07
    0.4375 0.135562E+07 0.135928E+07 0.135823E+07 0.248230E+07 0.241637E+07 0.242972E+07
    0.4500 0.135881E+07 0.135777E+07 0.135874E+07 0.247677E+07 0.241949E+07 0.243254E+07
    0.4625 0.136308E+07 0.135517E+07 0.135901E+07 0.247189E+07 0.242193E+07 0.243517E+07
    0.4750 0.136849E+07 0.135141E+07 0.135898E+07 0.246773E+07 0.242370E+07 0.243752E+07
    0.4875 0.137505E+07 0.134646E+07 0.135862E+07 0.246434E+07 0.242484E+07 0.243947E+07
    0.5000 0.138272E+07 0.134039E+07 0.135790E+07 0.246173E+07 0.242544E+07 0.244094E+07
    0.5125 0.139139E+07 0.133330E+07 0.135678E+07 0.245987E+07 0.242562E+07 0.244187E+07
    0.5250 0.140090E+07 0.132540E+07 0.135528E+07 0.245870E+07 0.242550E+07 0.244222E+07
    0.5375 0.141102E+07 0.131692E+07 0.135340E+07 0.245812E+07 0.242522E+07 0.244198E+07
    0.5500 0.142152E+07 0.130814E+07 0.135118E+07 0.245800E+07 0.242494E+07 0.244115E+07
    0.5625 0.143208E+07 0.129936E+07 0.134865E+07 0.245820E+07 0.242480E+07 0.243978E+07
    0.5750 0.144243E+07 0.129090E+07 0.134589E+07 0.245857E+07 0.242494E+07 0.243794E+07
    0.5875 0.145223E+07 0.128306E+07 0.134295E+07 0.245896E+07 0.242547E+07 0.243572E+07
    0.6000 0.146120E+07 0.127614E+07 0.133993E+07 0.245919E+07 0.242648E+07 0.243322E+07
    0.6125 0.146906E+07 0.127038E+07 0.133693E+07 0.245913E+07 0.242805E+07 0.243059E+07
    0.6250 0.147557E+07 0.126599E+07 0.133403E+07 0.245864E+07 0.243022E+07 0.242793E+07
    0.6375 0.148052E+07 0.126312E+07 0.133135E+07 0.245761E+07 0.243298E+07 0.242541E+07
    0.6500 0.148376E+07 0.126186E+07 0.132899E+07 0.245596E+07 0.243634E+07 0.242315E+07
    0.6625 0.148520E+07 0.126222E+07 0.132703E+07 0.245364E+07 0.244023E+07 0.242127E+07
    0.6750 0.148482E+07 0.126417E+07 0.132556E+07 0.245064E+07 0.244459E+07 0.241989E+07
    0.6875 0.148265E+07 0.126759E+07 0.132466E+07 0.244698E+07 0.244931E+07 0.241908E+07
    0.7000 0.147877E+07 0.127234E+07 0.132438E+07 0.244272E+07 0.245429E+07 0.241891E+07
    0.7125 0.147334E+07 0.127820E+07 0.132473E+07 0.243797E+07 0.245937E+07 0.241940E+07
    0.7250 0.146655E+07 0.128493E+07 0.132574E+07 0.243286E+07 0.246442E+07 0.242055E+07
    0.7375 0.145864E+07 0.129225E+07 0.132737E+07 0.242755E+07 0.246928E+07 0.242230E+07
    0.7500 0.144988E+07 0.129989E+07 0.132958E+07 0.242226E+07 0.247378E+07 0.242458E+07
    0.7625 0.144057E+07 0.130757E+07 0.133230E+07 0.241719E+07 0.247778E+07 0.242728E+07
    0.7750 0.143099E+07 0.131502E+07 0.133544E+07 0.241258E+07 0.248111E+07 0.243026E+07
    0.7875 0.142143E+07 0.132200E+07 0.133887E+07 0.240865E+07 0.248364E+07 0.243336E+07
    0.8000 0.141219E+07 0.132831E+07 0.134247E+07 0.240562E+07 0.248525E+07 0.243641E+07
    0.8125 0.140350E+07 0.133379E+07 0.134608E+07 0.240370E+07 0.248585E+07 0.243923E+07
    0.8250 0.139558E+07 0.133834E+07 0.134957E+07 0.240304E+07 0.248538E+07 0.244164E+07
    0.8375 0.138859E+07 0.134190E+07 0.135279E+07 0.240377E+07 0.248381E+07 0.244348E+07
    0.8500 0.138266E+07 0.134448E+07 0.135559E+07 0.240595E+07 0.248118E+07 0.244461E+07
    0.8625 0.137785E+07 0.134611E+07 0.135786E+07 0.240960E+07 0.247755E+07 0.244491E+07
    0.8750 0.137416E+07 0.134691E+07 0.135948E+07 0.241466E+07 0.247302E+07 0.244432E+07
    0.8875 0.137157E+07 0.134702E+07 0.136039E+07 0.242102E+07 0.246776E+07 0.244279E+07
    0.9000 0.136997E+07 0.134660E+07 0.136053E+07 0.242849E+07 0.246194E+07 0.244034E+07
    0.9125 0.136922E+07 0.134586E+07 0.135990E+07 0.243683E+07 0.245579E+07 0.243701E+07
    0.9250 0.136915E+07 0.134500E+07 0.135851E+07 0.244578E+07 0.244954E+07 0.243291E+07
    0.9375 0.136955E+07 0.134423E+07 0.135642E+07 0.245501E+07 0.244343E+07 0.242817E+07
    0.9500 0.137019E+07 0.134376E+07 0.135373E+07 0.246417E+07 0.243770E+07 0.242297E+07
    0.9625 0.137085E+07 0.134376E+07 0.135055E+07 0.247293E+07 0.243259E+07 0.241750E+07
    0.9750 0.137128E+07 0.134440E+07 0.134703E+07 0.248093E+07 0.242831E+07 0.241197E+07
    0.9875 0.137128E+07 0.134579E+07 0.134333E+07 0.248785E+07 0.242503E+07 0.240661E+07
    1.0000 0.137063E+07 0.134801E+07 0.133962E+07 0.249342E+07 0.242289E+07 0.240165E+07
    1.0125 0.136919E+07 0.135111E+07 0.133609E+07 0.249738E+07 0.242198E+07 0.239727E+07
    1.0250 0.136681E+07 0.135507E+07 0.133290E+07 0.249955E+07 0.242235E+07 0.239369E+07
    1.0375 0.136343E+07 0.135987E+07 0.133021E+07 0.249982E+07 0.242400E+07 0.239104E+07
    1.0500 0.135901E+07 0.136540E+07 0.132816E+07 0.249813E+07 0.242688E+07 0.238945E+07
    1.0625 0.135357E+07 0.137154E+07 0.132686E+07 0.249451E+07 0.243089E+07 0.238899E+07
    1.0750 0.134718E+07 0.137815E+07 0.132638E+07 0.248905E+07 0.243590E+07 0.238968E+07
    1.0875 0.133997E+07 0.138505E+07 0.132676E+07 0.248191E+07 0.244175E+07 0.239150E+07
    1.1000 0.133211E+07 0.139204E+07 0.132798E+07 0.247332E+07 0.244824E+07 0.239439E+07
    1.1125 0.132381E+07 0.139892E+07 0.132999E+07 0.246353E+07 0.245518E+07 0.239821E+07
    1.1250 0.131529E+07 0.140550E+07 0.133271E+07 0.245287E+07 0.246234E+07 0.240281E+07
    1.1375 0.130682E+07 0.141159E+07 0.133599E+07 0.244166E+07 0.246952E+07 0.240800E+07
    1.1500 0.129868E+07 0.141701E+07 0.133968E+07 0.243027E+07 0.247650E+07 0.241355E+07
    1.1625 0.129111E+07 0.142161E+07 0.134360E+07 0.241903E+07 0.248312E+07 0.241923E+07
    1.1750 0.128439E+07 0.142528E+07 0.134753E+07 0.240829E+07 0.248919E+07 0.242480E+07
    1.1875 0.127873E+07 0.142793E+07 0.135126E+07 0.239837E+07 0.249459E+07 0.243002E+07
    1.2000 0.127433E+07 0.142951E+07 0.135460E+07 0.238952E+07 0.249921E+07 0.243467E+07
    1.2125 0.127134E+07 0.143001E+07 0.135734E+07 0.238197E+07 0.250299E+07 0.243855E+07
    1.2250 0.126984E+07 0.142948E+07 0.135932E+07 0.237589E+07 0.250590E+07 0.244150E+07
    1.2375 0.126988E+07 0.142798E+07 0.136040E+07 0.237139E+07 0.250793E+07 0.244341E+07
    1.2500 0.127142E+07 0.142563E+07 0.136049E+07 0.236850E+07 0.250912E+07 0.244419E+07
    1.2625 0.127438E+07 0.142257E+07 0.135954E+07 0.236720E+07 0.250953E+07 0.244384E+07
    1.2750 0.127860E+07 0.141898E+07 0.135755E+07 0.236741E+07 0.250925E+07 0.244237E+07
    1.2875 0.128389E+07 0.141503E+07 0.135457E+07 0.236898E+07 0.250839E+07 0.243987E+07
    1.3000 0.128999E+07 0.141093E+07 0.135071E+07 0.237173E+07 0.250707E+07 0.243646E+07
    1.3125 0.129662E+07 0.140689E+07 0.134610E+07 0.237543E+07 0.250541E+07 0.243231E+07
    1.3250 0.130347E+07 0.140310E+07 0.134093E+07 0.237982E+07 0.250356E+07 0.242762E+07
    1.3375 0.131020E+07 0.139974E+07 0.133541E+07 0.238465E+07 0.250162E+07 0.242259E+07
    1.3500 0.131651E+07 0.139698E+07 0.132979E+07 0.238962E+07 0.249973E+07 0.241746E+07
    1.3625 0.132208E+07 0.139495E+07 0.132430E+07 0.239449E+07 0.249797E+07 0.241247E+07
    1.3750 0.132665E+07 0.139375E+07 0.131919E+07 0.239901E+07 0.249645E+07 0.240783E+07
    1.3875 0.132997E+07 0.139345E+07 0.131469E+07 0.240297E+07 0.249521E+07 0.240374E+07
    1.4000 0.133187E+07 0.139408E+07 0.131100E+07 0.240621E+07 0.249431E+07 0.240037E+07
    1.4125 0.133222E+07 0.139562E+07 0.130829E+07 0.240861E+07 0.249376E+07 0.239786E+07
    1.4250 0.133096E+07 0.139802E+07 0.130670E+07 0.241011E+07 0.249355E+07 0.239628E+07
    1.4375 0.132811E+07 0.140120E+07 0.130630E+07 0.241069E+07 0.249366E+07 0.239569E+07
    1.4500 0.132373E+07 0.140505E+07 0.130711E+07 0.241042E+07 0.249402E+07 0.239607E+07
    1.4625 0.131798E+07 0.140942E+07 0.130912E+07 0.240939E+07 0.249458E+07 0.239736E+07
    1.4750 0.131105E+07 0.141416E+07 0.131223E+07 0.240776E+07 0.249525E+07 0.239945E+07
    1.4875 0.130319E+07 0.141911E+07 0.131632E+07 0.240572E+07 0.249592E+07 0.240220E+07
    1.5000 0.129469E+07 0.142408E+07 0.132120E+07 0.240351E+07 0.249650E+07 0.240542E+07
    1.5125 0.128587E+07 0.142891E+07 0.132667E+07 0.240136E+07 0.249686E+07 0.240891E+07
    1.5250 0.127707E+07 0.143343E+07 0.133248E+07 0.239955E+07 0.249691E+07 0.241245E+07
    1.5375 0.126860E+07 0.143749E+07 0.133837E+07 0.239832E+07 0.249654E+07 0.241581E+07
    1.5500 0.126081E+07 0.144095E+07 0.134408E+07 0.239791E+07 0.249565E+07 0.241878E+07
    1.5625 0.125397E+07 0.144372E+07 0.134937E+07 0.239854E+07 0.249416E+07 0.242115E+07
    1.5750 0.124837E+07 0.144571E+07 0.135400E+07 0.240039E+07 0.249201E+07 0.242275E+07
    1.5875 0.124421E+07 0.144686E+07 0.135776E+07 0.240358E+07 0.248917E+07 0.242345E+07
    1.6000 0.124165E+07 0.144714E+07 0.136049E+07 0.240820E+07 0.248560E+07 0.242315E+07
    1.6125 0.124079E+07 0.144655E+07 0.136208E+07 0.241425E+07 0.248133E+07 0.242181E+07
    1.6250 0.124167E+07 0.144512E+07 0.136246E+07 0.242171E+07 0.247637E+07 0.241941E+07
    1.6375 0.124426E+07 0.144288E+07 0.136163E+07 0.243047E+07 0.247079E+07 0.241602E+07
    1.6500 0.124848E+07 0.143992E+07 0.135963E+07 0.244037E+07 0.246467E+07 0.241173E+07
    1.6625 0.125419E+07 0.143632E+07 0.135656E+07 0.245120E+07 0.245811E+07 0.240668E+07
    1.6750 0.126119E+07 0.143216E+07 0.135257E+07 0.246272E+07 0.245124E+07 0.240104E+07
    1.6875 0.126924E+07 0.142757E+07 0.134783E+07 0.247464E+07 0.244419E+07 0.239502E+07
    1.7000 0.127810E+07 0.142266E+07 0.134258E+07 0.248665E+07 0.243712E+07 0.238884E+07
    1.7125 0.128748E+07 0.141752E+07 0.133704E+07 0.249844E+07 0.243018E+07 0.238273E+07
    1.7250 0.129709E+07 0.141228E+07 0.133146E+07 0.250970E+07 0.242352E+07 0.237691E+07
    1.7375 0.130666E+07 0.140703E+07 0.132609E+07 0.252013E+07 0.241729E+07 0.237160E+07
    1.7500 0.131594E+07 0.140186E+07 0.132114E+07 0.252947E+07 0.241162E+07 0.236698E+07
    1.7625 0.132469E+07 0.139686E+07 0.131684E+07 0.253749E+07 0.240665E+07 0.236323E+07
    1.7750 0.133273E+07 0.139208E+07 0.131334E+07 0.254401E+07 0.240245E+07 0.236045E+07
    1.7875 0.133992E+07 0.138757E+07 0.131076E+07 0.254892E+07 0.239912E+07 0.235874E+07
    1.8000 0.134617E+07 0.138336E+07 0.130919E+07 0.255215E+07 0.239669E+07 0.235813E+07
    1.8125 0.135145E+07 0.137946E+07 0.130864E+07 0.255371E+07 0.239518E+07 0.235859E+07
    1.8250 0.135579E+07 0.137585E+07 0.130910E+07 0.255366E+07 0.239457E+07 0.236008E+07
    1.8375 0.135925E+07 0.137252E+07 0.131048E+07 0.255214E+07 0.239481E+07 0.236249E+07
    1.8500 0.136197E+07 0.136942E+07 0.131266E+07 0.254933E+07 0.239582E+07 0.236569E+07
    1.8625 0.136412E+07 0.136650E+07 0.131548E+07 0.254546E+07 0.239748E+07 0.236949E+07
    1.8750 0.136589E+07 0.136370E+07 0.131874E+07 0.254080E+07 0.239967E+07 0.237371E+07
    1.8875 0.136752E+07 0.136093E+07 0.132221E+07 0.253566E+07 0.240223E+07 0.237814E+07
    1.9000 0.136923E+07 0.135812E+07 0.132569E+07 0.253034E+07 0.240499E+07 0.238257E+07
    1.9125 0.137128E+07 0.135519E+07 0.132894E+07 0.252516E+07 0.240778E+07 0.238679E+07
    1.9250 0.137388E+07 0.135205E+07 0.133174E+07 0.252042E+07 0.241043E+07 0.239061E+07
    1.9375 0.137725E+07 0.134863E+07 0.133391E+07 0.251641E+07 0.241275E+07 0.239385E+07
    1.9500 0.138155E+07 0.134487E+07 0.133528E+07 0.251336E+07 0.241459E+07 0.239639E+07
    1.9625 0.138692E+07 0.134069E+07 0.133573E+07 0.251149E+07 0.241582E+07 0.239811E+07
    1.9750 0.139344E+07 0.133607E+07 0.133519E+07 0.251094E+07 0.241631E+07 0.239895E+07
    1.9875 0.140115E+07 0.133098E+07 0.133362E+07 0.251181E+07 0.241597E+07 0.239888E+07
    2.0000 0.141002E+07 0.132541E+07 0.133104E+07 0.251414E+07 0.241474E+07 0.239793E+07
    2.0125 0.141998E+07 0.131938E+07 0.132753E+07 0.251789E+07 0.241261E+07 0.239615E+07
    2.0250 0.143089E+07 0.131292E+07 0.132319E+07 0.252300E+07 0.240958E+07 0.239364E+07
    2.0375 0.144259E+07 0.130609E+07 0.131818E+07 0.252932E+07 0.240570E+07 0.239051E+07
    2.0500 0.145485E+07 0.129896E+07 0.131268E+07 0.253667E+07 0.240104E+07 0.238693E+07
    2.0625 0.146743E+07 0.129163E+07 0.130689E+07 0.254484E+07 0.239571E+07 0.238306E+07
    2.0750 0.148006E+07 0.128421E+07 0.130103E+07 0.255358E+07 0.238984E+07 0.237908E+07
    2.0875 0.149246E+07 0.127682E+07 0.129532E+07 0.256263E+07 0.238359E+07 0.237516E+07
    2.1000 0.150436E+07 0.126959E+07 0.128996E+07 0.257172E+07 0.237710E+07 0.237148E+07
    2.1125 0.151549E+07 0.126265E+07 0.128515E+07 0.258058E+07 0.237056E+07 0.236819E+07
    2.1250 0.152561E+07 0.125613E+07 0.128105E+07 0.258897E+07 0.236413E+07 0.236543E+07
    2.1375 0.153452E+07 0.125016E+07 0.127780E+07 0.259668E+07 0.235797E+07 0.236331E+07
    2.1500 0.154204E+07 0.124484E+07 0.127550E+07 0.260352E+07 0.235223E+07 0.236189E+07
    2.1625 0.154807E+07 0.124027E+07 0.127418E+07 0.260936E+07 0.234702E+07 0.236123E+07
    2.1750 0.155254E+07 0.123653E+07 0.127387E+07 0.261410E+07 0.234246E+07 0.236133E+07
    2.1875 0.155545E+07 0.123367E+07 0.127452E+07 0.261770E+07 0.233860E+07 0.236217E+07
    2.2000 0.155684E+07 0.123170E+07 0.127605E+07 0.262019E+07 0.233548E+07 0.236368E+07
    2.2125 0.155682E+07 0.123062E+07 0.127835E+07 0.262162E+07 0.233311E+07 0.236578E+07
    2.2250 0.155554E+07 0.123039E+07 0.128128E+07 0.262211E+07 0.233145E+07 0.236835E+07
    2.2375 0.155318E+07 0.123094E+07 0.128466E+07 0.262179E+07 0.233043E+07 0.237128E+07
    2.2500 0.154999E+07 0.123218E+07 0.128832E+07 0.262086E+07 0.232998E+07 0.237440E+07
    2.2625 0.154621E+07 0.123399E+07 0.129207E+07 0.261951E+07 0.232996E+07 0.237759E+07
    2.2750 0.154210E+07 0.123623E+07 0.129572E+07 0.261796E+07 0.233025E+07 0.238068E+07
    2.2875 0.153795E+07 0.123875E+07 0.129909E+07 0.261643E+07 0.233069E+07 0.238356E+07
    2.3000 0.153400E+07 0.124138E+07 0.130202E+07 0.261512E+07 0.233115E+07 0.238609E+07
    2.3125 0.153049E+07 0.124397E+07 0.130440E+07 0.261422E+07 0.233147E+07 0.238817E+07
    2.3250 0.152764E+07 0.124635E+07 0.130612E+07 0.261387E+07 0.233152E+07 0.238973E+07
    2.3375 0.152563E+07 0.124837E+07 0.130711E+07 0.261418E+07 0.233118E+07 0.239072E+07
    2.3500 0.152457E+07 0.124990E+07 0.130735E+07 0.261523E+07 0.233036E+07 0.239112E+07
    2.3625 0.152456E+07 0.125083E+07 0.130685E+07 0.261704E+07 0.232900E+07 0.239092E+07
    2.3750 0.152561E+07 0.125109E+07 0.130565E+07 0.261960E+07 0.232707E+07 0.239017E+07
    2.3875 0.152769E+07 0.125063E+07 0.130384E+07 0.262283E+07 0.232457E+07 0.238893E+07
    2.4000 0.153072E+07 0.124944E+07 0.130151E+07 0.262666E+07 0.232155E+07 0.238728E+07
    2.4125 0.153456E+07 0.124753E+07 0.129881E+07 0.263091E+07 0.231808E+07 0.238533E+07
    2.4250 0.153906E+07 0.124496E+07 0.129587E+07 0.263544E+07 0.231427E+07 0.238318E+07
    2.4375 0.154399E+07 0.124184E+07 0.129285E+07 0.264002E+07 0.231026E+07 0.238096E+07
    2.4500 0.154913E+07 0.123826E+07 0.128990E+07 0.264443E+07 0.230621E+07 0.237880E+07
    2.4625 0.155424E+07 0.123439E+07 0.128717E+07 0.264846E+07 0.230228E+07 0.237681E+07
    2.4750 0.155908E+07 0.123036E+07 0.128480E+07 0.265186E+07 0.229867E+07 0.237511E+07
    2.4875 0.156341E+07 0.122637E+07 0.128290E+07 0.265443E+07 0.229554E+07 0.237380E+07
    2.5000 0.156703E+07 0.122257E+07 0.128158E+07 0.265597E+07 0.229308E+07 0.237297E+07
    2.5125 0.156974E+07 0.121914E+07 0.128091E+07 0.265633E+07 0.229142E+07 0.237267E+07
    2.5250 0.157139E+07 0.121624E+07 0.128091E+07 0.265537E+07 0.229070E+07 0.237294E+07
    2.5375 0.157187E+07 0.121399E+07 0.128161E+07 0.265304E+07 0.229101E+07 0.237381E+07
    2.5500 0.157111E+07 0.121253E+07 0.128298E+07 0.264928E+07 0.229242E+07 0.237526E+07
    2.5625 0.156908E+07 0.121191E+07 0.128497E+07 0.264413E+07 0.229495E+07 0.237728E+07
    2.5750 0.156581E+07 0.121220E+07 0.128753E+07 0.263764E+07 0.229858E+07 0.237980E+07
    2.5875 0.156137E+07 0.121340E+07 0.129055E+07 0.262994E+07 0.230325E+07 0.238276E+07
    2.6000 0.155587E+07 0.121548E+07 0.129394E+07 0.262119E+07 0.230887E+07 0.238608E+07
    2.6125 0.154946E+07 0.121838E+07 0.129757E+07 0.261157E+07 0.231530E+07 0.238965E+07
    2.6250 0.154232E+07 0.122201E+07 0.130132E+07 0.260132E+07 0.232237E+07 0.239338E+07
    2.6375 0.153464E+07 0.122623E+07 0.130508E+07 0.259067E+07 0.232991E+07 0.239715E+07
    2.6500 0.152664E+07 0.123091E+07 0.130874E+07 0.257989E+07 0.233772E+07 0.240086E+07
    2.6625 0.151853E+07 0.123589E+07 0.131219E+07 0.256922E+07 0.234557E+07 0.240440E+07
    2.6750 0.151051E+07 0.124099E+07 0.131534E+07 0.255893E+07 0.235327E+07 0.240768E+07
    2.6875 0.150277E+07 0.124604E+07 0.131813E+07 0.254924E+07 0.236063E+07 0.241062E+07
    2.7000 0.149547E+07 0.125089E+07 0.132051E+07 0.254034E+07 0.236745E+07 0.241313E+07
    2.7125 0.148874E+07 0.125539E+07 0.132245E+07 0.253240E+07 0.237360E+07 0.241519E+07
    2.7250 0.148267E+07 0.125943E+07 0.132395E+07 0.252554E+07 0.237896E+07 0.241674E+07
    2.7375 0.147732E+07 0.126291E+07 0.132503E+07 0.251984E+07 0.238344E+07 0.241778E+07
    2.7500 0.147269E+07 0.126579E+07 0.132572E+07 0.251532E+07 0.238700E+07 0.241831E+07
    2.7625 0.146875E+07 0.126804E+07 0.132608E+07 0.251197E+07 0.238966E+07 0.241836E+07
    2.7750 0.146543E+07 0.126968E+07 0.132617E+07 0.250971E+07 0.239144E+07 0.241797E+07
    2.7875 0.146262E+07 0.127078E+07 0.132607E+07 0.250843E+07 0.239243E+07 0.241718E+07
    2.8000 0.146018E+07 0.127143E+07 0.132587E+07 0.250798E+07 0.239275E+07 0.241608E+07
    2.8125 0.145794E+07 0.127175E+07 0.132564E+07 0.250818E+07 0.239253E+07 0.241473E+07
    2.8250 0.145572E+07 0.127189E+07 0.132548E+07 0.250884E+07 0.239195E+07 0.241323E+07
    2.8375 0.145334E+07 0.127200E+07 0.132545E+07 0.250972E+07 0.239118E+07 0.241165E+07
    2.8500 0.145061E+07 0.127228E+07 0.132564E+07 0.251063E+07 0.239040E+07 0.241010E+07
    2.8625 0.144734E+07 0.127288E+07 0.132610E+07 0.251134E+07 0.238980E+07 0.240864E+07
    2.8750 0.144340E+07 0.127398E+07 0.132687E+07 0.251167E+07 0.238954E+07 0.240736E+07
    2.8875 0.143863E+07 0.127573E+07 0.132799E+07 0.251143E+07 0.238976E+07 0.240632E+07
    2.9000 0.143295E+07 0.127826E+07 0.132946E+07 0.251049E+07 0.239059E+07 0.240559E+07
    2.9125 0.142629E+07 0.128165E+07 0.133131E+07 0.250875E+07 0.239211E+07 0.240520E+07
    2.9250 0.141863E+07 0.128596E+07 0.133349E+07 0.250614E+07 0.239440E+07 0.240518E+07
    2.9375 0.140999E+07 0.129123E+07 0.133600E+07 0.250263E+07 0.239745E+07 0.240555E+07
    2.9500 0.140044E+07 0.129743E+07 0.133878E+07 0.249826E+07 0.240125E+07 0.240629E+07
    2.9625 0.139007E+07 0.130450E+07 0.134179E+07 0.249309E+07 0.240574E+07 0.240740E+07
    2.9750 0.137904E+07 0.131233E+07 0.134496E+07 0.248722E+07 0.241084E+07 0.240882E+07
    2.9875 0.136751E+07 0.132081E+07 0.134823E+07 0.248078E+07 0.241643E+07 0.241052E+07
    3.0000 0.135569E+07 0.132976E+07 0.135154E+07 0.247393E+07 0.242236E+07 0.241243E+07
    3.0125 0.134377E+07 0.133901E+07 0.135479E+07 0.246685E+07 0.242849E+07 0.241448E+07
    3.0250 0.133199E+07 0.134834E+07 0.135794E+07 0.245973E+07 0.243466E+07 0.241659E+07
    3.0375 0.132057E+07 0.135758E+07 0.136090E+07 0.245277E+07 0.244069E+07 0.241868E+07
    3.0500 0.130971E+07 0.136650E+07 0.136362E+07 0.244615E+07 0.244644E+07 0.242067E+07
    3.0625 0.129963E+07 0.137494E+07 0.136604E+07 0.244004E+07 0.245177E+07 0.242247E+07
    3.0750 0.129047E+07 0.138271E+07 0.136812E+07 0.243459E+07 0.245655E+07 0.242402E+07
    3.0875 0.128240E+07 0.138969E+07 0.136982E+07 0.242993E+07 0.246070E+07 0.242524E+07
    3.1000 0.127549E+07 0.139577E+07 0.137111E+07 0.242614E+07 0.246415E+07 0.242608E+07
    3.1125 0.126983E+07 0.140089E+07 0.137198E+07 0.242328E+07 0.246688E+07 0.242649E+07
    3.1250 0.126541E+07 0.140501E+07 0.137242E+07 0.242135E+07 0.246888E+07 0.242645E+07
    3.1375 0.126223E+07 0.140815E+07 0.137246E+07 0.242033E+07 0.247021E+07 0.242595E+07
    3.1500 0.126022E+07 0.141038E+07 0.137209E+07 0.242016E+07 0.247093E+07 0.242499E+07
    3.1625 0.125926E+07 0.141177E+07 0.137136E+07 0.242073E+07 0.247113E+07 0.242359E+07
    3.1750 0.125924E+07 0.141246E+07 0.137030E+07 0.242193E+07 0.247094E+07 0.242181E+07
    3.1875 0.125998E+07 0.141259E+07 0.136895E+07 0.242358E+07 0.247050E+07 0.241968E+07
    3.2000 0.126132E+07 0.141232E+07 0.136738E+07 0.242554E+07 0.246995E+07 0.241728E+07
    3.2125 0.126305E+07 0.141184E+07 0.136563E+07 0.242761E+07 0.246944E+07 0.241470E+07
    3.2250 0.126498E+07 0.141132E+07 0.136377E+07 0.242962E+07 0.246911E+07 0.241200E+07
    3.2375 0.126693E+07 0.141092E+07 0.136186E+07 0.243141E+07 0.246910E+07 0.240929E+07
    3.2500 0.126872E+07 0.141081E+07 0.135995E+07 0.243282E+07 0.246950E+07 0.240665E+07
    3.2625 0.127021E+07 0.141112E+07 0.135811E+07 0.243373E+07 0.247042E+07 0.240417E+07
    3.2750 0.127126E+07 0.141194E+07 0.135639E+07 0.243402E+07 0.247191E+07 0.240192E+07
    3.2875 0.127179E+07 0.141335E+07 0.135483E+07 0.243365E+07 0.247401E+07 0.239997E+07
    3.3000 0.127174E+07 0.141539E+07 0.135347E+07 0.243257E+07 0.247670E+07 0.239837E+07
    3.3125 0.127109E+07 0.141804E+07 0.135233E+07 0.243081E+07 0.247995E+07 0.239715E+07
    3.3250 0.126987E+07 0.142128E+07 0.135144E+07 0.242840E+07 0.248370E+07 0.239634E+07
    3.3375 0.126813E+07 0.142502E+07 0.135078E+07 0.242543E+07 0.248785E+07 0.239593E+07
    3.3500 0.126596E+07 0.142918E+07 0.135037E+07 0.242203E+07 0.249229E+07 0.239590E+07
    3.3625 0.126349E+07 0.143361E+07 0.135016E+07 0.241834E+07 0.249688E+07 0.239621E+07
    3.3750 0.126086E+07 0.143817E+07 0.135013E+07 0.241453E+07 0.250148E+07 0.239680E+07
    3.3875 0.125823E+07 0.144272E+07 0.135023E+07 0.241078E+07 0.250592E+07 0.239759E+07
    3.4000 0.125578E+07 0.144708E+07 0.135041E+07 0.240730E+07 0.251007E+07 0.239850E+07
    3.4125 0.125366E+07 0.145110E+07 0.135060E+07 0.240427E+07 0.251378E+07 0.239943E+07
    3.4250 0.125206E+07 0.145464E+07 0.135073E+07 0.240188E+07 0.251691E+07 0.240029E+07
    3.4375 0.125112E+07 0.145758E+07 0.135075E+07 0.240029E+07 0.251936E+07 0.240098E+07
    3.4500 0.125098E+07 0.145980E+07 0.135056E+07 0.239964E+07 0.252104E+07 0.240139E+07
    3.4625 0.125174E+07 0.146125E+07 0.135010E+07 0.240004E+07 0.252188E+07 0.240146E+07
    3.4750 0.125349E+07 0.146187E+07 0.134932E+07 0.240157E+07 0.252187E+07 0.240110E+07
    3.4875 0.125626E+07 0.146165E+07 0.134816E+07 0.240428E+07 0.252099E+07 0.240025E+07
    3.5000 0.126006E+07 0.146063E+07 0.134657E+07 0.240816E+07 0.251927E+07 0.239888E+07
    3.5125 0.126486E+07 0.145884E+07 0.134453E+07 0.241317E+07 0.251676E+07 0.239697E+07
    3.5250 0.127061E+07 0.145639E+07 0.134202E+07 0.241924E+07 0.251354E+07 0.239452E+07
    3.5375 0.127719E+07 0.145337E+07 0.133906E+07 0.242627E+07 0.250971E+07 0.239156E+07
    3.5500 0.128449E+07 0.144990E+07 0.133567E+07 0.243412E+07 0.250537E+07 0.238813E+07
    3.5625 0.129236E+07 0.144613E+07 0.133188E+07 0.244263E+07 0.250065E+07 0.238429E+07
    3.5750 0.130064E+07 0.144219E+07 0.132775E+07 0.245162E+07 0.249567E+07 0.238015E+07
    3.5875 0.130916E+07 0.143823E+07 0.132336E+07 0.246090E+07 0.249056E+07 0.237578E+07
    3.6000 0.131774E+07 0.143436E+07 0.131877E+07 0.247029E+07 0.248543E+07 0.237130E+07
    3.6125 0.132622E+07 0.143072E+07 0.131409E+07 0.247959E+07 0.248040E+07 0.236683E+07
    3.6250 0.133445E+07 0.142740E+07 0.130941E+07 0.248864E+07 0.247557E+07 0.236247E+07
    3.6375 0.134229E+07 0.142446E+07 0.130483E+07 0.249728E+07 0.247100E+07 0.235833E+07
    3.6500 0.134964E+07 0.142196E+07 0.130043E+07 0.250538E+07 0.246676E+07 0.235453E+07
    3.6625 0.135641E+07 0.141990E+07 0.129630E+07 0.251283E+07 0.246288E+07 0.235113E+07
    3.6750 0.136256E+07 0.141829E+07 0.129251E+07 0.251958E+07 0.245938E+07 0.234822E+07
    3.6875 0.136808E+07 0.141708E+07 0.128913E+07 0.252558E+07 0.245625E+07 0.234585E+07
    3.7000 0.137299E+07 0.141619E+07 0.128619E+07 0.253083E+07 0.245347E+07 0.234404E+07
    3.7125 0.137736E+07 0.141556E+07 0.128371E+07 0.253537E+07 0.245098E+07 0.234280E+07
    3.7250 0.138126E+07 0.141506E+07 0.128170E+07 0.253926E+07 0.244874E+07 0.234210E+07
    3.7375 0.138481E+07 0.141459E+07 0.128012E+07 0.254259E+07 0.244668E+07 0.234189E+07
    3.7500 0.138814E+07 0.141402E+07 0.127895E+07 0.254549E+07 0.244470E+07 0.234212E+07
    3.7625 0.139140E+07 0.141323E+07 0.127812E+07 0.254809E+07 0.244274E+07 0.234270E+07
    3.7750 0.139475E+07 0.141209E+07 0.127755E+07 0.255053E+07 0.244070E+07 0.234351E+07
    3.7875 0.139834E+07 0.141051E+07 0.127716E+07 0.255297E+07 0.243852E+07 0.234445E+07
    3.8000 0.140231E+07 0.140839E+07 0.127684E+07 0.255555E+07 0.243612E+07 0.234541E+07
    3.8125 0.140681E+07 0.140565E+07 0.127650E+07 0.255841E+07 0.243343E+07 0.234626E+07
    3.8250 0.141195E+07 0.140226E+07 0.127604E+07 0.256167E+07 0.243042E+07 0.234689E+07
    3.8375 0.141781E+07 0.139817E+07 0.127536E+07 0.256543E+07 0.242706E+07 0.234721E+07
    3.8500 0.142445E+07 0.139340E+07 0.127438E+07 0.256976E+07 0.242332E+07 0.234712E+07
    3.8625 0.143191E+07 0.138796E+07 0.127303E+07 0.257472E+07 0.241922E+07 0.234657E+07
    3.8750 0.144017E+07 0.138191E+07 0.127126E+07 0.258029E+07 0.241477E+07 0.234551E+07
    3.8875 0.144920E+07 0.137530E+07 0.126903E+07 0.258648E+07 0.241000E+07 0.234393E+07
    3.9000 0.145892E+07 0.136821E+07 0.126635E+07 0.259322E+07 0.240497E+07 0.234184E+07
    3.9125 0.146923E+07 0.136076E+07 0.126323E+07 0.260044E+07 0.239973E+07 0.233928E+07
    3.9250 0.148000E+07 0.135303E+07 0.125971E+07 0.260802E+07 0.239434E+07 0.233631E+07
    3.9375 0.149109E+07 0.134514E+07 0.125585E+07 0.261585E+07 0.238889E+07 0.233301E+07
    3.9500 0.150233E+07 0.133719E+07 0.125174E+07 0.262377E+07 0.238344E+07 0.232948E+07
    3.9625 0.151355E+07 0.132928E+07 0.124746E+07 0.263165E+07 0.237807E+07 0.232585E+07
    3.9750 0.152458E+07 0.132152E+07 0.124314E+07 0.263931E+07 0.237286E+07 0.232223E+07
    3.9875 0.153525E+07 0.131399E+07 0.123889E+07 0.264663E+07 0.236786E+07 0.231874E+07
    4.0000 0.154540E+07 0.130674E+07 0.123483E+07 0.265345E+07 0.236313E+07 0.231552E+07
    4.0125 0.155490E+07 0.129985E+07 0.123108E+07 0.265966E+07 0.235872E+07 0.231268E+07
    4.0250 0.156363E+07 0.129334E+07 0.122774E+07 0.266515E+07 0.235467E+07 0.231031E+07
    4.0375 0.157149E+07 0.128723E+07 0.122491E+07 0.266987E+07 0.235098E+07 0.230849E+07
    4.0500 0.157843E+07 0.128152E+07 0.122267E+07 0.267375E+07 0.234767E+07 0.230729E+07
    4.0625 0.158441E+07 0.127621E+07 0.122108E+07 0.267680E+07 0.234474E+07 0.230673E+07
    4.0750 0.158944E+07 0.127127E+07 0.122015E+07 0.267902E+07 0.234215E+07 0.230684E+07
    4.0875 0.159354E+07 0.126666E+07 0.121990E+07 0.268046E+07 0.233988E+07 0.230758E+07
    4.1000 0.159678E+07 0.126233E+07 0.122030E+07 0.268121E+07 0.233789E+07 0.230891E+07
    4.1125 0.159925E+07 0.125824E+07 0.122131E+07 0.268135E+07 0.233613E+07 0.231077E+07
    4.1250 0.160105E+07 0.125432E+07 0.122286E+07 0.268102E+07 0.233454E+07 0.231307E+07
    4.1375 0.160231E+07 0.125053E+07 0.122485E+07 0.268034E+07 0.233307E+07 0.231571E+07
    4.1500 0.160316E+07 0.124681E+07 0.122718E+07 0.267945E+07 0.233164E+07 0.231857E+07
    4.1625 0.160375E+07 0.124311E+07 0.122973E+07 0.267850E+07 0.233021E+07 0.232153E+07
    4.1750 0.160421E+07 0.123940E+07 0.123236E+07 0.267763E+07 0.232871E+07 0.232449E+07
    4.1875 0.160467E+07 0.123563E+07 0.123497E+07 0.267696E+07 0.232709E+07 0.232732E+07
    4.2000 0.160524E+07 0.123178E+07 0.123743E+07 0.267661E+07 0.232532E+07 0.232993E+07
    4.2125 0.160603E+07 0.122784E+07 0.123963E+07 0.267667E+07 0.232334E+07 0.233224E+07
    4.2250 0.160712E+07 0.122382E+07 0.124148E+07 0.267720E+07 0.232115E+07 0.233417E+07
    4.2375 0.160854E+07 0.121971E+07 0.124292E+07 0.267824E+07 0.231872E+07 0.233569E+07
    4.2500 0.161032E+07 0.121553E+07 0.124390E+07 0.267980E+07 0.231605E+07 0.233679E+07
    4.2625 0.161245E+07 0.121131E+07 0.124441E+07 0.268186E+07 0.231316E+07 0.233745E+07
    4.2750 0.161490E+07 0.120709E+07 0.124445E+07 0.268438E+07 0.231005E+07 0.233772E+07
    4.2875 0.161760E+07 0.120289E+07 0.124407E+07 0.268729E+07 0.230676E+07 0.233765E+07
    4.3000 0.162047E+07 0.119877E+07 0.124332E+07 0.269049E+07 0.230333E+07 0.233731E+07
    4.3125 0.162341E+07 0.119478E+07 0.124229E+07 0.269387E+07 0.229981E+07 0.233678E+07
    4.3250 0.162628E+07 0.119095E+07 0.124108E+07 0.269730E+07 0.229625E+07 0.233615E+07
    4.3375 0.162898E+07 0.118734E+07 0.123982E+07 0.270066E+07 0.229271E+07 0.233554E+07
    4.3500 0.163136E+07 0.118399E+07 0.123861E+07 0.270379E+07 0.228926E+07 0.233504E+07
    4.3625 0.163329E+07 0.118094E+07 0.123760E+07 0.270658E+07 0.228595E+07 0.233477E+07
    4.3750 0.163467E+07 0.117822E+07 0.123689E+07 0.270889E+07 0.228285E+07 0.233480E+07
    4.3875 0.163539E+07 0.117588E+07 0.123660E+07 0.271061E+07 0.228002E+07 0.233522E+07
    4.4000 0.163535E+07 0.117392E+07 0.123683E+07 0.271166E+07 0.227752E+07 0.233610E+07
    4.4125 0.163450E+07 0.117237E+07 0.123764E+07 0.271196E+07 0.227540E+07 0.233748E+07
    4.4250 0.163281E+07 0.117124E+07 0.123909E+07 0.271147E+07 0.227369E+07 0.233938E+07
    4.4375 0.163024E+07 0.117052E+07 0.124120E+07 0.271016E+07 0.227242E+07 0.234180E+07
    4.4500 0.162684E+07 0.117022E+07 0.124398E+07 0.270806E+07 0.227163E+07 0.234471E+07
    4.4625 0.162263E+07 0.117032E+07 0.124739E+07 0.270518E+07 0.227131E+07 0.234806E+07
    4.4750 0.161770E+07 0.117080E+07 0.125138E+07 0.270160E+07 0.227146E+07 0.235180E+07
    4.4875 0.161212E+07 0.117164E+07 0.125587E+07 0.269739E+07 0.227208E+07 0.235585E+07
    4.5000 0.160601E+07 0.117281E+07 0.126077E+07 0.269266E+07 0.227312E+07 0.236010E+07
    4.5125 0.159950E+07 0.117428E+07 0.126596E+07 0.268752E+07 0.227457E+07 0.236446E+07
    4.5250 0.159271E+07 0.117600E+07 0.127134E+07 0.268209E+07 0.227636E+07 0.236882E+07
    4.5375 0.158578E+07 0.117794E+07 0.127677E+07 0.267652E+07 0.227846E+07 0.237307E+07
    4.5500 0.157884E+07 0.118006E+07 0.128214E+07 0.267091E+07 0.228080E+07 0.237712E+07
    4.5625 0.157202E+07 0.118231E+07 0.128733E+07 0.266541E+07 0.228332E+07 0.238087E+07
    4.5750 0.156543E+07 0.118467E+07 0.129225E+07 0.266012E+07 0.228595E+07 0.238426E+07
    4.5875 0.155916E+07 0.118708E+07 0.129681E+07 0.265513E+07 0.228865E+07 0.238721E+07
    4.6000 0.155329E+07 0.118953E+07 0.130096E+07 0.265053E+07 0.229134E+07 0.238970E+07
    4.6125 0.154786E+07 0.119197E+07 0.130465E+07 0.264636E+07 0.229399E+07 0.239170E+07
    4.6250 0.154291E+07 0.119439E+07 0.130787E+07 0.264267E+07 0.229655E+07 0.239320E+07
    4.6375 0.153843E+07 0.119676E+07 0.131063E+07 0.263945E+07 0.229899E+07 0.239424E+07
    4.6500 0.153440E+07 0.119908E+07 0.131296E+07 0.263669E+07 0.230129E+07 0.239486E+07
    4.6625 0.153078E+07 0.120135E+07 0.131492E+07 0.263435E+07 0.230343E+07 0.239510E+07
    4.6750 0.152749E+07 0.120357E+07 0.131657E+07 0.263236E+07 0.230544E+07 0.239504E+07
    4.6875 0.152447E+07 0.120576E+07 0.131800E+07 0.263064E+07 0.230733E+07 0.239476E+07
    4.7000 0.152160E+07 0.120793E+07 0.131931E+07 0.262909E+07 0.230913E+07 0.239436E+07
    4.7125 0.151880E+07 0.121011E+07 0.132058E+07 0.262761E+07 0.231088E+07 0.239391E+07
    4.7250 0.151594E+07 0.121234E+07 0.132192E+07 0.262610E+07 0.231264E+07 0.239351E+07
    4.7375 0.151294E+07 0.121466E+07 0.132340E+07 0.262442E+07 0.231445E+07 0.239324E+07
    4.7500 0.150968E+07 0.121711E+07 0.132511E+07 0.262250E+07 0.231639E+07 0.239318E+07
    4.7625 0.150609E+07 0.121973E+07 0.132712E+07 0.262024E+07 0.231850E+07 0.239338E+07
    4.7750 0.150209E+07 0.122257E+07 0.132947E+07 0.261755E+07 0.232084E+07 0.239388E+07
    4.7875 0.149763E+07 0.122567E+07 0.133218E+07 0.261439E+07 0.232348E+07 0.239472E+07
    4.8000 0.149267E+07 0.122907E+07 0.133525E+07 0.261071E+07 0.232643E+07 0.239590E+07
    4.8125 0.148721E+07 0.123281E+07 0.133868E+07 0.260651E+07 0.232975E+07 0.239742E+07
    4.8250 0.148125E+07 0.123690E+07 0.134243E+07 0.260180E+07 0.233344E+07 0.239925E+07
    4.8375 0.147483E+07 0.124138E+07 0.134643E+07 0.259661E+07 0.233750E+07 0.240134E+07
    4.8500 0.146801E+07 0.124623E+07 0.135063E+07 0.259101E+07 0.234192E+07 0.240365E+07
    4.8625 0.146086E+07 0.125146E+07 0.135492E+07 0.258508E+07 0.234669E+07 0.240610E+07
    4.8750 0.145347E+07 0.125704E+07 0.135922E+07 0.257890E+07 0.235174E+07 0.240863E+07
    4.8875 0.144594E+07 0.126296E+07 0.136344E+07 0.257259E+07 0.235703E+07 0.241115E+07
    4.9000 0.143839E+07 0.126916E+07 0.136747E+07 0.256626E+07 0.236249E+07 0.241360E+07
    4.9125 0.143093E+07 0.127560E+07 0.137122E+07 0.256004E+07 0.236806E+07 0.241589E+07
    4.9250 0.142367E+07 0.128222E+07 0.137462E+07 0.255403E+07 0.237364E+07 0.241797E+07
    4.9375 0.141672E+07 0.128895E+07 0.137757E+07 0.254835E+07 0.237916E+07 0.241976E+07
    4.9500 0.141019E+07 0.129572E+07 0.138004E+07 0.254309E+07 0.238454E+07 0.242124E+07
    4.9625 0.140415E+07 0.130245E+07 0.138198E+07 0.253834E+07 0.238970E+07 0.242235E+07
    4.9750 0.139867E+07 0.130908E+07 0.138337E+07 0.253416E+07 0.239458E+07 0.242310E+07
    4.9875 0.139381E+07 0.131555E+07 0.138421E+07 0.253058E+07 0.239914E+07 0.242347E+07
    5.0000 0.138960E+07 0.132178E+07 0.138451E+07 0.252763E+07 0.240331E+07 0.242348E+07
    5.0125 0.138603E+07 0.132774E+07 0.138430E+07 0.252530E+07 0.240708E+07 0.242315E+07
    5.0250 0.138310E+07 0.133337E+07 0.138365E+07 0.252356E+07 0.241043E+07 0.242251E+07
    5.0375 0.138077E+07 0.133866E+07 0.138260E+07 0.252238E+07 0.241338E+07 0.242162E+07
    5.0500 0.137898E+07 0.134360E+07 0.138123E+07 0.252167E+07 0.241593E+07 0.242052E+07
    5.0625 0.137766E+07 0.134819E+07 0.137962E+07 0.252137E+07 0.241813E+07 0.241927E+07
    5.0750 0.137674E+07 0.135244E+07 0.137784E+07 0.252139E+07 0.242003E+07 0.241792E+07
    5.0875 0.137611E+07 0.135640E+07 0.137598E+07 0.252162E+07 0.242169E+07 0.241653E+07
    5.1000 0.137568E+07 0.136010E+07 0.137410E+07 0.252197E+07 0.242318E+07 0.241515E+07
    5.1125 0.137535E+07 0.136359E+07 0.137228E+07 0.252233E+07 0.242457E+07 0.241383E+07
    5.1250 0.137504E+07 0.136694E+07 0.137056E+07 0.252263E+07 0.242593E+07 0.241260E+07
    5.1375 0.137465E+07 0.137020E+07 0.136899E+07 0.252277E+07 0.242735E+07 0.241148E+07
    5.1500 0.137411E+07 0.137344E+07 0.136758E+07 0.252268E+07 0.242889E+07 0.241051E+07
    5.1625 0.137337E+07 0.137672E+07 0.136637E+07 0.252232E+07 0.243062E+07 0.240967E+07
    5.1750 0.137239E+07 0.138009E+07 0.136533E+07 0.252165E+07 0.243257E+07 0.240897E+07
    5.1875 0.137116E+07 0.138359E+07 0.136446E+07 0.252066E+07 0.243479E+07 0.240839E+07
    5.2000 0.136967E+07 0.138724E+07 0.136372E+07 0.251936E+07 0.243729E+07 0.240791E+07
    5.2125 0.136795E+07 0.139107E+07 0.136307E+07 0.251777E+07 0.244008E+07 0.240749E+07
    5.2250 0.136604E+07 0.139506E+07 0.136246E+07 0.251593E+07 0.244314E+07 0.240710E+07
    5.2375 0.136400E+07 0.139920E+07 0.136184E+07 0.251391E+07 0.244644E+07 0.240670E+07
    5.2500 0.136191E+07 0.140346E+07 0.136115E+07 0.251178E+07 0.244994E+07 0.240624E+07
    5.2625 0.135984E+07 0.140779E+07 0.136033E+07 0.250962E+07 0.245358E+07 0.240568E+07
    5.2750 0.135790E+07 0.141213E+07 0.135932E+07 0.250752E+07 0.245728E+07 0.240498E+07
    5.2875 0.135618E+07 0.141640E+07 0.135809E+07 0.250558E+07 0.246098E+07 0.240410E+07
    5.3000 0.135477E+07 0.142054E+07 0.135659E+07 0.250388E+07 0.246458E+07 0.240301E+07
    5.3125 0.135376E+07 0.142445E+07 0.135478E+07 0.250251E+07 0.246801E+07 0.240170E+07
    5.3250 0.135323E+07 0.142806E+07 0.135265E+07 0.250155E+07 0.247119E+07 0.240013E+07
    5.3375 0.135324E+07 0.143129E+07 0.135020E+07 0.250106E+07 0.247405E+07 0.239831E+07
    5.3500 0.135384E+07 0.143407E+07 0.134741E+07 0.250108E+07 0.247652E+07 0.239624E+07
    5.3625 0.135506E+07 0.143635E+07 0.134431E+07 0.250166E+07 0.247856E+07 0.239391E+07
    5.3750 0.135691E+07 0.143808E+07 0.134093E+07 0.250280E+07 0.248013E+07 0.239134E+07
    5.3875 0.135939E+07 0.143923E+07 0.133729E+07 0.250450E+07 0.248121E+07 0.238856E+07
    5.4000 0.136246E+07 0.143980E+07 0.133344E+07 0.250674E+07 0.248180E+07 0.238559E+07
    5.4125 0.136608E+07 0.143980E+07 0.132943E+07 0.250947E+07 0.248193E+07 0.238247E+07
    5.4250 0.137018E+07 0.143923E+07 0.132529E+07 0.251263E+07 0.248161E+07 0.237924E+07
    5.4375 0.137470E+07 0.143816E+07 0.132108E+07 0.251615E+07 0.248091E+07 0.237592E+07
    5.4500 0.137954E+07 0.143663E+07 0.131685E+07 0.251995E+07 0.247987E+07 0.237257E+07
    5.4625 0.138461E+07 0.143471E+07 0.131263E+07 0.252394E+07 0.247857E+07 0.236922E+07
    5.4750 0.138982E+07 0.143249E+07 0.130847E+07 0.252804E+07 0.247708E+07 0.236590E+07
    5.4875 0.139508E+07 0.143004E+07 0.130440E+07 0.253214E+07 0.247548E+07 0.236267E+07
    5.5000 0.140029E+07 0.142745E+07 0.130044E+07 0.253617E+07 0.247384E+07 0.235954E+07
    5.5125 0.140538E+07 0.142480E+07 0.129661E+07 0.254006E+07 0.247221E+07 0.235655E+07
    5.5250 0.141029E+07 0.142217E+07 0.129293E+07 0.254374E+07 0.247068E+07 0.235371E+07
    5.5375 0.141495E+07 0.141963E+07 0.128938E+07 0.254717E+07 0.246927E+07 0.235104E+07
    5.5500 0.141933E+07 0.141724E+07 0.128597E+07 0.255030E+07 0.246802E+07 0.234856E+07
    5.5625 0.142342E+07 0.141502E+07 0.128268E+07 0.255313E+07 0.246696E+07 0.234625E+07
    5.5750 0.142721E+07 0.141301E+07 0.127950E+07 0.255567E+07 0.246607E+07 0.234413E+07
    5.5875 0.143071E+07 0.141121E+07 0.127641E+07 0.255792E+07 0.246536E+07 0.234219E+07
    5.6000 0.143396E+07 0.140962E+07 0.127340E+07 0.255992E+07 0.246477E+07 0.234042E+07
    5.6125 0.143700E+07 0.140820E+07 0.127042E+07 0.256174E+07 0.246428E+07 0.233879E+07
    5.6250 0.143989E+07 0.140691E+07 0.126748E+07 0.256343E+07 0.246382E+07 0.233729E+07
    5.6375 0.144269E+07 0.140570E+07 0.126454E+07 0.256507E+07 0.246333E+07 0.233590E+07
    5.6500 0.144547E+07 0.140449E+07 0.126159E+07 0.256672E+07 0.246274E+07 0.233459E+07
    5.6625 0.144830E+07 0.140322E+07 0.125862E+07 0.256847E+07 0.246198E+07 0.233334E+07
    5.6750 0.145126E+07 0.140181E+07 0.125562E+07 0.257040E+07 0.246097E+07 0.233213E+07
    5.6875 0.145441E+07 0.140019E+07 0.125258E+07 0.257258E+07 0.245966E+07 0.233092E+07
    5.7000 0.145781E+07 0.139828E+07 0.124951E+07 0.257506E+07 0.245799E+07 0.232971E+07
    5.7125 0.146150E+07 0.139603E+07 0.124640E+07 0.257789E+07 0.245592E+07 0.232845E+07
    5.7250 0.146553E+07 0.139339E+07 0.124327E+07 0.258112E+07 0.245341E+07 0.232716E+07
    5.7375 0.146991E+07 0.139031E+07 0.124013E+07 0.258474E+07 0.245046E+07 0.232580E+07
    5.7500 0.147465E+07 0.138679E+07 0.123699E+07 0.258878E+07 0.244708E+07 0.232436E+07
    5.7625 0.147973E+07 0.138282E+07 0.123387E+07 0.259322E+07 0.244327E+07 0.232286E+07
    5.7750 0.148514E+07 0.137841E+07 0.123080E+07 0.259801E+07 0.243907E+07 0.232128E+07
    5.7875 0.149081E+07 0.137361E+07 0.122778E+07 0.260311E+07 0.243455E+07 0.231964E+07
    5.8000 0.149671E+07 0.136844E+07 0.122484E+07 0.260846E+07 0.242975E+07 0.231794E+07
    5.8125 0.150276E+07 0.136299E+07 0.122200E+07 0.261399E+07 0.242475E+07 0.231620E+07
    5.8250 0.150888E+07 0.135732E+07 0.121928E+07 0.261962E+07 0.241962E+07 0.231444E+07
    5.8375 0.151501E+07 0.135150E+07 0.121671E+07 0.262527E+07 0.241445E+07 0.231268E+07
    5.8500 0.152106E+07 0.134563E+07 0.121430E+07 0.263085E+07 0.240932E+07 0.231094E+07
    5.8625 0.152696E+07 0.133978E+07 0.121206E+07 0.263629E+07 0.240430E+07 0.230926E+07
    5.8750 0.153262E+07 0.133403E+07 0.121002E+07 0.264149E+07 0.239946E+07 0.230766E+07
    5.8875 0.153798E+07 0.132845E+07 0.120819E+07 0.264641E+07 0.239486E+07 0.230616E+07
    5.9000 0.154299E+07 0.132309E+07 0.120657E+07 0.265098E+07 0.239054E+07 0.230479E+07
    5.9125 0.154762E+07 0.131802E+07 0.120519E+07 0.265517E+07 0.238655E+07 0.230357E+07
    5.9250 0.155182E+07 0.131324E+07 0.120404E+07 0.265895E+07 0.238289E+07 0.230252E+07
    5.9375 0.155559E+07 0.130879E+07 0.120313E+07 0.266230E+07 0.237957E+07 0.230165E+07
    5.9500 0.155893E+07 0.130465E+07 0.120246E+07 0.266524E+07 0.237658E+07 0.230098E+07
    5.9625 0.156187E+07 0.130081E+07 0.120204E+07 0.266779E+07 0.237389E+07 0.230050E+07
    5.9750 0.156443E+07 0.129723E+07 0.120186E+07 0.266997E+07 0.237146E+07 0.230022E+07
    5.9875 0.156666E+07 0.129387E+07 0.120191E+07 0.267185E+07 0.236926E+07 0.230012E+07
    6.0000 0.156862E+07 0.129066E+07 0.120219E+07 0.267347E+07 0.236721E+07 0.230020E+07
    6.0125 0.157037E+07 0.128756E+07 0.120268E+07 0.267491E+07 0.236528E+07 0.230044E+07
    6.0250 0.157198E+07 0.128448E+07 0.120338E+07 0.267622E+07 0.236339E+07 0.230081E+07
    6.0375 0.157351E+07 0.128136E+07 0.120426E+07 0.267748E+07 0.236148E+07 0.230130E+07
    6.0500 0.157504E+07 0.127815E+07 0.120530E+07 0.267876E+07 0.235952E+07 0.230187E+07
    6.0625 0.157661E+07 0.127479E+07 0.120649E+07 0.268011E+07 0.235745E+07 0.230249E+07
    6.0750 0.157830E+07 0.127123E+07 0.120781E+07 0.268158E+07 0.235524E+07 0.230314E+07
    6.0875 0.158013E+07 0.126745E+07 0.120923E+07 0.268322E+07 0.235286E+07 0.230379E+07
    6.1000 0.158214E+07 0.126343E+07 0.121072E+07 0.268506E+07 0.235031E+07 0.230442E+07
    6.1125 0.158435E+07 0.125916E+07 0.121228E+07 0.268710E+07 0.234757E+07 0.230501E+07
    6.1250 0.158676E+07 0.125467E+07 0.121388E+07 0.268935E+07 0.234468E+07 0.230554E+07
    6.1375 0.158936E+07 0.124998E+07 0.121549E+07 0.269180E+07 0.234165E+07 0.230600E+07
    6.1500 0.159212E+07 0.124514E+07 0.121711E+07 0.269440E+07 0.233853E+07 0.230640E+07
    6.1625 0.159500E+07 0.124020E+07 0.121873E+07 0.269712E+07 0.233535E+07 0.230674E+07
    6.1750 0.159796E+07 0.123524E+07 0.122034E+07 0.269992E+07 0.233217E+07 0.230703E+07
    6.1875 0.160093E+07 0.123032E+07 0.122194E+07 0.270272E+07 0.232904E+07 0.230730E+07
    6.2000 0.160386E+07 0.122552E+07 0.122353E+07 0.270546E+07 0.232602E+07 0.230755E+07
    6.2125 0.160666E+07 0.122091E+07 0.122511E+07 0.270809E+07 0.232316E+07 0.230783E+07
    6.2250 0.160929E+07 0.121657E+07 0.122671E+07 0.271053E+07 0.232051E+07 0.230816E+07
    6.2375 0.161166E+07 0.121257E+07 0.122833E+07 0.271272E+07 0.231810E+07 0.230857E+07
    6.2500 0.161373E+07 0.120894E+07 0.123000E+07 0.271463E+07 0.231598E+07 0.230910E+07
    6.2625 0.161544E+07 0.120575E+07 0.123173E+07 0.271620E+07 0.231415E+07 0.230978E+07
    6.2750 0.161675E+07 0.120302E+07 0.123354E+07 0.271740E+07 0.231264E+07 0.231064E+07
    6.2875 0.161763E+07 0.120076E+07 0.123547E+07 0.271821E+07 0.231143E+07 0.231171E+07
    6.3000 0.161807E+07 0.119898E+07 0.123752E+07 0.271864E+07 0.231053E+07 0.231300E+07
    6.3125 0.161807E+07 0.119767E+07 0.123971E+07 0.271870E+07 0.230989E+07 0.231452E+07
    6.3250 0.161764E+07 0.119679E+07 0.124206E+07 0.271840E+07 0.230950E+07 0.231629E+07
    6.3375 0.161680E+07 0.119630E+07 0.124456E+07 0.271778E+07 0.230930E+07 0.231829E+07
    6.3500 0.161560E+07 0.119617E+07 0.124724E+07 0.271690E+07 0.230926E+07 0.232051E+07
    6.3625 0.161409E+07 0.119633E+07 0.125007E+07 0.271581E+07 0.230932E+07 0.232294E+07
    6.3750 0.161232E+07 0.119673E+07 0.125306E+07 0.271457E+07 0.230944E+07 0.232554E+07
    6.3875 0.161035E+07 0.119730E+07 0.125618E+07 0.271325E+07 0.230957E+07 0.232828E+07
    6.4000 0.160825E+07 0.119800E+07 0.125941E+07 0.271192E+07 0.230967E+07 0.233112E+07
    6.4125 0.160609E+07 0.119876E+07 0.126272E+07 0.271064E+07 0.230970E+07 0.233401E+07
    6.4250 0.160392E+07 0.119955E+07 0.126609E+07 0.270948E+07 0.230962E+07 0.233690E+07
    6.4375 0.160181E+07 0.120032E+07 0.126947E+07 0.270849E+07 0.230942E+07 0.233974E+07
    6.4500 0.159980E+07 0.120105E+07 0.127283E+07 0.270771E+07 0.230908E+07 0.234250E+07
    6.4625 0.159794E+07 0.120173E+07 0.127614E+07 0.270719E+07 0.230861E+07 0.234511E+07
    6.4750 0.159624E+07 0.120235E+07 0.127936E+07 0.270693E+07 0.230801E+07 0.234755E+07
    6.4875 0.159473E+07 0.120293E+07 0.128246E+07 0.270695E+07 0.230730E+07 0.234979E+07
    6.5000 0.159340E+07 0.120348E+07 0.128541E+07 0.270724E+07 0.230651E+07 0.235180E+07
    6.5125 0.159224E+07 0.120404E+07 0.128820E+07 0.270778E+07 0.230567E+07 0.235357E+07
    6.5250 0.159124E+07 0.120464E+07 0.129081E+07 0.270853E+07 0.230481E+07 0.235509E+07
    6.5375 0.159035E+07 0.120532E+07 0.129324E+07 0.270945E+07 0.230398E+07 0.235639E+07
    6.5500 0.158954E+07 0.120613E+07 0.129548E+07 0.271048E+07 0.230323E+07 0.235747E+07
    6.5625 0.158875E+07 0.120712E+07 0.129757E+07 0.271157E+07 0.230260E+07 0.235837E+07
    6.5750 0.158794E+07 0.120832E+07 0.129949E+07 0.271264E+07 0.230212E+07 0.235911E+07
    6.5875 0.158706E+07 0.120977E+07 0.130130E+07 0.271364E+07 0.230185E+07 0.235975E+07
    6.6000 0.158605E+07 0.121150E+07 0.130300E+07 0.271450E+07 0.230180E+07 0.236031E+07
    6.6125 0.158486E+07 0.121354E+07 0.130464E+07 0.271517E+07 0.230200E+07 0.236085E+07
    6.6250 0.158347E+07 0.121589E+07 0.130624E+07 0.271560E+07 0.230247E+07 0.236140E+07
    6.6375 0.158183E+07 0.121856E+07 0.130785E+07 0.271574E+07 0.230321E+07 0.236201E+07
    6.6500 0.157993E+07 0.122152E+07 0.130948E+07 0.271557E+07 0.230423E+07 0.236272E+07
    6.6625 0.157777E+07 0.122477E+07 0.131118E+07 0.271508E+07 0.230552E+07 0.236354E+07
    6.6750 0.157535E+07 0.122827E+07 0.131296E+07 0.271426E+07 0.230705E+07 0.236450E+07
    6.6875 0.157268E+07 0.123198E+07 0.131483E+07 0.271311E+07 0.230882E+07 0.236561E+07
    6.7000 0.156981E+07 0.123586E+07 0.131681E+07 0.271166E+07 0.231079E+07 0.236687E+07
    6.7125 0.156675E+07 0.123985E+07 0.131889E+07 0.270994E+07 0.231293E+07 0.236828E+07
    6.7250 0.156358E+07 0.124391E+07 0.132106E+07 0.270800E+07 0.231521E+07 0.236981E+07
    6.7375 0.156034E+07 0.124798E+07 0.132330E+07 0.270587E+07 0.231760E+07 0.237144E+07
    6.7500 0.155709E+07 0.125201E+07 0.132558E+07 0.270363E+07 0.232005E+07 0.237313E+07
    6.7625 0.155390E+07 0.125597E+07 0.132786E+07 0.270132E+07 0.232254E+07 0.237484E+07
    6.7750 0.155083E+07 0.125980E+07 0.133011E+07 0.269902E+07 0.232503E+07 0.237652E+07
    6.7875 0.154795E+07 0.126349E+07 0.133226E+07 0.269677E+07 0.232750E+07 0.237814E+07
    6.8000 0.154530E+07 0.126701E+07 0.133429E+07 0.269464E+07 0.232993E+07 0.237964E+07
    6.8125 0.154293E+07 0.127034E+07 0.133613E+07 0.269267E+07 0.233229E+07 0.238098E+07
    6.8250 0.154089E+07 0.127348E+07 0.133774E+07 0.269090E+07 0.233458E+07 0.238213E+07
    6.8375 0.153919E+07 0.127644E+07 0.133908E+07 0.268937E+07 0.233679E+07 0.238304E+07
    6.8500 0.153785E+07 0.127922E+07 0.134012E+07 0.268809E+07 0.233891E+07 0.238370E+07
    6.8625 0.153688E+07 0.128185E+07 0.134082E+07 0.268706E+07 0.234094E+07 0.238410E+07
    6.8750 0.153626E+07 0.128435E+07 0.134117E+07 0.268630E+07 0.234290E+07 0.238422E+07
    6.8875 0.153596E+07 0.128676E+07 0.134117E+07 0.268577E+07 0.234478E+07 0.238406E+07
    6.9000 0.153596E+07 0.128910E+07 0.134082E+07 0.268547E+07 0.234661E+07 0.238366E+07
    6.9125 0.153621E+07 0.129140E+07 0.134014E+07 0.268534E+07 0.234840E+07 0.238303E+07
    6.9250 0.153666E+07 0.129370E+07 0.133915E+07 0.268536E+07 0.235015E+07 0.238220E+07
    6.9375 0.153724E+07 0.129602E+07 0.133790E+07 0.268548E+07 0.235188E+07 0.238122E+07
    6.9500 0.153791E+07 0.129840E+07 0.133642E+07 0.268565E+07 0.235360E+07 0.238013E+07
    6.9625 0.153860E+07 0.130083E+07 0.133477E+07 0.268581E+07 0.235532E+07 0.237897E+07
    6.9750 0.153926E+07 0.130335E+07 0.133300E+07 0.268593E+07 0.235705E+07 0.237779E+07
    6.9875 0.153983E+07 0.130595E+07 0.133116E+07 0.268596E+07 0.235880E+07 0.237665E+07
    7.0000 0.154027E+07 0.130864E+07 0.132930E+07 0.268587E+07 0.236057E+07 0.237556E+07
    7.0125 0.154055E+07 0.131139E+07 0.132748E+07 0.268562E+07 0.236235E+07 0.237459E+07
    7.0250 0.154064E+07 0.131421E+07 0.132573E+07 0.268519E+07 0.236415E+07 0.237374E+07
    7.0375 0.154053E+07 0.131707E+07 0.132408E+07 0.268458E+07 0.236596E+07 0.237304E+07
    7.0500 0.154022E+07 0.131996E+07 0.132256E+07 0.268379E+07 0.236777E+07 0.237250E+07
    7.0625 0.153971E+07 0.132283E+07 0.132118E+07 0.268283E+07 0.236958E+07 0.237211E+07
    7.0750 0.153903E+07 0.132567E+07 0.131994E+07 0.268171E+07 0.237136E+07 0.237187E+07
    7.0875 0.153821E+07 0.132844E+07 0.131884E+07 0.268046E+07 0.237311E+07 0.237174E+07
    7.1000 0.153729E+07 0.133113E+07 0.131784E+07 0.267913E+07 0.237482E+07 0.237172E+07
    7.1125 0.153631E+07 0.133369E+07 0.131693E+07 0.267775E+07 0.237647E+07 0.237174E+07
    7.1250 0.153532E+07 0.133611E+07 0.131606E+07 0.267637E+07 0.237805E+07 0.237179E+07
    7.1375 0.153437E+07 0.133836E+07 0.131520E+07 0.267505E+07 0.237956E+07 0.237180E+07
    7.1500 0.153353E+07 0.134043E+07 0.131429E+07 0.267382E+07 0.238097E+07 0.237173E+07
    7.1625 0.153283E+07 0.134230E+07 0.131329E+07 0.267273E+07 0.238229E+07 0.237153E+07
    7.1750 0.153233E+07 0.134397E+07 0.131215E+07 0.267183E+07 0.238350E+07 0.237117E+07
    7.1875 0.153206E+07 0.134542E+07 0.131084E+07 0.267114E+07 0.238460E+07 0.237060E+07
    7.2000 0.153205E+07 0.134666E+07 0.130931E+07 0.267071E+07 0.238558E+07 0.236981E+07
    7.2125 0.153233E+07 0.134768E+07 0.130754E+07 0.267054E+07 0.238646E+07 0.236875E+07
    7.2250 0.153291E+07 0.134849E+07 0.130552E+07 0.267065E+07 0.238721E+07 0.236744E+07
    7.2375 0.153379E+07 0.134909E+07 0.130323E+07 0.267103E+07 0.238786E+07 0.236586E+07
    7.2500 0.153497E+07 0.134950E+07 0.130068E+07 0.267168E+07 0.238840E+07 0.236403E+07
    7.2625 0.153641E+07 0.134972E+07 0.129788E+07 0.267256E+07 0.238884E+07 0.236197E+07
    7.2750 0.153810E+07 0.134976E+07 0.129486E+07 0.267366E+07 0.238918E+07 0.235970E+07
    7.2875 0.154000E+07 0.134963E+07 0.129166E+07 0.267493E+07 0.238944E+07 0.235727E+07
    7.3000 0.154207E+07 0.134934E+07 0.128832E+07 0.267633E+07 0.238963E+07 0.235472E+07
    7.3125 0.154425E+07 0.134890E+07 0.128488E+07 0.267782E+07 0.238976E+07 0.235210E+07
    7.3250 0.154651E+07 0.134832E+07 0.128140E+07 0.267934E+07 0.238984E+07 0.234945E+07
    7.3375 0.154879E+07 0.134761E+07 0.127793E+07 0.268085E+07 0.238989E+07 0.234683E+07
    7.3500 0.155105E+07 0.134676E+07 0.127453E+07 0.268230E+07 0.238992E+07 0.234427E+07
    7.3625 0.155324E+07 0.134580E+07 0.127125E+07 0.268366E+07 0.238993E+07 0.234182E+07
    7.3750 0.155532E+07 0.134472E+07 0.126812E+07 0.268488E+07 0.238995E+07 0.233952E+07
    7.3875 0.155727E+07 0.134353E+07 0.126519E+07 0.268593E+07 0.238999E+07 0.233738E+07
    7.4000 0.155905E+07 0.134224E+07 0.126249E+07 0.268681E+07 0.239005E+07 0.233542E+07
    7.4125 0.156065E+07 0.134084E+07 0.126002E+07 0.268749E+07 0.239014E+07 0.233365E+07
    7.4250 0.156207E+07 0.133935E+07 0.125781E+07 0.268798E+07 0.239028E+07 0.233207E+07
    7.4375 0.156331E+07 0.133778E+07 0.125584E+07 0.268829E+07 0.239046E+07 0.233067E+07
    7.4500 0.156438E+07 0.133612E+07 0.125410E+07 0.268842E+07 0.239069E+07 0.232942E+07
    7.4625 0.156531E+07 0.133439E+07 0.125256E+07 0.268841E+07 0.239097E+07 0.232830E+07
    7.4750 0.156611E+07 0.133259E+07 0.125120E+07 0.268828E+07 0.239128E+07 0.232728E+07
    7.4875 0.156682E+07 0.133072E+07 0.124998E+07 0.268808E+07 0.239164E+07 0.232632E+07
    7.5000 0.156747E+07 0.132880E+07 0.124885E+07 0.268783E+07 0.239202E+07 0.232540E+07
    7.5125 0.156810E+07 0.132684E+07 0.124778E+07 0.268758E+07 0.239242E+07 0.232447E+07
    7.5250 0.156876E+07 0.132482E+07 0.124670E+07 0.268737E+07 0.239281E+07 0.232350E+07
    7.5375 0.156947E+07 0.132277E+07 0.124559E+07 0.268725E+07 0.239318E+07 0.232247E+07
    7.5500 0.157027E+07 0.132068E+07 0.124441E+07 0.268724E+07 0.239351E+07 0.232135E+07
    7.5625 0.157119E+07 0.131856E+07 0.124312E+07 0.268738E+07 0.239379E+07 0.232012E+07
    7.5750 0.157225E+07 0.131641E+07 0.124170E+07 0.268770E+07 0.239399E+07 0.231877E+07
    7.5875 0.157347E+07 0.131423E+07 0.124014E+07 0.268820E+07 0.239410E+07 0.231731E+07
    7.6000 0.157485E+07 0.131203E+07 0.123844E+07 0.268891E+07 0.239409E+07 0.231573E+07
    7.6125 0.157639E+07 0.130979E+07 0.123660E+07 0.268982E+07 0.239395E+07 0.231406E+07
    7.6250 0.157808E+07 0.130753E+07 0.123464E+07 0.269092E+07 0.239367E+07 0.231231E+07
    7.6375 0.157992E+07 0.130523E+07 0.123259E+07 0.269220E+07 0.239325E+07 0.231050E+07
    7.6500 0.158187E+07 0.130292E+07 0.123047E+07 0.269363E+07 0.239269E+07 0.230868E+07
    7.6625 0.158390E+07 0.130058E+07 0.122833E+07 0.269518E+07 0.239198E+07 0.230687E+07
    7.6750 0.158599E+07 0.129822E+07 0.122621E+07 0.269681E+07 0.239112E+07 0.230511E+07
    7.6875 0.158808E+07 0.129585E+07 0.122415E+07 0.269848E+07 0.239013E+07 0.230344E+07
    7.7000 0.159016E+07 0.129348E+07 0.122220E+07 0.270013E+07 0.238903E+07 0.230188E+07
    7.7125 0.159217E+07 0.129111E+07 0.122039E+07 0.270173E+07 0.238781E+07 0.230047E+07
    7.7250 0.159407E+07 0.128876E+07 0.121878E+07 0.270322E+07 0.238652E+07 0.229923E+07
    7.7375 0.159583E+07 0.128644E+07 0.121738E+07 0.270458E+07 0.238516E+07 0.229818E+07
    7.7500 0.159742E+07 0.128417E+07 0.121622E+07 0.270579E+07 0.238376E+07 0.229733E+07
    7.7625 0.159879E+07 0.128197E+07 0.121532E+07 0.270683E+07 0.238235E+07 0.229668E+07
    7.7750 0.159992E+07 0.127985E+07 0.121467E+07 0.270769E+07 0.238094E+07 0.229624E+07
    7.7875 0.160081E+07 0.127783E+07 0.121428E+07 0.270836E+07 0.237956E+07 0.229599E+07
    7.8000 0.160144E+07 0.127593E+07 0.121414E+07 0.270884E+07 0.237822E+07 0.229592E+07
    7.8125 0.160182E+07 0.127416E+07 0.121421E+07 0.270916E+07 0.237695E+07 0.229601E+07
    7.8250 0.160196E+07 0.127255E+07 0.121449E+07 0.270931E+07 0.237575E+07 0.229624E+07
    7.8375 0.160189E+07 0.127109E+07 0.121492E+07 0.270933E+07 0.237464E+07 0.229657E+07
    7.8500 0.160164E+07 0.126980E+07 0.121549E+07 0.270922E+07 0.237362E+07 0.229699E+07
    7.8625 0.160123E+07 0.126867E+07 0.121614E+07 0.270903E+07 0.237269E+07 0.229745E+07
    7.8750 0.160071E+07 0.126771E+07 0.121685E+07 0.270878E+07 0.237185E+07 0.229794E+07
    7.8875 0.160011E+07 0.126691E+07 0.121759E+07 0.270849E+07 0.237108E+07 0.229842E+07
    7.9000 0.159948E+07 0.126627E+07 0.121831E+07 0.270822E+07 0.237038E+07 0.229887E+07
    7.9125 0.159884E+07 0.126576E+07 0.121900E+07 0.270798E+07 0.236972E+07 0.229927E+07
    7.9250 0.159822E+07 0.126537E+07 0.121964E+07 0.270780E+07 0.236910E+07 0.229961E+07
    7.9375 0.159766E+07 0.126508E+07 0.122021E+07 0.270772E+07 0.236848E+07 0.229987E+07
    7.9500 0.159717E+07 0.126486E+07 0.122072E+07 0.270774E+07 0.236785E+07 0.230006E+07
    7.9625 0.159677E+07 0.126471E+07 0.122116E+07 0.270790E+07 0.236720E+07 0.230018E+07
    7.9750 0.159648E+07 0.126458E+07 0.122155E+07 0.270818E+07 0.236650E+07 0.230023E+07
    7.9875 0.159629E+07 0.126447E+07 0.122190E+07 0.270860E+07 0.236575E+07 0.230022E+07
    8.0000 0.159619E+07 0.126435E+07 0.122223E+07 0.270916E+07 0.236493E+07 0.230018E+07
    8.0125 0.159618E+07 0.126421E+07 0.122257E+07 0.270983E+07 0.236405E+07 0.230011E+07
    8.0250 0.159623E+07 0.126404E+07 0.122294E+07 0.271060E+07 0.236310E+07 0.230005E+07
    8.0375 0.159634E+07 0.126384E+07 0.122338E+07 0.271145E+07 0.236210E+07 0.230001E+07
    8.0500 0.159646E+07 0.126360E+07 0.122392E+07 0.271236E+07 0.236104E+07 0.230001E+07
    8.0625 0.159656E+07 0.126332E+07 0.122456E+07 0.271330E+07 0.235996E+07 0.230008E+07
    8.0750 0.159663E+07 0.126302E+07 0.122535E+07 0.271424E+07 0.235886E+07 0.230022E+07
    8.0875 0.159663E+07 0.126270E+07 0.122629E+07 0.271515E+07 0.235777E+07 0.230044E+07
    8.1000 0.159654E+07 0.126239E+07 0.122739E+07 0.271601E+07 0.235671E+07 0.230077E+07
    8.1125 0.159632E+07 0.126211E+07 0.122867E+07 0.271680E+07 0.235570E+07 0.230120E+07
    8.1250 0.159597E+07 0.126187E+07 0.123011E+07 0.271749E+07 0.235476E+07 0.230173E+07
    8.1375 0.159546E+07 0.126170E+07 0.123172E+07 0.271806E+07 0.235392E+07 0.230236E+07
    8.1500 0.159480E+07 0.126163E+07 0.123346E+07 0.271849E+07 0.235319E+07 0.230308E+07
    8.1625 0.159398E+07 0.126167E+07 0.123534E+07 0.271879E+07 0.235261E+07 0.230390E+07
    8.1750 0.159300E+07 0.126184E+07 0.123732E+07 0.271893E+07 0.235217E+07 0.230480E+07
    8.1875 0.159188E+07 0.126215E+07 0.123938E+07 0.271891E+07 0.235189E+07 0.230578E+07
    8.2000 0.159064E+07 0.126263E+07 0.124148E+07 0.271876E+07 0.235177E+07 0.230681E+07
    8.2125 0.158928E+07 0.126326E+07 0.124361E+07 0.271846E+07 0.235181E+07 0.230790E+07
    8.2250 0.158785E+07 0.126406E+07 0.124573E+07 0.271805E+07 0.235200E+07 0.230903E+07
    8.2375 0.158636E+07 0.126501E+07 0.124781E+07 0.271754E+07 0.235232E+07 0.231018E+07
    8.2500 0.158485E+07 0.126610E+07 0.124983E+07 0.271696E+07 0.235276E+07 0.231136E+07
    8.2625 0.158335E+07 0.126732E+07 0.125178E+07 0.271634E+07 0.235328E+07 0.231254E+07
    8.2750 0.158189E+07 0.126865E+07 0.125363E+07 0.271572E+07 0.235385E+07 0.231372E+07
    8.2875 0.158050E+07 0.127005E+07 0.125538E+07 0.271514E+07 0.235444E+07 0.231488E+07
    8.3000 0.157920E+07 0.127150E+07 0.125701E+07 0.271462E+07 0.235502E+07 0.231602E+07
    8.3125 0.157802E+07 0.127298E+07 0.125853E+07 0.271421E+07 0.235555E+07 0.231713E+07
    8.3250 0.157698E+07 0.127445E+07 0.125995E+07 0.271394E+07 0.235600E+07 0.231820E+07
    8.3375 0.157609E+07 0.127589E+07 0.126126E+07 0.271382E+07 0.235634E+07 0.231923E+07
    8.3500 0.157536E+07 0.127726E+07 0.126248E+07 0.271388E+07 0.235654E+07 0.232021E+07
    8.3625 0.157480E+07 0.127856E+07 0.126363E+07 0.271413E+07 0.235660E+07 0.232116E+07
    8.3750 0.157440E+07 0.127977E+07 0.126471E+07 0.271457E+07 0.235649E+07 0.232205E+07
    8.3875 0.157416E+07 0.128087E+07 0.126575E+07 0.271520E+07 0.235623E+07 0.232291E+07
    8.4000 0.157406E+07 0.128186E+07 0.126675E+07 0.271600E+07 0.235582E+07 0.232373E+07
    8.4125 0.157409E+07 0.128274E+07 0.126774E+07 0.271696E+07 0.235526E+07 0.232452E+07
    8.4250 0.157423E+07 0.128352E+07 0.126872E+07 0.271804E+07 0.235458E+07 0.232530E+07
    8.4375 0.157446E+07 0.128422E+07 0.126971E+07 0.271923E+07 0.235379E+07 0.232605E+07
    8.4500 0.157475E+07 0.128484E+07 0.127070E+07 0.272048E+07 0.235294E+07 0.232680E+07
    8.4625 0.157509E+07 0.128541E+07 0.127171E+07 0.272177E+07 0.235204E+07 0.232755E+07
    8.4750 0.157546E+07 0.128596E+07 0.127273E+07 0.272306E+07 0.235113E+07 0.232830E+07
    8.4875 0.157583E+07 0.128649E+07 0.127376E+07 0.272432E+07 0.235024E+07 0.232907E+07
    8.5000 0.157618E+07 0.128705E+07 0.127479E+07 0.272552E+07 0.234939E+07 0.232985E+07
    8.5125 0.157650E+07 0.128764E+07 0.127582E+07 0.272663E+07 0.234861E+07 0.233066E+07
    8.5250 0.157678E+07 0.128829E+07 0.127684E+07 0.272763E+07 0.234791E+07 0.233148E+07
    8.5375 0.157700E+07 0.128902E+07 0.127784E+07 0.272852E+07 0.234732E+07 0.233234E+07
    8.5500 0.157717E+07 0.128984E+07 0.127881E+07 0.272928E+07 0.234683E+07 0.233321E+07
    8.5625 0.157727E+07 0.129074E+07 0.127975E+07 0.272992E+07 0.234646E+07 0.233412E+07
    8.5750 0.157733E+07 0.129173E+07 0.128065E+07 0.273043E+07 0.234619E+07 0.233504E+07
    8.5875 0.157734E+07 0.129281E+07 0.128150E+07 0.273084E+07 0.234602E+07 0.233598E+07
    8.6000 0.157732E+07 0.129395E+07 0.128229E+07 0.273116E+07 0.234593E+07 0.233694E+07
    8.6125 0.157729E+07 0.129514E+07 0.128303E+07 0.273141E+07 0.234591E+07 0.233791E+07
    8.6250 0.157726E+07 0.129636E+07 0.128371E+07 0.273161E+07 0.234592E+07 0.233888E+07
    8.6375 0.157728E+07 0.129757E+07 0.128433E+07 0.273181E+07 0.234595E+07 0.233984E+07
    8.6500 0.157736E+07 0.129873E+07 0.128488E+07 0.273202E+07 0.234596E+07 0.234079E+07
    8.6625 0.157753E+07 0.129983E+07 0.128537E+07 0.273228E+07 0.234594E+07 0.234171E+07
    8.6750 0.157782E+07 0.130081E+07 0.128580E+07 0.273262E+07 0.234586E+07 0.234259E+07
    8.6875 0.157827E+07 0.130165E+07 0.128615E+07 0.273306E+07 0.234569E+07 0.234343E+07
    8.7000 0.157889E+07 0.130231E+07 0.128643E+07 0.273362E+07 0.234543E+07 0.234420E+07
    8.7125 0.157970E+07 0.130278E+07 0.128664E+07 0.273433E+07 0.234504E+07 0.234490E+07
    8.7250 0.158074E+07 0.130302E+07 0.128678E+07 0.273521E+07 0.234454E+07 0.234552E+07
    8.7375 0.158199E+07 0.130304E+07 0.128684E+07 0.273624E+07 0.234391E+07 0.234604E+07
    8.7500 0.158347E+07 0.130282E+07 0.128681E+07 0.273745E+07 0.234316E+07 0.234647E+07
    8.7625 0.158517E+07 0.130237E+07 0.128671E+07 0.273881E+07 0.234230E+07 0.234680E+07
    8.7750 0.158708E+07 0.130169E+07 0.128653E+07 0.274031E+07 0.234134E+07 0.234703E+07
    8.7875 0.158919E+07 0.130081E+07 0.128627E+07 0.274194E+07 0.234032E+07 0.234716E+07
    8.8000 0.159147E+07 0.129975E+07 0.128593E+07 0.274366E+07 0.233923E+07 0.234719E+07
    8.8125 0.159389E+07 0.129854E+07 0.128551E+07 0.274546E+07 0.233812E+07 0.234713E+07
    8.8250 0.159641E+07 0.129720E+07 0.128502E+07 0.274731E+07 0.233700E+07 0.234699E+07
    8.8375 0.159902E+07 0.129578E+07 0.128447E+07 0.274917E+07 0.233590E+07 0.234678E+07
    8.8500 0.160166E+07 0.129431E+07 0.128385E+07 0.275101E+07 0.233483E+07 0.234652E+07
    8.8625 0.160431E+07 0.129281E+07 0.128319E+07 0.275281E+07 0.233382E+07 0.234621E+07
    8.8750 0.160693E+07 0.129133E+07 0.128247E+07 0.275454E+07 0.233288E+07 0.234587E+07
    8.8875 0.160948E+07 0.128988E+07 0.128173E+07 0.275618E+07 0.233203E+07 0.234551E+07
    8.9000 0.161196E+07 0.128848E+07 0.128096E+07 0.275771E+07 0.233126E+07 0.234516E+07
    8.9125 0.161432E+07 0.128715E+07 0.128018E+07 0.275912E+07 0.233059E+07 0.234482E+07
    8.9250 0.161657E+07 0.128590E+07 0.127939E+07 0.276039E+07 0.233000E+07 0.234450E+07
    8.9375 0.161869E+07 0.128472E+07 0.127861E+07 0.276152E+07 0.232950E+07 0.234422E+07
    8.9500 0.162068E+07 0.128361E+07 0.127785E+07 0.276251E+07 0.232906E+07 0.234399E+07
    8.9625 0.162254E+07 0.128256E+07 0.127711E+07 0.276338E+07 0.232869E+07 0.234380E+07
    8.9750 0.162428E+07 0.128154E+07 0.127641E+07 0.276413E+07 0.232835E+07 0.234367E+07
    8.9875 0.162593E+07 0.128054E+07 0.127573E+07 0.276479E+07 0.232803E+07 0.234359E+07
    9.0000 0.162750E+07 0.127954E+07 0.127510E+07 0.276536E+07 0.232771E+07 0.234355E+07
    9.0125 0.162902E+07 0.127850E+07 0.127449E+07 0.276588E+07 0.232737E+07 0.234356E+07
    9.0250 0.163051E+07 0.127740E+07 0.127392E+07 0.276638E+07 0.232699E+07 0.234358E+07
    9.0375 0.163199E+07 0.127623E+07 0.127337E+07 0.276687E+07 0.232655E+07 0.234362E+07
    9.0500 0.163351E+07 0.127495E+07 0.127283E+07 0.276739E+07 0.232605E+07 0.234366E+07
    9.0625 0.163507E+07 0.127355E+07 0.127229E+07 0.276795E+07 0.232546E+07 0.234368E+07
    9.0750 0.163670E+07 0.127203E+07 0.127174E+07 0.276858E+07 0.232480E+07 0.234365E+07
    9.0875 0.163842E+07 0.127036E+07 0.127116E+07 0.276930E+07 0.232404E+07 0.234357E+07
    9.1000 0.164025E+07 0.126856E+07 0.127055E+07 0.277011E+07 0.232320E+07 0.234342E+07
    9.1125 0.164219E+07 0.126663E+07 0.126989E+07 0.277102E+07 0.232228E+07 0.234318E+07
    9.1250 0.164423E+07 0.126458E+07 0.126916E+07 0.277205E+07 0.232128E+07 0.234284E+07
    9.1375 0.164638E+07 0.126243E+07 0.126836E+07 0.277319E+07 0.232023E+07 0.234238E+07
    9.1500 0.164862E+07 0.126019E+07 0.126749E+07 0.277442E+07 0.231915E+07 0.234181E+07
    9.1625 0.165094E+07 0.125790E+07 0.126653E+07 0.277574E+07 0.231803E+07 0.234111E+07
    9.1750 0.165330E+07 0.125557E+07 0.126549E+07 0.277714E+07 0.231692E+07 0.234029E+07
    9.1875 0.165570E+07 0.125325E+07 0.126438E+07 0.277859E+07 0.231582E+07 0.233935E+07
    9.2000 0.165809E+07 0.125095E+07 0.126320E+07 0.278008E+07 0.231474E+07 0.233830E+07
    9.2125 0.166044E+07 0.124870E+07 0.126197E+07 0.278157E+07 0.231372E+07 0.233716E+07
    9.2250 0.166273E+07 0.124653E+07 0.126069E+07 0.278306E+07 0.231276E+07 0.233593E+07
    9.2375 0.166492E+07 0.124445E+07 0.125940E+07 0.278451E+07 0.231188E+07 0.233465E+07
    9.2500 0.166699E+07 0.124249E+07 0.125810E+07 0.278590E+07 0.231108E+07 0.233332E+07
    9.2625 0.166891E+07 0.124064E+07 0.125682E+07 0.278721E+07 0.231037E+07 0.233198E+07
    9.2750 0.167066E+07 0.123892E+07 0.125558E+07 0.278843E+07 0.230975E+07 0.233064E+07
    9.2875 0.167221E+07 0.123733E+07 0.125440E+07 0.278953E+07 0.230923E+07 0.232932E+07
    9.3000 0.167357E+07 0.123586E+07 0.125329E+07 0.279051E+07 0.230880E+07 0.232803E+07
    9.3125 0.167472E+07 0.123451E+07 0.125229E+07 0.279137E+07 0.230845E+07 0.232680E+07
    9.3250 0.167567E+07 0.123327E+07 0.125139E+07 0.279211E+07 0.230818E+07 0.232563E+07
    9.3375 0.167642E+07 0.123211E+07 0.125061E+07 0.279273E+07 0.230798E+07 0.232453E+07
    9.3500 0.167698E+07 0.123104E+07 0.124996E+07 0.279323E+07 0.230784E+07 0.232350E+07
    9.3625 0.167736E+07 0.123002E+07 0.124943E+07 0.279364E+07 0.230776E+07 0.232253E+07
    9.3750 0.167759E+07 0.122905E+07 0.124902E+07 0.279396E+07 0.230772E+07 0.232161E+07
    9.3875 0.167769E+07 0.122811E+07 0.124871E+07 0.279421E+07 0.230772E+07 0.232075E+07
    9.4000 0.167769E+07 0.122718E+07 0.124851E+07 0.279441E+07 0.230776E+07 0.231992E+07
    9.4125 0.167760E+07 0.122627E+07 0.124838E+07 0.279456E+07 0.230784E+07 0.231911E+07
    9.4250 0.167745E+07 0.122536E+07 0.124831E+07 0.279468E+07 0.230795E+07 0.231831E+07
    9.4375 0.167727E+07 0.122446E+07 0.124828E+07 0.279478E+07 0.230811E+07 0.231750E+07
    9.4500 0.167708E+07 0.122355E+07 0.124826E+07 0.279486E+07 0.230832E+07 0.231667E+07
    9.4625 0.167690E+07 0.122266E+07 0.124823E+07 0.279495E+07 0.230858E+07 0.231580E+07
    9.4750 0.167674E+07 0.122178E+07 0.124817E+07 0.279502E+07 0.230891E+07 0.231490E+07
    9.4875 0.167662E+07 0.122093E+07 0.124805E+07 0.279510E+07 0.230931E+07 0.231394E+07
    9.5000 0.167653E+07 0.122013E+07 0.124786E+07 0.279516E+07 0.230979E+07 0.231294E+07
    9.5125 0.167649E+07 0.121938E+07 0.124758E+07 0.279521E+07 0.231035E+07 0.231189E+07
    9.5250 0.167649E+07 0.121870E+07 0.124721E+07 0.279524E+07 0.231101E+07 0.231079E+07
    9.5375 0.167653E+07 0.121811E+07 0.124673E+07 0.279525E+07 0.231177E+07 0.230964E+07
    9.5500 0.167660E+07 0.121762E+07 0.124614E+07 0.279522E+07 0.231262E+07 0.230847E+07
    9.5625 0.167669E+07 0.121725E+07 0.124545E+07 0.279514E+07 0.231356E+07 0.230728E+07
    9.5750 0.167677E+07 0.121701E+07 0.124468E+07 0.279501E+07 0.231460E+07 0.230607E+07
    9.5875 0.167685E+07 0.121690E+07 0.124382E+07 0.279483E+07 0.231571E+07 0.230488E+07
    9.6000 0.167689E+07 0.121693E+07 0.124290E+07 0.279459E+07 0.231690E+07 0.230370E+07
    9.6125 0.167689E+07 0.121711E+07 0.124194E+07 0.279428E+07 0.231815E+07 0.230256E+07
    9.6250 0.167683E+07 0.121743E+07 0.124095E+07 0.279391E+07 0.231945E+07 0.230147E+07
    9.6375 0.167669E+07 0.121789E+07 0.123997E+07 0.279347E+07 0.232079E+07 0.230044E+07
    9.6500 0.167647E+07 0.121849E+07 0.123901E+07 0.279297E+07 0.232215E+07 0.229947E+07
    9.6625 0.167616E+07 0.121922E+07 0.123809E+07 0.279240E+07 0.232352E+07 0.229858E+07
    9.6750 0.167574E+07 0.122007E+07 0.123722E+07 0.279179E+07 0.232489E+07 0.229777E+07
    9.6875 0.167522E+07 0.122103E+07 0.123644E+07 0.279112E+07 0.232626E+07 0.229705E+07
    9.7000 0.167459E+07 0.122209E+07 0.123573E+07 0.279042E+07 0.232760E+07 0.229640E+07
    9.7125 0.167387E+07 0.122325E+07 0.123512E+07 0.278968E+07 0.232893E+07 0.229583E+07
    9.7250 0.167306E+07 0.122449E+07 0.123459E+07 0.278893E+07 0.233023E+07 0.229533E+07
    9.7375 0.167216E+07 0.122581E+07 0.123415E+07 0.278816E+07 0.233149E+07 0.229488E+07
    9.7500 0.167119E+07 0.122722E+07 0.123379E+07 0.278741E+07 0.233273E+07 0.229448E+07
    9.7625 0.167015E+07 0.122869E+07 0.123349E+07 0.278666E+07 0.233393E+07 0.229410E+07
    9.7750 0.166906E+07 0.123025E+07 0.123325E+07 0.278595E+07 0.233511E+07 0.229374E+07
    9.7875 0.166793E+07 0.123189E+07 0.123305E+07 0.278527E+07 0.233626E+07 0.229338E+07
    9.8000 0.166677E+07 0.123361E+07 0.123286E+07 0.278464E+07 0.233739E+07 0.229301E+07
    9.8125 0.166558E+07 0.123542E+07 0.123268E+07 0.278406E+07 0.233850E+07 0.229260E+07
    9.8250 0.166437E+07 0.123734E+07 0.123250E+07 0.278354E+07 0.233959E+07 0.229215E+07
    9.8375 0.166314E+07 0.123936E+07 0.123228E+07 0.278309E+07 0.234069E+07 0.229165E+07
    9.8500 0.166190E+07 0.124150E+07 0.123204E+07 0.278270E+07 0.234178E+07 0.229110E+07
    9.8625 0.166065E+07 0.124375E+07 0.123175E+07 0.278238E+07 0.234286E+07 0.229049E+07
    9.8750 0.165939E+07 0.124613E+07 0.123142E+07 0.278213E+07 0.234395E+07 0.228982E+07
    9.8875 0.165811E+07 0.124862E+07 0.123104E+07 0.278194E+07 0.234505E+07 0.228910E+07
    9.9000 0.165681E+07 0.125124E+07 0.123062E+07 0.278182E+07 0.234614E+07 0.228833E+07
    9.9125 0.165550E+07 0.125396E+07 0.123016E+07 0.278176E+07 0.234722E+07 0.228752E+07
    9.9250 0.165418E+07 0.125678E+07 0.122967E+07 0.278175E+07 0.234830E+07 0.228668E+07
    9.9375 0.165284E+07 0.125969E+07 0.122916E+07 0.278180E+07 0.234937E+07 0.228582E+07
    9.9500 0.165148E+07 0.126266E+07 0.122864E+07 0.278189E+07 0.235041E+07 0.228496E+07
    9.9625 0.165011E+07 0.126568E+07 0.122813E+07 0.278204E+07 0.235143E+07 0.228411E+07
    9.9750 0.164874E+07 0.126873E+07 0.122763E+07 0.278222E+07 0.235242E+07 0.228328E+07
    9.9875 0.164736E+07 0.127178E+07 0.122716E+07 0.278243E+07 0.235337E+07 0.228248E+07
   10.0000 0.164600E+07 0.127481E+07 0.122673E+07 0.278267E+07 0.235428E+07 0.228173E+07
   10.0125 0.164465E+07 0.127779E+07 0.122634E+07 0.278294E+07 0.235514E+07 0.228103E+07
   10.0250 0.164334E+07 0.128072E+07 0.122600E+07 0.278322E+07 0.235597E+07 0.228039E+07
   10.0375 0.164206E+07 0.128356E+07 0.122571E+07 0.278352E+07 0.235674E+07 0.227982E+07
   10.0500 0.164084E+07 0.128631E+07 0.122547E+07 0.278384E+07 0.235746E+07 0.227932E+07
   10.0625 0.163968E+07 0.128894E+07 0.122529E+07 0.278415E+07 0.235815E+07 0.227890E+07
   10.0750 0.163859E+07 0.129146E+07 0.122514E+07 0.278448E+07 0.235879E+07 0.227854E+07
   10.0875 0.163759E+07 0.129386E+07 0.122504E+07 0.278481E+07 0.235939E+07 0.227825E+07
   10.1000 0.163669E+07 0.129613E+07 0.122496E+07 0.278514E+07 0.235997E+07 0.227803E+07
