Determining if the Fortran sgemm exists failed with the following output:
Change Dir: /home/mertzb/Documents/Current_WT_Codes/Gerrit_WEIS/WEIS-DAC_bb_featuredevelopment/build/temp.linux-x86_64-cpython-38_rosco_openfast/CMakeFiles/CMakeTmp

Run Build Command(s):/home/mertzb/anaconda3/envs/dac_weis-env/bin/make -f Makefile cmTC_f2871/fast && /home/mertzb/anaconda3/envs/dac_weis-env/bin/make  -f CMakeFiles/cmTC_f2871.dir/build.make CMakeFiles/cmTC_f2871.dir/build
make[1]: Entering directory '/home/mertzb/Documents/Current_WT_Codes/Gerrit_WEIS/WEIS-DAC_bb_featuredevelopment/build/temp.linux-x86_64-cpython-38_rosco_openfast/CMakeFiles/CMakeTmp'
Building Fortran object CMakeFiles/cmTC_f2871.dir/testFortranCompiler.f.o
/usr/bin/gfortran   -fpic  -ffree-line-length-none -cpp -fstack-reuse=none  -fPIE -c /home/mertzb/Documents/Current_WT_Codes/Gerrit_WEIS/WEIS-DAC_bb_featuredevelopment/build/temp.linux-x86_64-cpython-38_rosco_openfast/CMakeFiles/CMakeTmp/testFortranCompiler.f -o CMakeFiles/cmTC_f2871.dir/testFortranCompiler.f.o
Linking Fortran executable cmTC_f2871
/home/mertzb/anaconda3/envs/dac_weis-env/bin/cmake -E cmake_link_script CMakeFiles/cmTC_f2871.dir/link.txt --verbose=1
/usr/bin/gfortran  -fpic  -ffree-line-length-none -cpp -fstack-reuse=none  CMakeFiles/cmTC_f2871.dir/testFortranCompiler.f.o -o cmTC_f2871 
CMakeFiles/cmTC_f2871.dir/testFortranCompiler.f.o: In function `MAIN__':
testFortranCompiler.f:(.text+0xa): undefined reference to `sgemm_'
collect2: error: ld returned 1 exit status
make[1]: *** [CMakeFiles/cmTC_f2871.dir/build.make:99: cmTC_f2871] Error 1
make[1]: Leaving directory '/home/mertzb/Documents/Current_WT_Codes/Gerrit_WEIS/WEIS-DAC_bb_featuredevelopment/build/temp.linux-x86_64-cpython-38_rosco_openfast/CMakeFiles/CMakeTmp'
make: *** [Makefile:127: cmTC_f2871/fast] Error 2



Performing C SOURCE FILE Test CMAKE_HAVE_LIBC_PTHREAD failed with the following output:
Change Dir: /home/mertzb/Documents/Current_WT_Codes/Gerrit_WEIS/WEIS-DAC_bb_featuredevelopment/build/temp.linux-x86_64-cpython-38_rosco_openfast/CMakeFiles/CMakeTmp

Run Build Command(s):/home/mertzb/anaconda3/envs/dac_weis-env/bin/make -f Makefile cmTC_11119/fast && /home/mertzb/anaconda3/envs/dac_weis-env/bin/make  -f CMakeFiles/cmTC_11119.dir/build.make CMakeFiles/cmTC_11119.dir/build
make[1]: Entering directory '/home/mertzb/Documents/Current_WT_Codes/Gerrit_WEIS/WEIS-DAC_bb_featuredevelopment/build/temp.linux-x86_64-cpython-38_rosco_openfast/CMakeFiles/CMakeTmp'
Building C object CMakeFiles/cmTC_11119.dir/src.c.o
/usr/bin/cc -DCMAKE_HAVE_LIBC_PTHREAD  -fPIE -o CMakeFiles/cmTC_11119.dir/src.c.o -c /home/mertzb/Documents/Current_WT_Codes/Gerrit_WEIS/WEIS-DAC_bb_featuredevelopment/build/temp.linux-x86_64-cpython-38_rosco_openfast/CMakeFiles/CMakeTmp/src.c
Linking C executable cmTC_11119
/home/mertzb/anaconda3/envs/dac_weis-env/bin/cmake -E cmake_link_script CMakeFiles/cmTC_11119.dir/link.txt --verbose=1
/usr/bin/cc -rdynamic CMakeFiles/cmTC_11119.dir/src.c.o -o cmTC_11119 
CMakeFiles/cmTC_11119.dir/src.c.o: In function `main':
src.c:(.text+0x3e): undefined reference to `pthread_create'
src.c:(.text+0x4a): undefined reference to `pthread_detach'
src.c:(.text+0x56): undefined reference to `pthread_cancel'
src.c:(.text+0x67): undefined reference to `pthread_join'
src.c:(.text+0x7b): undefined reference to `pthread_atfork'
collect2: error: ld returned 1 exit status
make[1]: *** [CMakeFiles/cmTC_11119.dir/build.make:99: cmTC_11119] Error 1
make[1]: Leaving directory '/home/mertzb/Documents/Current_WT_Codes/Gerrit_WEIS/WEIS-DAC_bb_featuredevelopment/build/temp.linux-x86_64-cpython-38_rosco_openfast/CMakeFiles/CMakeTmp'
make: *** [Makefile:127: cmTC_11119/fast] Error 2


Source file was:
#include <pthread.h>

static void* test_func(void* data)
{
  return data;
}

int main(void)
{
  pthread_t thread;
  pthread_create(&thread, NULL, test_func, NULL);
  pthread_detach(thread);
  pthread_cancel(thread);
  pthread_join(thread, NULL);
  pthread_atfork(NULL, NULL, NULL);
  pthread_exit(NULL);

  return 0;
}

Determining if the function pthread_create exists in the pthreads failed with the following output:
Change Dir: /home/mertzb/Documents/Current_WT_Codes/Gerrit_WEIS/WEIS-DAC_bb_featuredevelopment/build/temp.linux-x86_64-cpython-38_rosco_openfast/CMakeFiles/CMakeTmp

Run Build Command(s):/home/mertzb/anaconda3/envs/dac_weis-env/bin/make -f Makefile cmTC_a0ce2/fast && /home/mertzb/anaconda3/envs/dac_weis-env/bin/make  -f CMakeFiles/cmTC_a0ce2.dir/build.make CMakeFiles/cmTC_a0ce2.dir/build
make[1]: Entering directory '/home/mertzb/Documents/Current_WT_Codes/Gerrit_WEIS/WEIS-DAC_bb_featuredevelopment/build/temp.linux-x86_64-cpython-38_rosco_openfast/CMakeFiles/CMakeTmp'
Building C object CMakeFiles/cmTC_a0ce2.dir/CheckFunctionExists.c.o
/usr/bin/cc   -DCHECK_FUNCTION_EXISTS=pthread_create -fPIE -o CMakeFiles/cmTC_a0ce2.dir/CheckFunctionExists.c.o -c /home/mertzb/anaconda3/envs/dac_weis-env/share/cmake-3.23/Modules/CheckFunctionExists.c
Linking C executable cmTC_a0ce2
/home/mertzb/anaconda3/envs/dac_weis-env/bin/cmake -E cmake_link_script CMakeFiles/cmTC_a0ce2.dir/link.txt --verbose=1
/usr/bin/cc  -DCHECK_FUNCTION_EXISTS=pthread_create -rdynamic CMakeFiles/cmTC_a0ce2.dir/CheckFunctionExists.c.o -o cmTC_a0ce2  -lpthreads 
/usr/bin/ld: cannot find -lpthreads
collect2: error: ld returned 1 exit status
make[1]: *** [CMakeFiles/cmTC_a0ce2.dir/build.make:99: cmTC_a0ce2] Error 1
make[1]: Leaving directory '/home/mertzb/Documents/Current_WT_Codes/Gerrit_WEIS/WEIS-DAC_bb_featuredevelopment/build/temp.linux-x86_64-cpython-38_rosco_openfast/CMakeFiles/CMakeTmp'
make: *** [Makefile:127: cmTC_a0ce2/fast] Error 2



Determining if the Fortran cheev exists failed with the following output:
Change Dir: /home/mertzb/Documents/Current_WT_Codes/Gerrit_WEIS/WEIS-DAC_bb_featuredevelopment/build/temp.linux-x86_64-cpython-38_rosco_openfast/CMakeFiles/CMakeTmp

Run Build Command(s):/home/mertzb/anaconda3/envs/dac_weis-env/bin/make -f Makefile cmTC_d0f15/fast && /home/mertzb/anaconda3/envs/dac_weis-env/bin/make  -f CMakeFiles/cmTC_d0f15.dir/build.make CMakeFiles/cmTC_d0f15.dir/build
make[1]: Entering directory '/home/mertzb/Documents/Current_WT_Codes/Gerrit_WEIS/WEIS-DAC_bb_featuredevelopment/build/temp.linux-x86_64-cpython-38_rosco_openfast/CMakeFiles/CMakeTmp'
Building Fortran object CMakeFiles/cmTC_d0f15.dir/testFortranCompiler.f.o
/usr/bin/gfortran   -fpic  -ffree-line-length-none -cpp -fstack-reuse=none  -fPIE -c /home/mertzb/Documents/Current_WT_Codes/Gerrit_WEIS/WEIS-DAC_bb_featuredevelopment/build/temp.linux-x86_64-cpython-38_rosco_openfast/CMakeFiles/CMakeTmp/testFortranCompiler.f -o CMakeFiles/cmTC_d0f15.dir/testFortranCompiler.f.o
Linking Fortran executable cmTC_d0f15
/home/mertzb/anaconda3/envs/dac_weis-env/bin/cmake -E cmake_link_script CMakeFiles/cmTC_d0f15.dir/link.txt --verbose=1
/usr/bin/gfortran  -fpic  -ffree-line-length-none -cpp -fstack-reuse=none  CMakeFiles/cmTC_d0f15.dir/testFortranCompiler.f.o -o cmTC_d0f15  /usr/lib/x86_64-linux-gnu/libblas.so -lpthread -lm -ldl 
CMakeFiles/cmTC_d0f15.dir/testFortranCompiler.f.o: In function `MAIN__':
testFortranCompiler.f:(.text+0xa): undefined reference to `cheev_'
collect2: error: ld returned 1 exit status
make[1]: *** [CMakeFiles/cmTC_d0f15.dir/build.make:100: cmTC_d0f15] Error 1
make[1]: Leaving directory '/home/mertzb/Documents/Current_WT_Codes/Gerrit_WEIS/WEIS-DAC_bb_featuredevelopment/build/temp.linux-x86_64-cpython-38_rosco_openfast/CMakeFiles/CMakeTmp'
make: *** [Makefile:127: cmTC_d0f15/fast] Error 2



Determining if the Fortran cheev exists failed with the following output:
Change Dir: /home/mertzb/Documents/Current_WT_Codes/Gerrit_WEIS/WEIS-DAC_bb_featuredevelopment/build/temp.linux-x86_64-cpython-38_rosco_openfast/CMakeFiles/CMakeTmp

Run Build Command(s):/home/mertzb/anaconda3/envs/dac_weis-env/bin/make -f Makefile cmTC_01087/fast && /home/mertzb/anaconda3/envs/dac_weis-env/bin/make  -f CMakeFiles/cmTC_01087.dir/build.make CMakeFiles/cmTC_01087.dir/build
make[1]: Entering directory '/home/mertzb/Documents/Current_WT_Codes/Gerrit_WEIS/WEIS-DAC_bb_featuredevelopment/build/temp.linux-x86_64-cpython-38_rosco_openfast/CMakeFiles/CMakeTmp'
Building Fortran object CMakeFiles/cmTC_01087.dir/testFortranCompiler.f.o
/usr/bin/gfortran   -fpic  -ffree-line-length-none -cpp -fstack-reuse=none  -fPIE -c /home/mertzb/Documents/Current_WT_Codes/Gerrit_WEIS/WEIS-DAC_bb_featuredevelopment/build/temp.linux-x86_64-cpython-38_rosco_openfast/CMakeFiles/CMakeTmp/testFortranCompiler.f -o CMakeFiles/cmTC_01087.dir/testFortranCompiler.f.o
Linking Fortran executable cmTC_01087
/home/mertzb/anaconda3/envs/dac_weis-env/bin/cmake -E cmake_link_script CMakeFiles/cmTC_01087.dir/link.txt --verbose=1
/usr/bin/gfortran  -fpic  -ffree-line-length-none -cpp -fstack-reuse=none  CMakeFiles/cmTC_01087.dir/testFortranCompiler.f.o -o cmTC_01087  /usr/lib/x86_64-linux-gnu/liblapack.so /usr/lib/x86_64-linux-gnu/libblas.so -fortranlibs 
gfortran: error: unrecognized command line option ‘-fortranlibs’; did you mean ‘-fltrans’?
make[1]: *** [CMakeFiles/cmTC_01087.dir/build.make:101: cmTC_01087] Error 1
make[1]: Leaving directory '/home/mertzb/Documents/Current_WT_Codes/Gerrit_WEIS/WEIS-DAC_bb_featuredevelopment/build/temp.linux-x86_64-cpython-38_rosco_openfast/CMakeFiles/CMakeTmp'
make: *** [Makefile:127: cmTC_01087/fast] Error 2



